{"/home/emin/cafeduo-main/components/ABTest.tsx": {"path":"/home/emin/cafeduo-main/components/ABTest.tsx","statementMap":{"0":{"start":{"line":1,"column":0},"end":{"line":1,"column":51}},"1":{"start":{"line":9,"column":45},"end":{"line":32,"column":1}},"2":{"start":{"line":10,"column":34},"end":{"line":10,"column":66}},"3":{"start":{"line":12,"column":4},"end":{"line":27,"column":19}},"4":{"start":{"line":14,"column":30},"end":{"line":14,"column":73}},"5":{"start":{"line":16,"column":8},"end":{"line":26,"column":9}},"6":{"start":{"line":17,"column":12},"end":{"line":17,"column":38}},"7":{"start":{"line":20,"column":31},"end":{"line":20,"column":62}},"8":{"start":{"line":21,"column":12},"end":{"line":21,"column":68}},"9":{"start":{"line":22,"column":12},"end":{"line":22,"column":35}},"10":{"start":{"line":25,"column":12},"end":{"line":25,"column":86}},"11":{"start":{"line":29,"column":4},"end":{"line":29,"column":30}},"12":{"start":{"line":29,"column":18},"end":{"line":29,"column":30}},"13":{"start":{"line":31,"column":4},"end":{"line":31,"column":56}},"14":{"start":{"line":9,"column":13},"end":{"line":9,"column":45}}},"fnMap":{"0":{"name":"(anonymous_0)","decl":{"start":{"line":9,"column":45},"end":{"line":9,"column":46}},"loc":{"start":{"line":9,"column":82},"end":{"line":32,"column":1}}},"1":{"name":"(anonymous_1)","decl":{"start":{"line":12,"column":14},"end":{"line":12,"column":17}},"loc":{"start":{"line":12,"column":19},"end":{"line":27,"column":5}}}},"branchMap":{"0":{"loc":{"start":{"line":16,"column":8},"end":{"line":26,"column":9}},"type":"if","locations":[{"start":{"line":16,"column":8},"end":{"line":26,"column":9}},{"start":{"line":18,"column":15},"end":{"line":26,"column":9}}]},"1":{"loc":{"start":{"line":16,"column":12},"end":{"line":16,"column":58}},"type":"binary-expr","locations":[{"start":{"line":16,"column":12},"end":{"line":16,"column":33}},{"start":{"line":16,"column":37},"end":{"line":16,"column":58}}]},"2":{"loc":{"start":{"line":20,"column":31},"end":{"line":20,"column":62}},"type":"cond-expr","locations":[{"start":{"line":20,"column":53},"end":{"line":20,"column":56}},{"start":{"line":20,"column":59},"end":{"line":20,"column":62}}]},"3":{"loc":{"start":{"line":29,"column":4},"end":{"line":29,"column":30}},"type":"if","locations":[{"start":{"line":29,"column":4},"end":{"line":29,"column":30}},{"start":{},"end":{}}]},"4":{"loc":{"start":{"line":31,"column":14},"end":{"line":31,"column":51}},"type":"cond-expr","locations":[{"start":{"line":31,"column":32},"end":{"line":31,"column":40}},{"start":{"line":31,"column":43},"end":{"line":31,"column":51}}]}},"s":{"0":0,"1":0,"2":0,"3":0,"4":0,"5":0,"6":0,"7":0,"8":0,"9":0,"10":0,"11":0,"12":0,"13":0,"14":0},"f":{"0":0,"1":0},"b":{"0":[0,0],"1":[0,0],"2":[0,0],"3":[0,0],"4":[0,0]}}
,"/home/emin/cafeduo-main/components/About.tsx": {"path":"/home/emin/cafeduo-main/components/About.tsx","statementMap":{"0":{"start":{"line":1,"column":0},"end":{"line":1,"column":26}},"1":{"start":{"line":2,"column":0},"end":{"line":2,"column":86}},"2":{"start":{"line":4,"column":31},"end":{"line":117,"column":1}},"3":{"start":{"line":5,"column":2},"end":{"line":116,"column":4}},"4":{"start":{"line":4,"column":13},"end":{"line":4,"column":31}}},"fnMap":{"0":{"name":"(anonymous_0)","decl":{"start":{"line":4,"column":31},"end":{"line":4,"column":34}},"loc":{"start":{"line":4,"column":36},"end":{"line":117,"column":1}}}},"branchMap":{},"s":{"0":0,"1":0,"2":0,"3":0,"4":0},"f":{"0":0},"b":{}}
,"/home/emin/cafeduo-main/components/Achievements.tsx": {"path":"/home/emin/cafeduo-main/components/Achievements.tsx","statementMap":{"0":{"start":{"line":1,"column":0},"end":{"line":1,"column":51}},"1":{"start":{"line":2,"column":0},"end":{"line":2,"column":86}},"2":{"start":{"line":18,"column":57},"end":{"line":85,"column":1}},"3":{"start":{"line":19,"column":44},"end":{"line":19,"column":71}},"4":{"start":{"line":20,"column":34},"end":{"line":20,"column":48}},"5":{"start":{"line":22,"column":4},"end":{"line":35,"column":17}},"6":{"start":{"line":23,"column":34},"end":{"line":33,"column":9}},"7":{"start":{"line":24,"column":12},"end":{"line":32,"column":13}},"8":{"start":{"line":25,"column":28},"end":{"line":25,"column":70}},"9":{"start":{"line":26,"column":29},"end":{"line":26,"column":45}},"10":{"start":{"line":27,"column":16},"end":{"line":27,"column":38}},"11":{"start":{"line":29,"column":16},"end":{"line":29,"column":35}},"12":{"start":{"line":31,"column":16},"end":{"line":31,"column":34}},"13":{"start":{"line":34,"column":8},"end":{"line":34,"column":28}},"14":{"start":{"line":37,"column":20},"end":{"line":46,"column":5}},"15":{"start":{"line":38,"column":8},"end":{"line":45,"column":9}},"16":{"start":{"line":39,"column":30},"end":{"line":39,"column":64}},"17":{"start":{"line":40,"column":27},"end":{"line":40,"column":57}},"18":{"start":{"line":41,"column":28},"end":{"line":41,"column":60}},"19":{"start":{"line":42,"column":26},"end":{"line":42,"column":55}},"20":{"start":{"line":43,"column":26},"end":{"line":43,"column":55}},"21":{"start":{"line":44,"column":21},"end":{"line":44,"column":49}},"22":{"start":{"line":48,"column":4},"end":{"line":48,"column":91}},"23":{"start":{"line":48,"column":17},"end":{"line":48,"column":91}},"24":{"start":{"line":50,"column":4},"end":{"line":84,"column":6}},"25":{"start":{"line":53,"column":16},"end":{"line":54,"column":null}},"26":{"start":{"line":18,"column":13},"end":{"line":18,"column":57}}},"fnMap":{"0":{"name":"(anonymous_0)","decl":{"start":{"line":18,"column":57},"end":{"line":18,"column":58}},"loc":{"start":{"line":18,"column":72},"end":{"line":85,"column":1}}},"1":{"name":"(anonymous_1)","decl":{"start":{"line":22,"column":14},"end":{"line":22,"column":17}},"loc":{"start":{"line":22,"column":19},"end":{"line":35,"column":5}}},"2":{"name":"(anonymous_2)","decl":{"start":{"line":23,"column":34},"end":{"line":23,"column":39}},"loc":{"start":{"line":23,"column":45},"end":{"line":33,"column":9}}},"3":{"name":"(anonymous_3)","decl":{"start":{"line":37,"column":20},"end":{"line":37,"column":21}},"loc":{"start":{"line":37,"column":52},"end":{"line":46,"column":5}}},"4":{"name":"(anonymous_4)","decl":{"start":{"line":52,"column":30},"end":{"line":52,"column":31}},"loc":{"start":{"line":53,"column":16},"end":{"line":54,"column":null}}}},"branchMap":{"0":{"loc":{"start":{"line":37,"column":39},"end":{"line":37,"column":48}},"type":"default-arg","locations":[{"start":{"line":37,"column":46},"end":{"line":37,"column":48}}]},"1":{"loc":{"start":{"line":38,"column":8},"end":{"line":45,"column":9}},"type":"switch","locations":[{"start":{"line":39,"column":12},"end":{"line":39,"column":64}},{"start":{"line":40,"column":12},"end":{"line":40,"column":57}},{"start":{"line":41,"column":12},"end":{"line":41,"column":60}},{"start":{"line":42,"column":12},"end":{"line":42,"column":55}},{"start":{"line":43,"column":12},"end":{"line":43,"column":55}},{"start":{"line":44,"column":12},"end":{"line":44,"column":49}}]},"2":{"loc":{"start":{"line":48,"column":4},"end":{"line":48,"column":91}},"type":"if","locations":[{"start":{"line":48,"column":4},"end":{"line":48,"column":91}},{"start":{},"end":{}}]},"3":{"loc":{"start":{"line":55,"column":103},"end":{"line":57,"column":null}},"type":"cond-expr","locations":[{"start":{"line":56,"column":26},"end":{"line":56,"column":101}},{"start":{"line":57,"column":26},"end":{"line":57,"column":null}}]},"4":{"loc":{"start":{"line":60,"column":63},"end":{"line":60,"column":142}},"type":"cond-expr","locations":[{"start":{"line":60,"column":78},"end":{"line":60,"column":112}},{"start":{"line":60,"column":115},"end":{"line":60,"column":142}}]},"5":{"loc":{"start":{"line":61,"column":25},"end":{"line":61,"column":78}},"type":"cond-expr","locations":[{"start":{"line":61,"column":40},"end":{"line":61,"column":57}},{"start":{"line":61,"column":60},"end":{"line":61,"column":78}}]},"6":{"loc":{"start":{"line":66,"column":65},"end":{"line":66,"column":110}},"type":"cond-expr","locations":[{"start":{"line":66,"column":80},"end":{"line":66,"column":92}},{"start":{"line":66,"column":95},"end":{"line":66,"column":110}}]},"7":{"loc":{"start":{"line":75,"column":25},"end":{"line":78,"column":null}},"type":"binary-expr","locations":[{"start":{"line":75,"column":25},"end":{"line":75,"column":37}},{"start":{"line":76,"column":28},"end":{"line":77,"column":null}}]}},"s":{"0":0,"1":0,"2":0,"3":0,"4":0,"5":0,"6":0,"7":0,"8":0,"9":0,"10":0,"11":0,"12":0,"13":0,"14":0,"15":0,"16":0,"17":0,"18":0,"19":0,"20":0,"21":0,"22":0,"23":0,"24":0,"25":0,"26":0},"f":{"0":0,"1":0,"2":0,"3":0,"4":0},"b":{"0":[0],"1":[0,0,0,0,0,0],"2":[0,0],"3":[0,0],"4":[0,0],"5":[0,0],"6":[0,0],"7":[0,0]}}
,"/home/emin/cafeduo-main/components/AdminDashboard.tsx": {"path":"/home/emin/cafeduo-main/components/AdminDashboard.tsx","statementMap":{"0":{"start":{"line":1,"column":0},"end":{"line":1,"column":51}},"1":{"start":{"line":2,"column":0},"end":{"line":2,"column":85}},"2":{"start":{"line":4,"column":0},"end":{"line":4,"column":33}},"3":{"start":{"line":10,"column":61},"end":{"line":521,"column":1}},"4":{"start":{"line":11,"column":30},"end":{"line":11,"column":50}},"5":{"start":{"line":12,"column":30},"end":{"line":12,"column":49}},"6":{"start":{"line":13,"column":30},"end":{"line":13,"column":49}},"7":{"start":{"line":14,"column":34},"end":{"line":14,"column":48}},"8":{"start":{"line":15,"column":38},"end":{"line":15,"column":84}},"9":{"start":{"line":16,"column":40},"end":{"line":16,"column":52}},"10":{"start":{"line":19,"column":44},"end":{"line":19,"column":63}},"11":{"start":{"line":20,"column":44},"end":{"line":24,"column":6}},"12":{"start":{"line":26,"column":4},"end":{"line":28,"column":11}},"13":{"start":{"line":27,"column":8},"end":{"line":27,"column":19}},"14":{"start":{"line":30,"column":21},"end":{"line":55,"column":5}},"15":{"start":{"line":31,"column":8},"end":{"line":31,"column":25}},"16":{"start":{"line":32,"column":8},"end":{"line":54,"column":9}},"17":{"start":{"line":33,"column":54},"end":{"line":37,"column":14}},"18":{"start":{"line":38,"column":12},"end":{"line":38,"column":32}},"19":{"start":{"line":39,"column":12},"end":{"line":39,"column":32}},"20":{"start":{"line":40,"column":12},"end":{"line":40,"column":32}},"21":{"start":{"line":42,"column":12},"end":{"line":49,"column":13}},"22":{"start":{"line":43,"column":16},"end":{"line":43,"column":46}},"23":{"start":{"line":44,"column":16},"end":{"line":48,"column":19}},"24":{"start":{"line":51,"column":12},"end":{"line":51,"column":53}},"25":{"start":{"line":53,"column":12},"end":{"line":53,"column":30}},"26":{"start":{"line":57,"column":29},"end":{"line":66,"column":5}},"27":{"start":{"line":58,"column":8},"end":{"line":58,"column":34}},"28":{"start":{"line":58,"column":27},"end":{"line":58,"column":34}},"29":{"start":{"line":59,"column":8},"end":{"line":65,"column":9}},"30":{"start":{"line":60,"column":12},"end":{"line":60,"column":70}},"31":{"start":{"line":61,"column":12},"end":{"line":61,"column":49}},"32":{"start":{"line":62,"column":12},"end":{"line":62,"column":23}},"33":{"start":{"line":64,"column":12},"end":{"line":64,"column":43}},"34":{"start":{"line":68,"column":29},"end":{"line":78,"column":5}},"35":{"start":{"line":69,"column":21},"end":{"line":69,"column":63}},"36":{"start":{"line":69,"column":37},"end":{"line":69,"column":62}},"37":{"start":{"line":70,"column":8},"end":{"line":77,"column":9}},"38":{"start":{"line":71,"column":12},"end":{"line":71,"column":34}},"39":{"start":{"line":72,"column":12},"end":{"line":76,"column":15}},"40":{"start":{"line":80,"column":52},"end":{"line":80,"column":67}},"41":{"start":{"line":81,"column":46},"end":{"line":81,"column":61}},"42":{"start":{"line":82,"column":44},"end":{"line":82,"column":63}},"43":{"start":{"line":83,"column":60},"end":{"line":83,"column":80}},"44":{"start":{"line":85,"column":42},"end":{"line":90,"column":6}},"45":{"start":{"line":94,"column":29},"end":{"line":114,"column":5}},"46":{"start":{"line":95,"column":28},"end":{"line":95,"column":37}},"47":{"start":{"line":97,"column":8},"end":{"line":113,"column":9}},"48":{"start":{"line":99,"column":12},"end":{"line":107,"column":13}},"49":{"start":{"line":100,"column":16},"end":{"line":106,"column":17}},"50":{"start":{"line":101,"column":20},"end":{"line":101,"column":74}},"51":{"start":{"line":102,"column":20},"end":{"line":102,"column":57}},"52":{"start":{"line":103,"column":20},"end":{"line":103,"column":31}},"53":{"start":{"line":105,"column":20},"end":{"line":105,"column":55}},"54":{"start":{"line":110,"column":12},"end":{"line":110,"column":34}},"55":{"start":{"line":111,"column":12},"end":{"line":111,"column":84}},"56":{"start":{"line":112,"column":12},"end":{"line":112,"column":35}},"57":{"start":{"line":116,"column":35},"end":{"line":132,"column":5}},"58":{"start":{"line":117,"column":8},"end":{"line":120,"column":9}},"59":{"start":{"line":118,"column":12},"end":{"line":118,"column":44}},"60":{"start":{"line":119,"column":12},"end":{"line":119,"column":19}},"61":{"start":{"line":122,"column":8},"end":{"line":131,"column":9}},"62":{"start":{"line":123,"column":12},"end":{"line":123,"column":106}},"63":{"start":{"line":124,"column":12},"end":{"line":124,"column":80}},"64":{"start":{"line":125,"column":12},"end":{"line":125,"column":36}},"65":{"start":{"line":126,"column":12},"end":{"line":126,"column":34}},"66":{"start":{"line":127,"column":12},"end":{"line":127,"column":40}},"67":{"start":{"line":128,"column":12},"end":{"line":128,"column":23}},"68":{"start":{"line":130,"column":12},"end":{"line":130,"column":47}},"69":{"start":{"line":134,"column":29},"end":{"line":144,"column":5}},"70":{"start":{"line":135,"column":8},"end":{"line":143,"column":9}},"71":{"start":{"line":136,"column":12},"end":{"line":142,"column":13}},"72":{"start":{"line":137,"column":16},"end":{"line":137,"column":47}},"73":{"start":{"line":138,"column":16},"end":{"line":138,"column":39}},"74":{"start":{"line":139,"column":16},"end":{"line":139,"column":27}},"75":{"start":{"line":141,"column":16},"end":{"line":141,"column":42}},"76":{"start":{"line":146,"column":26},"end":{"line":160,"column":5}},"77":{"start":{"line":147,"column":8},"end":{"line":150,"column":9}},"78":{"start":{"line":148,"column":12},"end":{"line":148,"column":44}},"79":{"start":{"line":149,"column":12},"end":{"line":149,"column":19}},"80":{"start":{"line":151,"column":8},"end":{"line":159,"column":9}},"81":{"start":{"line":152,"column":12},"end":{"line":152,"column":52}},"82":{"start":{"line":153,"column":12},"end":{"line":153,"column":40}},"83":{"start":{"line":154,"column":12},"end":{"line":154,"column":39}},"84":{"start":{"line":155,"column":12},"end":{"line":155,"column":85}},"85":{"start":{"line":156,"column":12},"end":{"line":156,"column":23}},"86":{"start":{"line":158,"column":12},"end":{"line":158,"column":50}},"87":{"start":{"line":162,"column":4},"end":{"line":520,"column":6}},"88":{"start":{"line":183,"column":28},"end":{"line":184,"column":null}},"89":{"start":{"line":185,"column":47},"end":{"line":185,"column":74}},"90":{"start":{"line":214,"column":57},"end":{"line":214,"column":86}},"91":{"start":{"line":233,"column":59},"end":{"line":233,"column":118}},"92":{"start":{"line":234,"column":44},"end":{"line":234,"column":62}},"93":{"start":{"line":253,"column":75},"end":{"line":253,"column":97}},"94":{"start":{"line":279,"column":36},"end":{"line":279,"column":55}},"95":{"start":{"line":297,"column":63},"end":{"line":297,"column":88}},"96":{"start":{"line":317,"column":51},"end":{"line":317,"column":76}},"97":{"start":{"line":330,"column":57},"end":{"line":330,"column":89}},"98":{"start":{"line":333,"column":56},"end":{"line":333,"column":75}},"99":{"start":{"line":358,"column":63},"end":{"line":358,"column":124}},"100":{"start":{"line":369,"column":63},"end":{"line":369,"column":139}},"101":{"start":{"line":380,"column":63},"end":{"line":380,"column":132}},"102":{"start":{"line":415,"column":51},"end":{"line":415,"column":107}},"103":{"start":{"line":426,"column":51},"end":{"line":426,"column":110}},"104":{"start":{"line":437,"column":51},"end":{"line":437,"column":125}},"105":{"start":{"line":448,"column":51},"end":{"line":448,"column":118}},"106":{"start":{"line":457,"column":51},"end":{"line":457,"column":77}},"107":{"start":{"line":488,"column":51},"end":{"line":488,"column":90}},"108":{"start":{"line":492,"column":40},"end":{"line":492,"column":62}},"109":{"start":{"line":501,"column":40},"end":{"line":501,"column":64}},"110":{"start":{"line":502,"column":40},"end":{"line":502,"column":62}},"111":{"start":{"line":10,"column":13},"end":{"line":10,"column":61}}},"fnMap":{"0":{"name":"(anonymous_0)","decl":{"start":{"line":10,"column":61},"end":{"line":10,"column":62}},"loc":{"start":{"line":10,"column":81},"end":{"line":521,"column":1}}},"1":{"name":"(anonymous_1)","decl":{"start":{"line":26,"column":14},"end":{"line":26,"column":17}},"loc":{"start":{"line":26,"column":19},"end":{"line":28,"column":5}}},"2":{"name":"(anonymous_2)","decl":{"start":{"line":30,"column":21},"end":{"line":30,"column":26}},"loc":{"start":{"line":30,"column":32},"end":{"line":55,"column":5}}},"3":{"name":"(anonymous_3)","decl":{"start":{"line":57,"column":29},"end":{"line":57,"column":34}},"loc":{"start":{"line":57,"column":40},"end":{"line":66,"column":5}}},"4":{"name":"(anonymous_4)","decl":{"start":{"line":68,"column":29},"end":{"line":68,"column":30}},"loc":{"start":{"line":68,"column":48},"end":{"line":78,"column":5}}},"5":{"name":"(anonymous_5)","decl":{"start":{"line":69,"column":32},"end":{"line":69,"column":33}},"loc":{"start":{"line":69,"column":37},"end":{"line":69,"column":62}}},"6":{"name":"(anonymous_6)","decl":{"start":{"line":94,"column":29},"end":{"line":94,"column":34}},"loc":{"start":{"line":94,"column":49},"end":{"line":114,"column":5}}},"7":{"name":"(anonymous_7)","decl":{"start":{"line":116,"column":35},"end":{"line":116,"column":40}},"loc":{"start":{"line":116,"column":46},"end":{"line":132,"column":5}}},"8":{"name":"(anonymous_8)","decl":{"start":{"line":134,"column":29},"end":{"line":134,"column":34}},"loc":{"start":{"line":134,"column":54},"end":{"line":144,"column":5}}},"9":{"name":"(anonymous_9)","decl":{"start":{"line":146,"column":26},"end":{"line":146,"column":31}},"loc":{"start":{"line":146,"column":37},"end":{"line":160,"column":5}}},"10":{"name":"(anonymous_10)","decl":{"start":{"line":182,"column":30},"end":{"line":182,"column":33}},"loc":{"start":{"line":183,"column":28},"end":{"line":184,"column":null}}},"11":{"name":"(anonymous_11)","decl":{"start":{"line":185,"column":41},"end":{"line":185,"column":44}},"loc":{"start":{"line":185,"column":47},"end":{"line":185,"column":74}}},"12":{"name":"(anonymous_12)","decl":{"start":{"line":214,"column":50},"end":{"line":214,"column":51}},"loc":{"start":{"line":214,"column":57},"end":{"line":214,"column":86}}},"13":{"name":"(anonymous_13)","decl":{"start":{"line":233,"column":54},"end":{"line":233,"column":55}},"loc":{"start":{"line":233,"column":59},"end":{"line":233,"column":118}}},"14":{"name":"(anonymous_14)","decl":{"start":{"line":233,"column":124},"end":{"line":233,"column":128}},"loc":{"start":{"line":234,"column":44},"end":{"line":234,"column":62}}},"15":{"name":"(anonymous_15)","decl":{"start":{"line":253,"column":69},"end":{"line":253,"column":72}},"loc":{"start":{"line":253,"column":75},"end":{"line":253,"column":97}}},"16":{"name":"(anonymous_16)","decl":{"start":{"line":278,"column":43},"end":{"line":278,"column":44}},"loc":{"start":{"line":279,"column":36},"end":{"line":279,"column":55}}},"17":{"name":"(anonymous_17)","decl":{"start":{"line":297,"column":57},"end":{"line":297,"column":60}},"loc":{"start":{"line":297,"column":63},"end":{"line":297,"column":88}}},"18":{"name":"(anonymous_18)","decl":{"start":{"line":317,"column":45},"end":{"line":317,"column":48}},"loc":{"start":{"line":317,"column":51},"end":{"line":317,"column":76}}},"19":{"name":"(anonymous_19)","decl":{"start":{"line":330,"column":50},"end":{"line":330,"column":51}},"loc":{"start":{"line":330,"column":57},"end":{"line":330,"column":89}}},"20":{"name":"(anonymous_20)","decl":{"start":{"line":333,"column":51},"end":{"line":333,"column":52}},"loc":{"start":{"line":333,"column":56},"end":{"line":333,"column":75}}},"21":{"name":"(anonymous_21)","decl":{"start":{"line":358,"column":58},"end":{"line":358,"column":59}},"loc":{"start":{"line":358,"column":63},"end":{"line":358,"column":124}}},"22":{"name":"(anonymous_22)","decl":{"start":{"line":369,"column":58},"end":{"line":369,"column":59}},"loc":{"start":{"line":369,"column":63},"end":{"line":369,"column":139}}},"23":{"name":"(anonymous_23)","decl":{"start":{"line":380,"column":58},"end":{"line":380,"column":59}},"loc":{"start":{"line":380,"column":63},"end":{"line":380,"column":132}}},"24":{"name":"(anonymous_24)","decl":{"start":{"line":415,"column":46},"end":{"line":415,"column":47}},"loc":{"start":{"line":415,"column":51},"end":{"line":415,"column":107}}},"25":{"name":"(anonymous_25)","decl":{"start":{"line":426,"column":46},"end":{"line":426,"column":47}},"loc":{"start":{"line":426,"column":51},"end":{"line":426,"column":110}}},"26":{"name":"(anonymous_26)","decl":{"start":{"line":437,"column":46},"end":{"line":437,"column":47}},"loc":{"start":{"line":437,"column":51},"end":{"line":437,"column":125}}},"27":{"name":"(anonymous_27)","decl":{"start":{"line":448,"column":46},"end":{"line":448,"column":47}},"loc":{"start":{"line":448,"column":51},"end":{"line":448,"column":118}}},"28":{"name":"(anonymous_28)","decl":{"start":{"line":457,"column":45},"end":{"line":457,"column":48}},"loc":{"start":{"line":457,"column":51},"end":{"line":457,"column":77}}},"29":{"name":"(anonymous_29)","decl":{"start":{"line":488,"column":46},"end":{"line":488,"column":47}},"loc":{"start":{"line":488,"column":51},"end":{"line":488,"column":90}}},"30":{"name":"(anonymous_30)","decl":{"start":{"line":491,"column":47},"end":{"line":491,"column":51}},"loc":{"start":{"line":492,"column":40},"end":{"line":492,"column":62}}},"31":{"name":"(anonymous_31)","decl":{"start":{"line":500,"column":45},"end":{"line":500,"column":48}},"loc":{"start":{"line":500,"column":50},"end":{"line":503,"column":37}}}},"branchMap":{"0":{"loc":{"start":{"line":42,"column":12},"end":{"line":49,"column":13}},"type":"if","locations":[{"start":{"line":42,"column":12},"end":{"line":49,"column":13}},{"start":{},"end":{}}]},"1":{"loc":{"start":{"line":42,"column":16},"end":{"line":42,"column":53}},"type":"binary-expr","locations":[{"start":{"line":42,"column":16},"end":{"line":42,"column":36}},{"start":{"line":42,"column":40},"end":{"line":42,"column":53}}]},"2":{"loc":{"start":{"line":45,"column":29},"end":{"line":45,"column":55}},"type":"binary-expr","locations":[{"start":{"line":45,"column":29},"end":{"line":45,"column":49}},{"start":{"line":45,"column":53},"end":{"line":45,"column":55}}]},"3":{"loc":{"start":{"line":46,"column":34},"end":{"line":46,"column":65}},"type":"binary-expr","locations":[{"start":{"line":46,"column":34},"end":{"line":46,"column":59}},{"start":{"line":46,"column":63},"end":{"line":46,"column":65}}]},"4":{"loc":{"start":{"line":47,"column":25},"end":{"line":47,"column":51}},"type":"binary-expr","locations":[{"start":{"line":47,"column":25},"end":{"line":47,"column":41}},{"start":{"line":47,"column":45},"end":{"line":47,"column":51}}]},"5":{"loc":{"start":{"line":58,"column":8},"end":{"line":58,"column":34}},"type":"if","locations":[{"start":{"line":58,"column":8},"end":{"line":58,"column":34}},{"start":{},"end":{}}]},"6":{"loc":{"start":{"line":70,"column":8},"end":{"line":77,"column":9}},"type":"if","locations":[{"start":{"line":70,"column":8},"end":{"line":77,"column":9}},{"start":{},"end":{}}]},"7":{"loc":{"start":{"line":73,"column":25},"end":{"line":73,"column":43}},"type":"binary-expr","locations":[{"start":{"line":73,"column":25},"end":{"line":73,"column":37}},{"start":{"line":73,"column":41},"end":{"line":73,"column":43}}]},"8":{"loc":{"start":{"line":74,"column":30},"end":{"line":74,"column":53}},"type":"binary-expr","locations":[{"start":{"line":74,"column":30},"end":{"line":74,"column":47}},{"start":{"line":74,"column":51},"end":{"line":74,"column":53}}]},"9":{"loc":{"start":{"line":75,"column":21},"end":{"line":75,"column":39}},"type":"binary-expr","locations":[{"start":{"line":75,"column":21},"end":{"line":75,"column":29}},{"start":{"line":75,"column":33},"end":{"line":75,"column":39}}]},"10":{"loc":{"start":{"line":97,"column":8},"end":{"line":113,"column":9}},"type":"if","locations":[{"start":{"line":97,"column":8},"end":{"line":113,"column":9}},{"start":{"line":108,"column":15},"end":{"line":113,"column":9}}]},"11":{"loc":{"start":{"line":99,"column":12},"end":{"line":107,"column":13}},"type":"if","locations":[{"start":{"line":99,"column":12},"end":{"line":107,"column":13}},{"start":{},"end":{}}]},"12":{"loc":{"start":{"line":111,"column":36},"end":{"line":111,"column":82}},"type":"cond-expr","locations":[{"start":{"line":111,"column":55},"end":{"line":111,"column":77}},{"start":{"line":111,"column":80},"end":{"line":111,"column":82}}]},"13":{"loc":{"start":{"line":117,"column":8},"end":{"line":120,"column":9}},"type":"if","locations":[{"start":{"line":117,"column":8},"end":{"line":120,"column":9}},{"start":{},"end":{}}]},"14":{"loc":{"start":{"line":117,"column":12},"end":{"line":117,"column":50}},"type":"binary-expr","locations":[{"start":{"line":117,"column":12},"end":{"line":117,"column":25}},{"start":{"line":117,"column":29},"end":{"line":117,"column":50}}]},"15":{"loc":{"start":{"line":135,"column":8},"end":{"line":143,"column":9}},"type":"if","locations":[{"start":{"line":135,"column":8},"end":{"line":143,"column":9}},{"start":{},"end":{}}]},"16":{"loc":{"start":{"line":147,"column":8},"end":{"line":150,"column":9}},"type":"if","locations":[{"start":{"line":147,"column":8},"end":{"line":150,"column":9}},{"start":{},"end":{}}]},"17":{"loc":{"start":{"line":186,"column":119},"end":{"line":188,"column":null}},"type":"cond-expr","locations":[{"start":{"line":187,"column":38},"end":{"line":187,"column":101}},{"start":{"line":188,"column":38},"end":{"line":188,"column":null}}]},"18":{"loc":{"start":{"line":202,"column":21},"end":{"line":268,"column":null}},"type":"binary-expr","locations":[{"start":{"line":202,"column":21},"end":{"line":202,"column":42}},{"start":{"line":203,"column":24},"end":{"line":267,"column":null}}]},"19":{"loc":{"start":{"line":237,"column":77},"end":{"line":237,"column":99}},"type":"binary-expr","locations":[{"start":{"line":237,"column":77},"end":{"line":237,"column":92}},{"start":{"line":237,"column":96},"end":{"line":237,"column":99}}]},"20":{"loc":{"start":{"line":240,"column":105},"end":{"line":242,"column":null}},"type":"cond-expr","locations":[{"start":{"line":240,"column":120},"end":{"line":240,"column":163}},{"start":{"line":241,"column":56},"end":{"line":242,"column":null}}]},"21":{"loc":{"start":{"line":241,"column":56},"end":{"line":242,"column":null}},"type":"cond-expr","locations":[{"start":{"line":241,"column":85},"end":{"line":241,"column":137}},{"start":{"line":242,"column":60},"end":{"line":242,"column":null}}]},"22":{"loc":{"start":{"line":244,"column":57},"end":{"line":244,"column":132}},"type":"cond-expr","locations":[{"start":{"line":244,"column":72},"end":{"line":244,"column":79}},{"start":{"line":244,"column":82},"end":{"line":244,"column":132}}]},"23":{"loc":{"start":{"line":244,"column":82},"end":{"line":244,"column":132}},"type":"cond-expr","locations":[{"start":{"line":244,"column":111},"end":{"line":244,"column":123}},{"start":{"line":244,"column":126},"end":{"line":244,"column":132}}]},"24":{"loc":{"start":{"line":248,"column":53},"end":{"line":248,"column":74}},"type":"binary-expr","locations":[{"start":{"line":248,"column":53},"end":{"line":248,"column":67}},{"start":{"line":248,"column":71},"end":{"line":248,"column":74}}]},"25":{"loc":{"start":{"line":251,"column":53},"end":{"line":260,"column":null}},"type":"binary-expr","locations":[{"start":{"line":251,"column":53},"end":{"line":251,"column":66}},{"start":{"line":252,"column":56},"end":{"line":259,"column":null}}]},"26":{"loc":{"start":{"line":254,"column":128},"end":{"line":256,"column":null}},"type":"cond-expr","locations":[{"start":{"line":255,"column":66},"end":{"line":255,"column":114}},{"start":{"line":256,"column":66},"end":{"line":256,"column":null}}]},"27":{"loc":{"start":{"line":259,"column":61},"end":{"line":259,"column":124}},"type":"cond-expr","locations":[{"start":{"line":259,"column":90},"end":{"line":259,"column":107}},{"start":{"line":259,"column":110},"end":{"line":259,"column":124}}]},"28":{"loc":{"start":{"line":272,"column":21},"end":{"line":306,"column":null}},"type":"binary-expr","locations":[{"start":{"line":272,"column":21},"end":{"line":272,"column":42}},{"start":{"line":273,"column":24},"end":{"line":305,"column":null}}]},"29":{"loc":{"start":{"line":281,"column":126},"end":{"line":281,"column":null}},"type":"cond-expr","locations":[{"start":{"line":281,"column":159},"end":{"line":281,"column":189}},{"start":{"line":281,"column":192},"end":{"line":281,"column":null}}]},"30":{"loc":{"start":{"line":283,"column":49},"end":{"line":283,"column":92}},"type":"cond-expr","locations":[{"start":{"line":283,"column":82},"end":{"line":283,"column":85}},{"start":{"line":283,"column":88},"end":{"line":283,"column":92}}]},"31":{"loc":{"start":{"line":286,"column":106},"end":{"line":286,"column":137}},"type":"binary-expr","locations":[{"start":{"line":286,"column":106},"end":{"line":286,"column":121}},{"start":{"line":286,"column":125},"end":{"line":286,"column":137}}]},"32":{"loc":{"start":{"line":287,"column":133},"end":{"line":287,"column":163}},"type":"binary-expr","locations":[{"start":{"line":287,"column":133},"end":{"line":287,"column":147}},{"start":{"line":287,"column":151},"end":{"line":287,"column":163}}]},"33":{"loc":{"start":{"line":291,"column":105},"end":{"line":291,"column":null}},"type":"cond-expr","locations":[{"start":{"line":291,"column":134},"end":{"line":291,"column":166}},{"start":{"line":291,"column":169},"end":{"line":291,"column":null}}]},"34":{"loc":{"start":{"line":293,"column":49},"end":{"line":293,"column":107}},"type":"cond-expr","locations":[{"start":{"line":293,"column":78},"end":{"line":293,"column":90}},{"start":{"line":293,"column":93},"end":{"line":293,"column":107}}]},"35":{"loc":{"start":{"line":310,"column":21},"end":{"line":397,"column":null}},"type":"binary-expr","locations":[{"start":{"line":310,"column":21},"end":{"line":310,"column":42}},{"start":{"line":311,"column":24},"end":{"line":396,"column":null}}]},"36":{"loc":{"start":{"line":331,"column":47},"end":{"line":331,"column":69}},"type":"binary-expr","locations":[{"start":{"line":331,"column":47},"end":{"line":331,"column":63}},{"start":{"line":331,"column":67},"end":{"line":331,"column":69}}]},"37":{"loc":{"start":{"line":338,"column":33},"end":{"line":394,"column":null}},"type":"binary-expr","locations":[{"start":{"line":338,"column":33},"end":{"line":338,"column":45}},{"start":{"line":339,"column":36},"end":{"line":393,"column":null}}]},"38":{"loc":{"start":{"line":404,"column":13},"end":{"line":471,"column":null}},"type":"binary-expr","locations":[{"start":{"line":404,"column":13},"end":{"line":404,"column":29}},{"start":{"line":405,"column":16},"end":{"line":470,"column":null}}]},"39":{"loc":{"start":{"line":475,"column":13},"end":{"line":517,"column":null}},"type":"binary-expr","locations":[{"start":{"line":475,"column":13},"end":{"line":475,"column":26}},{"start":{"line":475,"column":30},"end":{"line":475,"column":42}},{"start":{"line":476,"column":16},"end":{"line":516,"column":null}}]}},"s":{"0":0,"1":0,"2":0,"3":0,"4":0,"5":0,"6":0,"7":0,"8":0,"9":0,"10":0,"11":0,"12":0,"13":0,"14":0,"15":0,"16":0,"17":0,"18":0,"19":0,"20":0,"21":0,"22":0,"23":0,"24":0,"25":0,"26":0,"27":0,"28":0,"29":0,"30":0,"31":0,"32":0,"33":0,"34":0,"35":0,"36":0,"37":0,"38":0,"39":0,"40":0,"41":0,"42":0,"43":0,"44":0,"45":0,"46":0,"47":0,"48":0,"49":0,"50":0,"51":0,"52":0,"53":0,"54":0,"55":0,"56":0,"57":0,"58":0,"59":0,"60":0,"61":0,"62":0,"63":0,"64":0,"65":0,"66":0,"67":0,"68":0,"69":0,"70":0,"71":0,"72":0,"73":0,"74":0,"75":0,"76":0,"77":0,"78":0,"79":0,"80":0,"81":0,"82":0,"83":0,"84":0,"85":0,"86":0,"87":0,"88":0,"89":0,"90":0,"91":0,"92":0,"93":0,"94":0,"95":0,"96":0,"97":0,"98":0,"99":0,"100":0,"101":0,"102":0,"103":0,"104":0,"105":0,"106":0,"107":0,"108":0,"109":0,"110":0,"111":0},"f":{"0":0,"1":0,"2":0,"3":0,"4":0,"5":0,"6":0,"7":0,"8":0,"9":0,"10":0,"11":0,"12":0,"13":0,"14":0,"15":0,"16":0,"17":0,"18":0,"19":0,"20":0,"21":0,"22":0,"23":0,"24":0,"25":0,"26":0,"27":0,"28":0,"29":0,"30":0,"31":0},"b":{"0":[0,0],"1":[0,0],"2":[0,0],"3":[0,0],"4":[0,0],"5":[0,0],"6":[0,0],"7":[0,0],"8":[0,0],"9":[0,0],"10":[0,0],"11":[0,0],"12":[0,0],"13":[0,0],"14":[0,0],"15":[0,0],"16":[0,0],"17":[0,0],"18":[0,0],"19":[0,0],"20":[0,0],"21":[0,0],"22":[0,0],"23":[0,0],"24":[0,0],"25":[0,0],"26":[0,0],"27":[0,0],"28":[0,0],"29":[0,0],"30":[0,0],"31":[0,0],"32":[0,0],"33":[0,0],"34":[0,0],"35":[0,0],"36":[0,0],"37":[0,0],"38":[0,0],"39":[0,0,0]}}
,"/home/emin/cafeduo-main/components/ArenaBattle.tsx": {"path":"/home/emin/cafeduo-main/components/ArenaBattle.tsx","statementMap":{"0":{"start":{"line":1,"column":0},"end":{"line":1,"column":59}},"1":{"start":{"line":3,"column":0},"end":{"line":3,"column":33}},"2":{"start":{"line":4,"column":0},"end":{"line":4,"column":92}},"3":{"start":{"line":27,"column":24},"end":{"line":33,"column":2}},"4":{"start":{"line":35,"column":20},"end":{"line":41,"column":2}},"5":{"start":{"line":43,"column":55},"end":{"line":542,"column":1}},"6":{"start":{"line":53,"column":32},"end":{"line":55,"column":6}},"7":{"start":{"line":56,"column":36},"end":{"line":58,"column":6}},"8":{"start":{"line":59,"column":28},"end":{"line":59,"column":69}},"9":{"start":{"line":60,"column":36},"end":{"line":60,"column":51}},"10":{"start":{"line":61,"column":32},"end":{"line":61,"column":61}},"11":{"start":{"line":62,"column":56},"end":{"line":62,"column":84}},"12":{"start":{"line":65,"column":44},"end":{"line":65,"column":74}},"13":{"start":{"line":66,"column":48},"end":{"line":66,"column":74}},"14":{"start":{"line":67,"column":38},"end":{"line":67,"column":53}},"15":{"start":{"line":68,"column":38},"end":{"line":68,"column":84}},"16":{"start":{"line":71,"column":36},"end":{"line":71,"column":48}},"17":{"start":{"line":72,"column":20},"end":{"line":72,"column":55}},"18":{"start":{"line":75,"column":4},"end":{"line":126,"column":71}},"19":{"start":{"line":76,"column":8},"end":{"line":79,"column":9}},"20":{"start":{"line":77,"column":12},"end":{"line":77,"column":41}},"21":{"start":{"line":78,"column":12},"end":{"line":78,"column":19}},"22":{"start":{"line":81,"column":25},"end":{"line":118,"column":9}},"23":{"start":{"line":82,"column":12},"end":{"line":117,"column":13}},"24":{"start":{"line":83,"column":29},"end":{"line":83,"column":56}},"25":{"start":{"line":86,"column":16},"end":{"line":89,"column":17}},"26":{"start":{"line":87,"column":20},"end":{"line":87,"column":49}},"27":{"start":{"line":88,"column":20},"end":{"line":88,"column":66}},"28":{"start":{"line":92,"column":16},"end":{"line":114,"column":17}},"29":{"start":{"line":93,"column":34},"end":{"line":93,"column":48}},"30":{"start":{"line":94,"column":35},"end":{"line":94,"column":73}},"31":{"start":{"line":97,"column":20},"end":{"line":107,"column":21}},"32":{"start":{"line":98,"column":24},"end":{"line":98,"column":68}},"33":{"start":{"line":98,"column":43},"end":{"line":98,"column":68}},"34":{"start":{"line":99,"column":24},"end":{"line":99,"column":70}},"35":{"start":{"line":99,"column":43},"end":{"line":99,"column":70}},"36":{"start":{"line":100,"column":24},"end":{"line":100,"column":95}},"37":{"start":{"line":100,"column":75},"end":{"line":100,"column":95}},"38":{"start":{"line":101,"column":24},"end":{"line":101,"column":95}},"39":{"start":{"line":101,"column":77},"end":{"line":101,"column":95}},"40":{"start":{"line":103,"column":24},"end":{"line":103,"column":70}},"41":{"start":{"line":103,"column":43},"end":{"line":103,"column":70}},"42":{"start":{"line":104,"column":24},"end":{"line":104,"column":68}},"43":{"start":{"line":104,"column":43},"end":{"line":104,"column":68}},"44":{"start":{"line":105,"column":24},"end":{"line":105,"column":95}},"45":{"start":{"line":105,"column":75},"end":{"line":105,"column":95}},"46":{"start":{"line":106,"column":24},"end":{"line":106,"column":95}},"47":{"start":{"line":106,"column":77},"end":{"line":106,"column":95}},"48":{"start":{"line":110,"column":20},"end":{"line":113,"column":21}},"49":{"start":{"line":111,"column":24},"end":{"line":111,"column":42}},"50":{"start":{"line":112,"column":24},"end":{"line":112,"column":48}},"51":{"start":{"line":116,"column":16},"end":{"line":116,"column":50}},"52":{"start":{"line":120,"column":8},"end":{"line":120,"column":54}},"53":{"start":{"line":121,"column":8},"end":{"line":121,"column":19}},"54":{"start":{"line":123,"column":8},"end":{"line":125,"column":10}},"55":{"start":{"line":124,"column":12},"end":{"line":124,"column":64}},"56":{"start":{"line":124,"column":33},"end":{"line":124,"column":64}},"57":{"start":{"line":129,"column":4},"end":{"line":145,"column":56}},"58":{"start":{"line":130,"column":8},"end":{"line":130,"column":85}},"59":{"start":{"line":130,"column":78},"end":{"line":130,"column":85}},"60":{"start":{"line":132,"column":8},"end":{"line":132,"column":24}},"61":{"start":{"line":133,"column":22},"end":{"line":142,"column":16}},"62":{"start":{"line":134,"column":12},"end":{"line":141,"column":15}},"63":{"start":{"line":135,"column":16},"end":{"line":139,"column":17}},"64":{"start":{"line":136,"column":20},"end":{"line":136,"column":41}},"65":{"start":{"line":137,"column":20},"end":{"line":137,"column":41}},"66":{"start":{"line":138,"column":20},"end":{"line":138,"column":29}},"67":{"start":{"line":140,"column":16},"end":{"line":140,"column":32}},"68":{"start":{"line":144,"column":8},"end":{"line":144,"column":42}},"69":{"start":{"line":144,"column":21},"end":{"line":144,"column":41}},"70":{"start":{"line":148,"column":4},"end":{"line":167,"column":43}},"71":{"start":{"line":149,"column":8},"end":{"line":149,"column":75}},"72":{"start":{"line":149,"column":68},"end":{"line":149,"column":75}},"73":{"start":{"line":151,"column":22},"end":{"line":164,"column":16}},"74":{"start":{"line":153,"column":37},"end":{"line":153,"column":44}},"75":{"start":{"line":154,"column":12},"end":{"line":162,"column":13}},"76":{"start":{"line":155,"column":16},"end":{"line":155,"column":32}},"77":{"start":{"line":156,"column":19},"end":{"line":162,"column":13}},"78":{"start":{"line":157,"column":16},"end":{"line":157,"column":65}},"79":{"start":{"line":158,"column":19},"end":{"line":162,"column":13}},"80":{"start":{"line":159,"column":16},"end":{"line":159,"column":32}},"81":{"start":{"line":161,"column":16},"end":{"line":161,"column":66}},"82":{"start":{"line":163,"column":12},"end":{"line":163,"column":46}},"83":{"start":{"line":166,"column":8},"end":{"line":166,"column":41}},"84":{"start":{"line":166,"column":21},"end":{"line":166,"column":40}},"85":{"start":{"line":169,"column":19},"end":{"line":171,"column":5}},"86":{"start":{"line":170,"column":8},"end":{"line":170,"column":55}},"87":{"start":{"line":170,"column":29},"end":{"line":170,"column":53}},"88":{"start":{"line":173,"column":25},"end":{"line":176,"column":5}},"89":{"start":{"line":174,"column":8},"end":{"line":174,"column":63}},"90":{"start":{"line":174,"column":56},"end":{"line":174,"column":63}},"91":{"start":{"line":175,"column":8},"end":{"line":175,"column":40}},"92":{"start":{"line":178,"column":26},"end":{"line":290,"column":5}},"93":{"start":{"line":179,"column":8},"end":{"line":179,"column":27}},"94":{"start":{"line":180,"column":34},"end":{"line":180,"column":55}},"95":{"start":{"line":181,"column":30},"end":{"line":181,"column":67}},"96":{"start":{"line":182,"column":28},"end":{"line":182,"column":65}},"97":{"start":{"line":183,"column":28},"end":{"line":183,"column":71}},"98":{"start":{"line":184,"column":26},"end":{"line":184,"column":69}},"99":{"start":{"line":185,"column":29},"end":{"line":185,"column":80}},"100":{"start":{"line":188,"column":8},"end":{"line":192,"column":9}},"101":{"start":{"line":189,"column":12},"end":{"line":189,"column":100}},"102":{"start":{"line":191,"column":12},"end":{"line":191,"column":94}},"103":{"start":{"line":194,"column":26},"end":{"line":194,"column":64}},"104":{"start":{"line":195,"column":24},"end":{"line":195,"column":42}},"105":{"start":{"line":196,"column":21},"end":{"line":196,"column":23}},"106":{"start":{"line":197,"column":21},"end":{"line":197,"column":22}},"107":{"start":{"line":199,"column":8},"end":{"line":238,"column":9}},"108":{"start":{"line":201,"column":16},"end":{"line":211,"column":17}},"109":{"start":{"line":202,"column":20},"end":{"line":202,"column":59}},"110":{"start":{"line":204,"column":20},"end":{"line":204,"column":45}},"111":{"start":{"line":205,"column":20},"end":{"line":205,"column":58}},"112":{"start":{"line":206,"column":20},"end":{"line":206,"column":70}},"113":{"start":{"line":207,"column":20},"end":{"line":207,"column":79}},"114":{"start":{"line":209,"column":20},"end":{"line":210,"column":63}},"115":{"start":{"line":209,"column":43},"end":{"line":209,"column":79}},"116":{"start":{"line":210,"column":25},"end":{"line":210,"column":63}},"117":{"start":{"line":212,"column":16},"end":{"line":212,"column":22}},"118":{"start":{"line":215,"column":16},"end":{"line":224,"column":17}},"119":{"start":{"line":216,"column":20},"end":{"line":216,"column":79}},"120":{"start":{"line":218,"column":20},"end":{"line":218,"column":45}},"121":{"start":{"line":219,"column":20},"end":{"line":219,"column":59}},"122":{"start":{"line":220,"column":20},"end":{"line":220,"column":70}},"123":{"start":{"line":221,"column":20},"end":{"line":221,"column":77}},"124":{"start":{"line":222,"column":20},"end":{"line":223,"column":63}},"125":{"start":{"line":222,"column":43},"end":{"line":222,"column":79}},"126":{"start":{"line":223,"column":25},"end":{"line":223,"column":63}},"127":{"start":{"line":225,"column":16},"end":{"line":225,"column":22}},"128":{"start":{"line":228,"column":16},"end":{"line":228,"column":45}},"129":{"start":{"line":229,"column":16},"end":{"line":229,"column":94}},"130":{"start":{"line":230,"column":16},"end":{"line":230,"column":63}},"131":{"start":{"line":231,"column":16},"end":{"line":231,"column":22}},"132":{"start":{"line":234,"column":16},"end":{"line":234,"column":94}},"133":{"start":{"line":235,"column":16},"end":{"line":235,"column":81}},"134":{"start":{"line":236,"column":16},"end":{"line":236,"column":57}},"135":{"start":{"line":237,"column":16},"end":{"line":237,"column":22}},"136":{"start":{"line":240,"column":8},"end":{"line":240,"column":23}},"137":{"start":{"line":241,"column":8},"end":{"line":241,"column":33}},"138":{"start":{"line":242,"column":8},"end":{"line":242,"column":29}},"139":{"start":{"line":245,"column":8},"end":{"line":254,"column":9}},"140":{"start":{"line":246,"column":27},"end":{"line":246,"column":40}},"141":{"start":{"line":247,"column":29},"end":{"line":252,"column":14}},"142":{"start":{"line":253,"column":12},"end":{"line":253,"column":66}},"143":{"start":{"line":257,"column":8},"end":{"line":289,"column":16}},"144":{"start":{"line":259,"column":12},"end":{"line":259,"column":50}},"145":{"start":{"line":260,"column":12},"end":{"line":260,"column":48}},"146":{"start":{"line":262,"column":12},"end":{"line":286,"column":13}},"147":{"start":{"line":263,"column":35},"end":{"line":263,"column":101}},"148":{"start":{"line":264,"column":16},"end":{"line":264,"column":34}},"149":{"start":{"line":265,"column":16},"end":{"line":265,"column":38}},"150":{"start":{"line":268,"column":16},"end":{"line":272,"column":17}},"151":{"start":{"line":269,"column":20},"end":{"line":269,"column":57}},"152":{"start":{"line":271,"column":20},"end":{"line":271,"column":59}},"153":{"start":{"line":275,"column":16},"end":{"line":277,"column":17}},"154":{"start":{"line":276,"column":20},"end":{"line":276,"column":57}},"155":{"start":{"line":280,"column":16},"end":{"line":283,"column":25}},"156":{"start":{"line":281,"column":35},"end":{"line":281,"column":49}},"157":{"start":{"line":282,"column":20},"end":{"line":282,"column":74}},"158":{"start":{"line":285,"column":16},"end":{"line":285,"column":67}},"159":{"start":{"line":288,"column":12},"end":{"line":288,"column":32}},"160":{"start":{"line":292,"column":25},"end":{"line":302,"column":5}},"161":{"start":{"line":293,"column":8},"end":{"line":300,"column":9}},"162":{"start":{"line":294,"column":12},"end":{"line":296,"column":13}},"163":{"start":{"line":295,"column":16},"end":{"line":295,"column":47}},"164":{"start":{"line":298,"column":12},"end":{"line":298,"column":55}},"165":{"start":{"line":301,"column":8},"end":{"line":301,"column":18}},"166":{"start":{"line":305,"column":4},"end":{"line":321,"column":5}},"167":{"start":{"line":306,"column":8},"end":{"line":320,"column":10}},"168":{"start":{"line":323,"column":4},"end":{"line":541,"column":6}},"169":{"start":{"line":464,"column":20},"end":{"line":464,"column":33}},"170":{"start":{"line":474,"column":39},"end":{"line":474,"column":60}},"171":{"start":{"line":484,"column":39},"end":{"line":484,"column":60}},"172":{"start":{"line":494,"column":39},"end":{"line":494,"column":61}},"173":{"start":{"line":504,"column":39},"end":{"line":504,"column":59}},"174":{"start":{"line":43,"column":13},"end":{"line":43,"column":55}}},"fnMap":{"0":{"name":"(anonymous_0)","decl":{"start":{"line":43,"column":55},"end":{"line":43,"column":56}},"loc":{"start":{"line":51,"column":5},"end":{"line":542,"column":1}}},"1":{"name":"(anonymous_1)","decl":{"start":{"line":75,"column":14},"end":{"line":75,"column":17}},"loc":{"start":{"line":75,"column":19},"end":{"line":126,"column":5}}},"2":{"name":"(anonymous_2)","decl":{"start":{"line":81,"column":25},"end":{"line":81,"column":30}},"loc":{"start":{"line":81,"column":36},"end":{"line":118,"column":9}}},"3":{"name":"(anonymous_3)","decl":{"start":{"line":123,"column":15},"end":{"line":123,"column":18}},"loc":{"start":{"line":123,"column":20},"end":{"line":125,"column":9}}},"4":{"name":"(anonymous_4)","decl":{"start":{"line":129,"column":14},"end":{"line":129,"column":17}},"loc":{"start":{"line":129,"column":19},"end":{"line":145,"column":5}}},"5":{"name":"(anonymous_5)","decl":{"start":{"line":133,"column":34},"end":{"line":133,"column":37}},"loc":{"start":{"line":133,"column":39},"end":{"line":142,"column":9}}},"6":{"name":"(anonymous_6)","decl":{"start":{"line":134,"column":24},"end":{"line":134,"column":28}},"loc":{"start":{"line":134,"column":31},"end":{"line":141,"column":13}}},"7":{"name":"(anonymous_7)","decl":{"start":{"line":144,"column":15},"end":{"line":144,"column":18}},"loc":{"start":{"line":144,"column":21},"end":{"line":144,"column":41}}},"8":{"name":"(anonymous_8)","decl":{"start":{"line":148,"column":14},"end":{"line":148,"column":17}},"loc":{"start":{"line":148,"column":19},"end":{"line":167,"column":5}}},"9":{"name":"(anonymous_9)","decl":{"start":{"line":151,"column":33},"end":{"line":151,"column":36}},"loc":{"start":{"line":151,"column":38},"end":{"line":164,"column":9}}},"10":{"name":"(anonymous_10)","decl":{"start":{"line":166,"column":15},"end":{"line":166,"column":18}},"loc":{"start":{"line":166,"column":21},"end":{"line":166,"column":40}}},"11":{"name":"(anonymous_11)","decl":{"start":{"line":169,"column":19},"end":{"line":169,"column":20}},"loc":{"start":{"line":169,"column":35},"end":{"line":171,"column":5}}},"12":{"name":"(anonymous_12)","decl":{"start":{"line":170,"column":21},"end":{"line":170,"column":25}},"loc":{"start":{"line":170,"column":29},"end":{"line":170,"column":53}}},"13":{"name":"(anonymous_13)","decl":{"start":{"line":173,"column":25},"end":{"line":173,"column":26}},"loc":{"start":{"line":173,"column":48},"end":{"line":176,"column":5}}},"14":{"name":"(anonymous_14)","decl":{"start":{"line":178,"column":26},"end":{"line":178,"column":31}},"loc":{"start":{"line":178,"column":88},"end":{"line":290,"column":5}}},"15":{"name":"(anonymous_15)","decl":{"start":{"line":257,"column":19},"end":{"line":257,"column":22}},"loc":{"start":{"line":257,"column":24},"end":{"line":289,"column":9}}},"16":{"name":"(anonymous_16)","decl":{"start":{"line":280,"column":27},"end":{"line":280,"column":30}},"loc":{"start":{"line":280,"column":32},"end":{"line":283,"column":17}}},"17":{"name":"(anonymous_17)","decl":{"start":{"line":292,"column":25},"end":{"line":292,"column":30}},"loc":{"start":{"line":292,"column":36},"end":{"line":302,"column":5}}},"18":{"name":"(anonymous_18)","decl":{"start":{"line":463,"column":31},"end":{"line":463,"column":32}},"loc":{"start":{"line":464,"column":20},"end":{"line":464,"column":33}}},"19":{"name":"(anonymous_19)","decl":{"start":{"line":474,"column":33},"end":{"line":474,"column":36}},"loc":{"start":{"line":474,"column":39},"end":{"line":474,"column":60}}},"20":{"name":"(anonymous_20)","decl":{"start":{"line":484,"column":33},"end":{"line":484,"column":36}},"loc":{"start":{"line":484,"column":39},"end":{"line":484,"column":60}}},"21":{"name":"(anonymous_21)","decl":{"start":{"line":494,"column":33},"end":{"line":494,"column":36}},"loc":{"start":{"line":494,"column":39},"end":{"line":494,"column":61}}},"22":{"name":"(anonymous_22)","decl":{"start":{"line":504,"column":33},"end":{"line":504,"column":36}},"loc":{"start":{"line":504,"column":39},"end":{"line":504,"column":59}}}},"branchMap":{"0":{"loc":{"start":{"line":62,"column":65},"end":{"line":62,"column":83}},"type":"binary-expr","locations":[{"start":{"line":62,"column":65},"end":{"line":62,"column":71}},{"start":{"line":62,"column":75},"end":{"line":62,"column":83}}]},"1":{"loc":{"start":{"line":76,"column":8},"end":{"line":79,"column":9}},"type":"if","locations":[{"start":{"line":76,"column":8},"end":{"line":79,"column":9}},{"start":{},"end":{}}]},"2":{"loc":{"start":{"line":76,"column":12},"end":{"line":76,"column":28}},"type":"binary-expr","locations":[{"start":{"line":76,"column":12},"end":{"line":76,"column":17}},{"start":{"line":76,"column":21},"end":{"line":76,"column":28}}]},"3":{"loc":{"start":{"line":86,"column":16},"end":{"line":89,"column":17}},"type":"if","locations":[{"start":{"line":86,"column":16},"end":{"line":89,"column":17}},{"start":{},"end":{}}]},"4":{"loc":{"start":{"line":86,"column":20},"end":{"line":86,"column":56}},"type":"binary-expr","locations":[{"start":{"line":86,"column":20},"end":{"line":86,"column":38}},{"start":{"line":86,"column":42},"end":{"line":86,"column":56}}]},"5":{"loc":{"start":{"line":92,"column":16},"end":{"line":114,"column":17}},"type":"if","locations":[{"start":{"line":92,"column":16},"end":{"line":114,"column":17}},{"start":{},"end":{}}]},"6":{"loc":{"start":{"line":92,"column":20},"end":{"line":92,"column":71}},"type":"binary-expr","locations":[{"start":{"line":92,"column":20},"end":{"line":92,"column":34}},{"start":{"line":92,"column":38},"end":{"line":92,"column":48}},{"start":{"line":92,"column":52},"end":{"line":92,"column":71}}]},"7":{"loc":{"start":{"line":97,"column":20},"end":{"line":107,"column":21}},"type":"if","locations":[{"start":{"line":97,"column":20},"end":{"line":107,"column":21}},{"start":{"line":102,"column":27},"end":{"line":107,"column":21}}]},"8":{"loc":{"start":{"line":98,"column":24},"end":{"line":98,"column":68}},"type":"if","locations":[{"start":{"line":98,"column":24},"end":{"line":98,"column":68}},{"start":{},"end":{}}]},"9":{"loc":{"start":{"line":99,"column":24},"end":{"line":99,"column":70}},"type":"if","locations":[{"start":{"line":99,"column":24},"end":{"line":99,"column":70}},{"start":{},"end":{}}]},"10":{"loc":{"start":{"line":100,"column":24},"end":{"line":100,"column":95}},"type":"if","locations":[{"start":{"line":100,"column":24},"end":{"line":100,"column":95}},{"start":{},"end":{}}]},"11":{"loc":{"start":{"line":100,"column":28},"end":{"line":100,"column":73}},"type":"binary-expr","locations":[{"start":{"line":100,"column":28},"end":{"line":100,"column":52}},{"start":{"line":100,"column":56},"end":{"line":100,"column":73}}]},"12":{"loc":{"start":{"line":101,"column":24},"end":{"line":101,"column":95}},"type":"if","locations":[{"start":{"line":101,"column":24},"end":{"line":101,"column":95}},{"start":{},"end":{}}]},"13":{"loc":{"start":{"line":101,"column":28},"end":{"line":101,"column":75}},"type":"binary-expr","locations":[{"start":{"line":101,"column":28},"end":{"line":101,"column":52}},{"start":{"line":101,"column":56},"end":{"line":101,"column":75}}]},"14":{"loc":{"start":{"line":103,"column":24},"end":{"line":103,"column":70}},"type":"if","locations":[{"start":{"line":103,"column":24},"end":{"line":103,"column":70}},{"start":{},"end":{}}]},"15":{"loc":{"start":{"line":104,"column":24},"end":{"line":104,"column":68}},"type":"if","locations":[{"start":{"line":104,"column":24},"end":{"line":104,"column":68}},{"start":{},"end":{}}]},"16":{"loc":{"start":{"line":105,"column":24},"end":{"line":105,"column":95}},"type":"if","locations":[{"start":{"line":105,"column":24},"end":{"line":105,"column":95}},{"start":{},"end":{}}]},"17":{"loc":{"start":{"line":105,"column":28},"end":{"line":105,"column":73}},"type":"binary-expr","locations":[{"start":{"line":105,"column":28},"end":{"line":105,"column":52}},{"start":{"line":105,"column":56},"end":{"line":105,"column":73}}]},"18":{"loc":{"start":{"line":106,"column":24},"end":{"line":106,"column":95}},"type":"if","locations":[{"start":{"line":106,"column":24},"end":{"line":106,"column":95}},{"start":{},"end":{}}]},"19":{"loc":{"start":{"line":106,"column":28},"end":{"line":106,"column":75}},"type":"binary-expr","locations":[{"start":{"line":106,"column":28},"end":{"line":106,"column":52}},{"start":{"line":106,"column":56},"end":{"line":106,"column":75}}]},"20":{"loc":{"start":{"line":110,"column":20},"end":{"line":113,"column":21}},"type":"if","locations":[{"start":{"line":110,"column":20},"end":{"line":113,"column":21}},{"start":{},"end":{}}]},"21":{"loc":{"start":{"line":110,"column":24},"end":{"line":110,"column":49}},"type":"binary-expr","locations":[{"start":{"line":110,"column":24},"end":{"line":110,"column":36}},{"start":{"line":110,"column":40},"end":{"line":110,"column":49}}]},"22":{"loc":{"start":{"line":124,"column":12},"end":{"line":124,"column":64}},"type":"if","locations":[{"start":{"line":124,"column":12},"end":{"line":124,"column":64}},{"start":{},"end":{}}]},"23":{"loc":{"start":{"line":130,"column":8},"end":{"line":130,"column":85}},"type":"if","locations":[{"start":{"line":130,"column":8},"end":{"line":130,"column":85}},{"start":{},"end":{}}]},"24":{"loc":{"start":{"line":130,"column":12},"end":{"line":130,"column":76}},"type":"binary-expr","locations":[{"start":{"line":130,"column":12},"end":{"line":130,"column":29}},{"start":{"line":130,"column":33},"end":{"line":130,"column":41}},{"start":{"line":130,"column":45},"end":{"line":130,"column":54}},{"start":{"line":130,"column":58},"end":{"line":130,"column":76}}]},"25":{"loc":{"start":{"line":135,"column":16},"end":{"line":139,"column":17}},"type":"if","locations":[{"start":{"line":135,"column":16},"end":{"line":139,"column":17}},{"start":{},"end":{}}]},"26":{"loc":{"start":{"line":149,"column":8},"end":{"line":149,"column":75}},"type":"if","locations":[{"start":{"line":149,"column":8},"end":{"line":149,"column":75}},{"start":{},"end":{}}]},"27":{"loc":{"start":{"line":149,"column":12},"end":{"line":149,"column":66}},"type":"binary-expr","locations":[{"start":{"line":149,"column":12},"end":{"line":149,"column":18}},{"start":{"line":149,"column":22},"end":{"line":149,"column":41}},{"start":{"line":149,"column":45},"end":{"line":149,"column":53}},{"start":{"line":149,"column":57},"end":{"line":149,"column":66}}]},"28":{"loc":{"start":{"line":154,"column":12},"end":{"line":162,"column":13}},"type":"if","locations":[{"start":{"line":154,"column":12},"end":{"line":162,"column":13}},{"start":{"line":156,"column":19},"end":{"line":162,"column":13}}]},"29":{"loc":{"start":{"line":154,"column":16},"end":{"line":154,"column":57}},"type":"binary-expr","locations":[{"start":{"line":154,"column":16},"end":{"line":154,"column":32}},{"start":{"line":154,"column":36},"end":{"line":154,"column":57}}]},"30":{"loc":{"start":{"line":156,"column":19},"end":{"line":162,"column":13}},"type":"if","locations":[{"start":{"line":156,"column":19},"end":{"line":162,"column":13}},{"start":{"line":158,"column":19},"end":{"line":162,"column":13}}]},"31":{"loc":{"start":{"line":157,"column":25},"end":{"line":157,"column":64}},"type":"cond-expr","locations":[{"start":{"line":157,"column":47},"end":{"line":157,"column":54}},{"start":{"line":157,"column":57},"end":{"line":157,"column":64}}]},"32":{"loc":{"start":{"line":158,"column":19},"end":{"line":162,"column":13}},"type":"if","locations":[{"start":{"line":158,"column":19},"end":{"line":162,"column":13}},{"start":{"line":160,"column":19},"end":{"line":162,"column":13}}]},"33":{"loc":{"start":{"line":161,"column":25},"end":{"line":161,"column":65}},"type":"cond-expr","locations":[{"start":{"line":161,"column":47},"end":{"line":161,"column":55}},{"start":{"line":161,"column":58},"end":{"line":161,"column":65}}]},"34":{"loc":{"start":{"line":174,"column":8},"end":{"line":174,"column":63}},"type":"if","locations":[{"start":{"line":174,"column":8},"end":{"line":174,"column":63}},{"start":{},"end":{}}]},"35":{"loc":{"start":{"line":174,"column":12},"end":{"line":174,"column":54}},"type":"binary-expr","locations":[{"start":{"line":174,"column":12},"end":{"line":174,"column":29}},{"start":{"line":174,"column":33},"end":{"line":174,"column":41}},{"start":{"line":174,"column":45},"end":{"line":174,"column":54}}]},"36":{"loc":{"start":{"line":181,"column":30},"end":{"line":181,"column":67}},"type":"cond-expr","locations":[{"start":{"line":181,"column":50},"end":{"line":181,"column":56}},{"start":{"line":181,"column":59},"end":{"line":181,"column":67}}]},"37":{"loc":{"start":{"line":182,"column":28},"end":{"line":182,"column":65}},"type":"cond-expr","locations":[{"start":{"line":182,"column":48},"end":{"line":182,"column":56}},{"start":{"line":182,"column":59},"end":{"line":182,"column":65}}]},"38":{"loc":{"start":{"line":183,"column":28},"end":{"line":183,"column":71}},"type":"cond-expr","locations":[{"start":{"line":183,"column":48},"end":{"line":183,"column":57}},{"start":{"line":183,"column":60},"end":{"line":183,"column":71}}]},"39":{"loc":{"start":{"line":184,"column":26},"end":{"line":184,"column":69}},"type":"cond-expr","locations":[{"start":{"line":184,"column":46},"end":{"line":184,"column":57}},{"start":{"line":184,"column":60},"end":{"line":184,"column":69}}]},"40":{"loc":{"start":{"line":185,"column":29},"end":{"line":185,"column":80}},"type":"cond-expr","locations":[{"start":{"line":185,"column":49},"end":{"line":185,"column":54}},{"start":{"line":185,"column":58},"end":{"line":185,"column":79}}]},"41":{"loc":{"start":{"line":185,"column":58},"end":{"line":185,"column":79}},"type":"binary-expr","locations":[{"start":{"line":185,"column":58},"end":{"line":185,"column":70}},{"start":{"line":185,"column":74},"end":{"line":185,"column":79}}]},"42":{"loc":{"start":{"line":188,"column":8},"end":{"line":192,"column":9}},"type":"if","locations":[{"start":{"line":188,"column":8},"end":{"line":192,"column":9}},{"start":{"line":190,"column":15},"end":{"line":192,"column":9}}]},"43":{"loc":{"start":{"line":189,"column":28},"end":{"line":189,"column":98}},"type":"cond-expr","locations":[{"start":{"line":189,"column":49},"end":{"line":189,"column":72}},{"start":{"line":189,"column":75},"end":{"line":189,"column":98}}]},"44":{"loc":{"start":{"line":191,"column":30},"end":{"line":191,"column":92}},"type":"cond-expr","locations":[{"start":{"line":191,"column":51},"end":{"line":191,"column":70}},{"start":{"line":191,"column":73},"end":{"line":191,"column":92}}]},"45":{"loc":{"start":{"line":199,"column":8},"end":{"line":238,"column":9}},"type":"switch","locations":[{"start":{"line":200,"column":12},"end":{"line":212,"column":22}},{"start":{"line":214,"column":12},"end":{"line":225,"column":22}},{"start":{"line":227,"column":12},"end":{"line":231,"column":22}},{"start":{"line":233,"column":12},"end":{"line":237,"column":22}}]},"46":{"loc":{"start":{"line":201,"column":16},"end":{"line":211,"column":17}},"type":"if","locations":[{"start":{"line":201,"column":16},"end":{"line":211,"column":17}},{"start":{"line":203,"column":23},"end":{"line":211,"column":17}}]},"47":{"loc":{"start":{"line":205,"column":29},"end":{"line":205,"column":57}},"type":"cond-expr","locations":[{"start":{"line":205,"column":51},"end":{"line":205,"column":52}},{"start":{"line":205,"column":55},"end":{"line":205,"column":57}}]},"48":{"loc":{"start":{"line":209,"column":20},"end":{"line":210,"column":63}},"type":"if","locations":[{"start":{"line":209,"column":20},"end":{"line":210,"column":63}},{"start":{"line":210,"column":25},"end":{"line":210,"column":63}}]},"49":{"loc":{"start":{"line":215,"column":16},"end":{"line":224,"column":17}},"type":"if","locations":[{"start":{"line":215,"column":16},"end":{"line":224,"column":17}},{"start":{"line":217,"column":23},"end":{"line":224,"column":17}}]},"50":{"loc":{"start":{"line":219,"column":29},"end":{"line":219,"column":58}},"type":"cond-expr","locations":[{"start":{"line":219,"column":51},"end":{"line":219,"column":53}},{"start":{"line":219,"column":56},"end":{"line":219,"column":58}}]},"51":{"loc":{"start":{"line":222,"column":20},"end":{"line":223,"column":63}},"type":"if","locations":[{"start":{"line":222,"column":20},"end":{"line":223,"column":63}},{"start":{"line":223,"column":25},"end":{"line":223,"column":63}}]},"52":{"loc":{"start":{"line":245,"column":8},"end":{"line":254,"column":9}},"type":"if","locations":[{"start":{"line":245,"column":8},"end":{"line":254,"column":9}},{"start":{},"end":{}}]},"53":{"loc":{"start":{"line":245,"column":12},"end":{"line":245,"column":49}},"type":"binary-expr","locations":[{"start":{"line":245,"column":12},"end":{"line":245,"column":18}},{"start":{"line":245,"column":22},"end":{"line":245,"column":28}},{"start":{"line":245,"column":32},"end":{"line":245,"column":49}}]},"54":{"loc":{"start":{"line":248,"column":25},"end":{"line":248,"column":57}},"type":"cond-expr","locations":[{"start":{"line":248,"column":34},"end":{"line":248,"column":45}},{"start":{"line":248,"column":48},"end":{"line":248,"column":57}}]},"55":{"loc":{"start":{"line":249,"column":25},"end":{"line":249,"column":57}},"type":"cond-expr","locations":[{"start":{"line":249,"column":34},"end":{"line":249,"column":43}},{"start":{"line":249,"column":46},"end":{"line":249,"column":57}}]},"56":{"loc":{"start":{"line":250,"column":22},"end":{"line":250,"column":52}},"type":"cond-expr","locations":[{"start":{"line":250,"column":31},"end":{"line":250,"column":40}},{"start":{"line":250,"column":43},"end":{"line":250,"column":52}}]},"57":{"loc":{"start":{"line":262,"column":12},"end":{"line":286,"column":13}},"type":"if","locations":[{"start":{"line":262,"column":12},"end":{"line":286,"column":13}},{"start":{"line":284,"column":19},"end":{"line":286,"column":13}}]},"58":{"loc":{"start":{"line":263,"column":35},"end":{"line":263,"column":101}},"type":"cond-expr","locations":[{"start":{"line":263,"column":55},"end":{"line":263,"column":75}},{"start":{"line":263,"column":79},"end":{"line":263,"column":100}}]},"59":{"loc":{"start":{"line":263,"column":79},"end":{"line":263,"column":100}},"type":"binary-expr","locations":[{"start":{"line":263,"column":79},"end":{"line":263,"column":91}},{"start":{"line":263,"column":95},"end":{"line":263,"column":100}}]},"60":{"loc":{"start":{"line":268,"column":16},"end":{"line":272,"column":17}},"type":"if","locations":[{"start":{"line":268,"column":16},"end":{"line":272,"column":17}},{"start":{"line":270,"column":23},"end":{"line":272,"column":17}}]},"61":{"loc":{"start":{"line":275,"column":16},"end":{"line":277,"column":17}},"type":"if","locations":[{"start":{"line":275,"column":16},"end":{"line":277,"column":17}},{"start":{},"end":{}}]},"62":{"loc":{"start":{"line":275,"column":20},"end":{"line":275,"column":36}},"type":"binary-expr","locations":[{"start":{"line":275,"column":20},"end":{"line":275,"column":26}},{"start":{"line":275,"column":30},"end":{"line":275,"column":36}}]},"63":{"loc":{"start":{"line":281,"column":35},"end":{"line":281,"column":49}},"type":"cond-expr","locations":[{"start":{"line":281,"column":43},"end":{"line":281,"column":44}},{"start":{"line":281,"column":47},"end":{"line":281,"column":49}}]},"64":{"loc":{"start":{"line":282,"column":42},"end":{"line":282,"column":72}},"type":"cond-expr","locations":[{"start":{"line":282,"column":62},"end":{"line":282,"column":68}},{"start":{"line":282,"column":71},"end":{"line":282,"column":72}}]},"65":{"loc":{"start":{"line":285,"column":24},"end":{"line":285,"column":65}},"type":"cond-expr","locations":[{"start":{"line":285,"column":44},"end":{"line":285,"column":54}},{"start":{"line":285,"column":57},"end":{"line":285,"column":65}}]},"66":{"loc":{"start":{"line":294,"column":12},"end":{"line":296,"column":13}},"type":"if","locations":[{"start":{"line":294,"column":12},"end":{"line":296,"column":13}},{"start":{},"end":{}}]},"67":{"loc":{"start":{"line":305,"column":4},"end":{"line":321,"column":5}},"type":"if","locations":[{"start":{"line":305,"column":4},"end":{"line":321,"column":5}},{"start":{},"end":{}}]},"68":{"loc":{"start":{"line":341,"column":17},"end":{"line":344,"column":null}},"type":"binary-expr","locations":[{"start":{"line":341,"column":17},"end":{"line":341,"column":34}},{"start":{"line":341,"column":38},"end":{"line":341,"column":47}},{"start":{"line":342,"column":20},"end":{"line":343,"column":null}}]},"69":{"loc":{"start":{"line":342,"column":58},"end":{"line":342,"column":117}},"type":"cond-expr","locations":[{"start":{"line":342,"column":74},"end":{"line":342,"column":102}},{"start":{"line":342,"column":105},"end":{"line":342,"column":117}}]},"70":{"loc":{"start":{"line":349,"column":73},"end":{"line":349,"column":94}},"type":"binary-expr","locations":[{"start":{"line":349,"column":73},"end":{"line":349,"column":85}},{"start":{"line":349,"column":89},"end":{"line":349,"column":94}}]},"71":{"loc":{"start":{"line":350,"column":64},"end":{"line":350,"column":88}},"type":"cond-expr","locations":[{"start":{"line":350,"column":72},"end":{"line":350,"column":77}},{"start":{"line":350,"column":80},"end":{"line":350,"column":88}}]},"72":{"loc":{"start":{"line":359,"column":13},"end":{"line":366,"column":null}},"type":"binary-expr","locations":[{"start":{"line":359,"column":13},"end":{"line":359,"column":23}},{"start":{"line":360,"column":16},"end":{"line":365,"column":null}}]},"73":{"loc":{"start":{"line":373,"column":48},"end":{"line":373,"column":94}},"type":"cond-expr","locations":[{"start":{"line":373,"column":68},"end":{"line":373,"column":79}},{"start":{"line":373,"column":82},"end":{"line":373,"column":94}}]},"74":{"loc":{"start":{"line":380,"column":25},"end":{"line":383,"column":null}},"type":"binary-expr","locations":[{"start":{"line":380,"column":25},"end":{"line":380,"column":42}},{"start":{"line":380,"column":46},"end":{"line":380,"column":55}},{"start":{"line":381,"column":28},"end":{"line":381,"column":null}}]},"75":{"loc":{"start":{"line":419,"column":48},"end":{"line":419,"column":96}},"type":"cond-expr","locations":[{"start":{"line":419,"column":70},"end":{"line":419,"column":81}},{"start":{"line":419,"column":84},"end":{"line":419,"column":96}}]},"76":{"loc":{"start":{"line":426,"column":25},"end":{"line":429,"column":null}},"type":"binary-expr","locations":[{"start":{"line":426,"column":25},"end":{"line":426,"column":44}},{"start":{"line":426,"column":48},"end":{"line":426,"column":57}},{"start":{"line":427,"column":28},"end":{"line":427,"column":null}}]},"77":{"loc":{"start":{"line":471,"column":13},"end":{"line":530,"column":null}},"type":"cond-expr","locations":[{"start":{"line":472,"column":16},"end":{"line":511,"column":null}},{"start":{"line":514,"column":16},"end":{"line":529,"column":null}}]},"78":{"loc":{"start":{"line":475,"column":34},"end":{"line":475,"column":86}},"type":"binary-expr","locations":[{"start":{"line":475,"column":34},"end":{"line":475,"column":51}},{"start":{"line":475,"column":55},"end":{"line":475,"column":73}},{"start":{"line":475,"column":77},"end":{"line":475,"column":86}}]},"79":{"loc":{"start":{"line":485,"column":34},"end":{"line":485,"column":86}},"type":"binary-expr","locations":[{"start":{"line":485,"column":34},"end":{"line":485,"column":51}},{"start":{"line":485,"column":55},"end":{"line":485,"column":73}},{"start":{"line":485,"column":77},"end":{"line":485,"column":86}}]},"80":{"loc":{"start":{"line":495,"column":34},"end":{"line":495,"column":64}},"type":"binary-expr","locations":[{"start":{"line":495,"column":34},"end":{"line":495,"column":51}},{"start":{"line":495,"column":55},"end":{"line":495,"column":64}}]},"81":{"loc":{"start":{"line":505,"column":34},"end":{"line":505,"column":64}},"type":"binary-expr","locations":[{"start":{"line":505,"column":34},"end":{"line":505,"column":51}},{"start":{"line":505,"column":55},"end":{"line":505,"column":64}}]},"82":{"loc":{"start":{"line":515,"column":65},"end":{"line":515,"column":134}},"type":"cond-expr","locations":[{"start":{"line":515,"column":99},"end":{"line":515,"column":116}},{"start":{"line":515,"column":119},"end":{"line":515,"column":134}}]},"83":{"loc":{"start":{"line":516,"column":62},"end":{"line":516,"column":130}},"type":"cond-expr","locations":[{"start":{"line":516,"column":96},"end":{"line":516,"column":113}},{"start":{"line":516,"column":116},"end":{"line":516,"column":130}}]},"84":{"loc":{"start":{"line":517,"column":25},"end":{"line":517,"column":86}},"type":"cond-expr","locations":[{"start":{"line":517,"column":59},"end":{"line":517,"column":70}},{"start":{"line":517,"column":73},"end":{"line":517,"column":86}}]},"85":{"loc":{"start":{"line":520,"column":25},"end":{"line":522,"column":50}},"type":"cond-expr","locations":[{"start":{"line":521,"column":31},"end":{"line":521,"column":96}},{"start":{"line":522,"column":30},"end":{"line":522,"column":50}}]},"86":{"loc":{"start":{"line":521,"column":31},"end":{"line":521,"column":96}},"type":"cond-expr","locations":[{"start":{"line":521,"column":39},"end":{"line":521,"column":73}},{"start":{"line":521,"column":76},"end":{"line":521,"column":96}}]},"87":{"loc":{"start":{"line":534,"column":13},"end":{"line":538,"column":null}},"type":"binary-expr","locations":[{"start":{"line":534,"column":13},"end":{"line":534,"column":18}},{"start":{"line":534,"column":22},"end":{"line":534,"column":31}},{"start":{"line":535,"column":16},"end":{"line":536,"column":null}}]}},"s":{"0":0,"1":0,"2":0,"3":0,"4":0,"5":0,"6":0,"7":0,"8":0,"9":0,"10":0,"11":0,"12":0,"13":0,"14":0,"15":0,"16":0,"17":0,"18":0,"19":0,"20":0,"21":0,"22":0,"23":0,"24":0,"25":0,"26":0,"27":0,"28":0,"29":0,"30":0,"31":0,"32":0,"33":0,"34":0,"35":0,"36":0,"37":0,"38":0,"39":0,"40":0,"41":0,"42":0,"43":0,"44":0,"45":0,"46":0,"47":0,"48":0,"49":0,"50":0,"51":0,"52":0,"53":0,"54":0,"55":0,"56":0,"57":0,"58":0,"59":0,"60":0,"61":0,"62":0,"63":0,"64":0,"65":0,"66":0,"67":0,"68":0,"69":0,"70":0,"71":0,"72":0,"73":0,"74":0,"75":0,"76":0,"77":0,"78":0,"79":0,"80":0,"81":0,"82":0,"83":0,"84":0,"85":0,"86":0,"87":0,"88":0,"89":0,"90":0,"91":0,"92":0,"93":0,"94":0,"95":0,"96":0,"97":0,"98":0,"99":0,"100":0,"101":0,"102":0,"103":0,"104":0,"105":0,"106":0,"107":0,"108":0,"109":0,"110":0,"111":0,"112":0,"113":0,"114":0,"115":0,"116":0,"117":0,"118":0,"119":0,"120":0,"121":0,"122":0,"123":0,"124":0,"125":0,"126":0,"127":0,"128":0,"129":0,"130":0,"131":0,"132":0,"133":0,"134":0,"135":0,"136":0,"137":0,"138":0,"139":0,"140":0,"141":0,"142":0,"143":0,"144":0,"145":0,"146":0,"147":0,"148":0,"149":0,"150":0,"151":0,"152":0,"153":0,"154":0,"155":0,"156":0,"157":0,"158":0,"159":0,"160":0,"161":0,"162":0,"163":0,"164":0,"165":0,"166":0,"167":0,"168":0,"169":0,"170":0,"171":0,"172":0,"173":0,"174":0},"f":{"0":0,"1":0,"2":0,"3":0,"4":0,"5":0,"6":0,"7":0,"8":0,"9":0,"10":0,"11":0,"12":0,"13":0,"14":0,"15":0,"16":0,"17":0,"18":0,"19":0,"20":0,"21":0,"22":0},"b":{"0":[0,0],"1":[0,0],"2":[0,0],"3":[0,0],"4":[0,0],"5":[0,0],"6":[0,0,0],"7":[0,0],"8":[0,0],"9":[0,0],"10":[0,0],"11":[0,0],"12":[0,0],"13":[0,0],"14":[0,0],"15":[0,0],"16":[0,0],"17":[0,0],"18":[0,0],"19":[0,0],"20":[0,0],"21":[0,0],"22":[0,0],"23":[0,0],"24":[0,0,0,0],"25":[0,0],"26":[0,0],"27":[0,0,0,0],"28":[0,0],"29":[0,0],"30":[0,0],"31":[0,0],"32":[0,0],"33":[0,0],"34":[0,0],"35":[0,0,0],"36":[0,0],"37":[0,0],"38":[0,0],"39":[0,0],"40":[0,0],"41":[0,0],"42":[0,0],"43":[0,0],"44":[0,0],"45":[0,0,0,0],"46":[0,0],"47":[0,0],"48":[0,0],"49":[0,0],"50":[0,0],"51":[0,0],"52":[0,0],"53":[0,0,0],"54":[0,0],"55":[0,0],"56":[0,0],"57":[0,0],"58":[0,0],"59":[0,0],"60":[0,0],"61":[0,0],"62":[0,0],"63":[0,0],"64":[0,0],"65":[0,0],"66":[0,0],"67":[0,0],"68":[0,0,0],"69":[0,0],"70":[0,0],"71":[0,0],"72":[0,0],"73":[0,0],"74":[0,0,0],"75":[0,0],"76":[0,0,0],"77":[0,0],"78":[0,0,0],"79":[0,0,0],"80":[0,0],"81":[0,0],"82":[0,0],"83":[0,0],"84":[0,0],"85":[0,0],"86":[0,0],"87":[0,0,0]}}
,"/home/emin/cafeduo-main/components/AuthModal.tsx": {"path":"/home/emin/cafeduo-main/components/AuthModal.tsx","statementMap":{"0":{"start":{"line":1,"column":0},"end":{"line":1,"column":51}},"1":{"start":{"line":2,"column":0},"end":{"line":2,"column":56}},"2":{"start":{"line":3,"column":0},"end":{"line":3,"column":109}},"3":{"start":{"line":4,"column":0},"end":{"line":4,"column":44}},"4":{"start":{"line":6,"column":0},"end":{"line":6,"column":33}},"5":{"start":{"line":7,"column":0},"end":{"line":7,"column":47}},"6":{"start":{"line":8,"column":0},"end":{"line":8,"column":52}},"7":{"start":{"line":18,"column":19},"end":{"line":34,"column":2}},"8":{"start":{"line":42,"column":51},"end":{"line":398,"column":1}},"9":{"start":{"line":48,"column":26},"end":{"line":48,"column":47}},"10":{"start":{"line":49,"column":36},"end":{"line":49,"column":51}},"11":{"start":{"line":50,"column":28},"end":{"line":50,"column":40}},"12":{"start":{"line":51,"column":40},"end":{"line":51,"column":65}},"13":{"start":{"line":52,"column":42},"end":{"line":52,"column":57}},"14":{"start":{"line":53,"column":32},"end":{"line":53,"column":69}},"15":{"start":{"line":56,"column":16},"end":{"line":56,"column":26}},"16":{"start":{"line":59,"column":34},"end":{"line":59,"column":46}},"17":{"start":{"line":60,"column":28},"end":{"line":60,"column":40}},"18":{"start":{"line":61,"column":34},"end":{"line":61,"column":46}},"19":{"start":{"line":62,"column":38},"end":{"line":62,"column":50}},"20":{"start":{"line":64,"column":2},"end":{"line":67,"column":28}},"21":{"start":{"line":65,"column":4},"end":{"line":65,"column":25}},"22":{"start":{"line":66,"column":4},"end":{"line":66,"column":16}},"23":{"start":{"line":69,"column":20},"end":{"line":78,"column":3}},"24":{"start":{"line":70,"column":4},"end":{"line":70,"column":17}},"25":{"start":{"line":71,"column":4},"end":{"line":71,"column":23}},"26":{"start":{"line":72,"column":4},"end":{"line":72,"column":19}},"27":{"start":{"line":73,"column":4},"end":{"line":73,"column":20}},"28":{"start":{"line":74,"column":4},"end":{"line":74,"column":17}},"29":{"start":{"line":75,"column":4},"end":{"line":75,"column":20}},"30":{"start":{"line":76,"column":4},"end":{"line":76,"column":22}},"31":{"start":{"line":77,"column":4},"end":{"line":77,"column":27}},"32":{"start":{"line":81,"column":24},"end":{"line":101,"column":3}},"33":{"start":{"line":82,"column":4},"end":{"line":100,"column":5}},"34":{"start":{"line":84,"column":8},"end":{"line":84,"column":50}},"35":{"start":{"line":84,"column":33},"end":{"line":84,"column":50}},"36":{"start":{"line":85,"column":8},"end":{"line":85,"column":54}},"37":{"start":{"line":85,"column":20},"end":{"line":85,"column":54}},"38":{"start":{"line":86,"column":8},"end":{"line":86,"column":103}},"39":{"start":{"line":86,"column":52},"end":{"line":86,"column":103}},"40":{"start":{"line":87,"column":8},"end":{"line":87,"column":106}},"41":{"start":{"line":87,"column":52},"end":{"line":87,"column":106}},"42":{"start":{"line":88,"column":8},"end":{"line":88,"column":95}},"43":{"start":{"line":88,"column":54},"end":{"line":88,"column":95}},"44":{"start":{"line":89,"column":8},"end":{"line":89,"column":25}},"45":{"start":{"line":91,"column":8},"end":{"line":91,"column":55}},"46":{"start":{"line":91,"column":20},"end":{"line":91,"column":55}},"47":{"start":{"line":92,"column":8},"end":{"line":92,"column":83}},"48":{"start":{"line":92,"column":51},"end":{"line":92,"column":83}},"49":{"start":{"line":93,"column":8},"end":{"line":93,"column":25}},"50":{"start":{"line":95,"column":8},"end":{"line":95,"column":46}},"51":{"start":{"line":95,"column":20},"end":{"line":95,"column":46}},"52":{"start":{"line":96,"column":8},"end":{"line":96,"column":87}},"53":{"start":{"line":96,"column":52},"end":{"line":96,"column":87}},"54":{"start":{"line":97,"column":8},"end":{"line":97,"column":25}},"55":{"start":{"line":99,"column":8},"end":{"line":99,"column":25}},"56":{"start":{"line":103,"column":21},"end":{"line":108,"column":3}},"57":{"start":{"line":104,"column":4},"end":{"line":104,"column":53}},"58":{"start":{"line":104,"column":24},"end":{"line":104,"column":50}},"59":{"start":{"line":105,"column":18},"end":{"line":105,"column":88}},"60":{"start":{"line":106,"column":18},"end":{"line":106,"column":45}},"61":{"start":{"line":107,"column":4},"end":{"line":107,"column":58}},"62":{"start":{"line":107,"column":28},"end":{"line":107,"column":55}},"63":{"start":{"line":110,"column":23},"end":{"line":127,"column":3}},"64":{"start":{"line":111,"column":4},"end":{"line":121,"column":5}},"65":{"start":{"line":113,"column":8},"end":{"line":113,"column":27}},"66":{"start":{"line":114,"column":8},"end":{"line":114,"column":14}},"67":{"start":{"line":116,"column":8},"end":{"line":116,"column":24}},"68":{"start":{"line":117,"column":8},"end":{"line":117,"column":14}},"69":{"start":{"line":119,"column":8},"end":{"line":119,"column":27}},"70":{"start":{"line":120,"column":8},"end":{"line":120,"column":14}},"71":{"start":{"line":123,"column":4},"end":{"line":126,"column":5}},"72":{"start":{"line":124,"column":20},"end":{"line":124,"column":47}},"73":{"start":{"line":125,"column":6},"end":{"line":125,"column":60}},"74":{"start":{"line":125,"column":30},"end":{"line":125,"column":57}},"75":{"start":{"line":129,"column":23},"end":{"line":148,"column":3}},"76":{"start":{"line":130,"column":32},"end":{"line":130,"column":34}},"77":{"start":{"line":132,"column":4},"end":{"line":134,"column":5}},"78":{"start":{"line":133,"column":6},"end":{"line":133,"column":60}},"79":{"start":{"line":135,"column":4},"end":{"line":135,"column":49}},"80":{"start":{"line":136,"column":4},"end":{"line":136,"column":58}},"81":{"start":{"line":139,"column":37},"end":{"line":139,"column":39}},"82":{"start":{"line":140,"column":4},"end":{"line":142,"column":7}},"83":{"start":{"line":141,"column":6},"end":{"line":141,"column":63}},"84":{"start":{"line":141,"column":17},"end":{"line":141,"column":63}},"85":{"start":{"line":144,"column":4},"end":{"line":144,"column":32}},"86":{"start":{"line":145,"column":4},"end":{"line":145,"column":64}},"87":{"start":{"line":147,"column":4},"end":{"line":147,"column":49}},"88":{"start":{"line":150,"column":23},"end":{"line":194,"column":3}},"89":{"start":{"line":151,"column":4},"end":{"line":151,"column":23}},"90":{"start":{"line":152,"column":4},"end":{"line":152,"column":17}},"91":{"start":{"line":155,"column":4},"end":{"line":158,"colum
[...]
":16},"end":{"line":17,"column":45}},"2":{"start":{"line":19,"column":31},"end":{"line":22,"column":4}},"3":{"start":{"line":24,"column":2},"end":{"line":26,"column":3}},"4":{"start":{"line":25,"column":4},"end":{"line":25,"column":49}},"5":{"start":{"line":28,"column":19},"end":{"line":31,"column":4}},"6":{"start":{"line":33,"column":2},"end":{"line":36,"column":3}},"7":{"start":{"line":34,"column":18},"end":{"line":34,"column":81}},"8":{"start":{"line":34,"column":53},"end":{"line":34,"column":79}},"9":{"start":{"line":35,"column":4},"end":{"line":35,"column":62}},"10":{"start":{"line":38,"column":2},"end":{"line":38,"column":25}},"11":{"start":{"line":41,"column":13},"end":{"line":320,"column":2}},"12":{"start":{"line":45,"column":19},"end":{"line":48,"column":8}},"13":{"start":{"line":49,"column":6},"end":{"line":51,"column":7}},"14":{"start":{"line":50,"column":8},"end":{"line":50,"column":50}},"15":{"start":{"line":52,"column":6},"end":{"line":52,"column":31}},"16":{"start":{"line":56,"column":19},"end":{"line":59,"column":8}},"17":{"start":{"line":61,"column":6},"end":{"line":64,"column":7}},"18":{"start":{"line":62,"column":26},"end":{"line":62,"column":63}},"19":{"start":{"line":63,"column":8},"end":{"line":63,"column":25}},"20":{"start":{"line":65,"column":6},"end":{"line":65,"column":18}},"21":{"start":{"line":70,"column":6},"end":{"line":70,"column":54}},"22":{"start":{"line":71,"column":6},"end":{"line":71,"column":47}},"23":{"start":{"line":75,"column":6},"end":{"line":75,"column":39}},"24":{"start":{"line":76,"column":6},"end":{"line":76,"column":45}},"25":{"start":{"line":80,"column":20},"end":{"line":80,"column":49}},"26":{"start":{"line":81,"column":6},"end":{"line":81,"column":30}},"27":{"start":{"line":81,"column":18},"end":{"line":81,"column":30}},"28":{"start":{"line":83,"column":6},"end":{"line":89,"column":7}},"29":{"start":{"line":84,"column":21},"end":{"line":84,"column":47}},"30":{"start":{"line":85,"column":8},"end":{"line":85,"column":20}},"31":{"start":{"line":87,"column":8},"end":{"line":87,"column":41}},"32":{"start":{"line":88,"column":8},"end":{"line":88,"column":20}},"33":{"start":{"line":96,"column":6},"end":{"line":100,"column":7}},"34":{"start":{"line":97,"column":8},"end":{"line":97,"column":50}},"35":{"start":{"line":99,"column":8},"end":{"line":99,"column":20}},"36":{"start":{"line":104,"column":6},"end":{"line":107,"column":9}},"37":{"start":{"line":111,"column":20},"end":{"line":111,"column":42}},"38":{"start":{"line":112,"column":25},"end":{"line":114,"column":null}},"39":{"start":{"line":113,"column":8},"end":{"line":114,"column":83}},"40":{"start":{"line":116,"column":6},"end":{"line":116,"column":32}},"41":{"start":{"line":123,"column":6},"end":{"line":123,"column":38}},"42":{"start":{"line":127,"column":6},"end":{"line":131,"column":7}},"43":{"start":{"line":128,"column":8},"end":{"line":128,"column":50}},"44":{"start":{"line":130,"column":8},"end":{"line":130,"column":20}},"45":{"start":{"line":136,"column":6},"end":{"line":143,"column":9}},"46":{"start":{"line":147,"column":6},"end":{"line":150,"column":9}},"47":{"start":{"line":157,"column":6},"end":{"line":157,"column":38}},"48":{"start":{"line":161,"column":6},"end":{"line":161,"column":48}},"49":{"start":{"line":165,"column":6},"end":{"line":168,"column":9}},"50":{"start":{"line":172,"column":6},"end":{"line":175,"column":9}},"51":{"start":{"line":179,"column":6},"end":{"line":182,"column":9}},"52":{"start":{"line":186,"column":6},"end":{"line":189,"column":9}},"53":{"start":{"line":193,"column":6},"end":{"line":195,"column":9}},"54":{"start":{"line":202,"column":19},"end":{"line":209,"column":7}},"55":{"start":{"line":203,"column":8},"end":{"line":208,"column":9}},"56":{"start":{"line":204,"column":23},"end":{"line":204,"column":50}},"57":{"start":{"line":205,"column":10},"end":{"line":205,"column":25}},"58":{"start":{"line":207,"column":10},"end":{"line":207,"column":54}},"59":{"start":{"line":211,"column":6},"end":{"line":211,"column":13}},"60":{"start":{"line":212,"column":6},"end":{"line":212,"column":41}},"61":{"start":{"line":214,"column":6},"end":{"line":214,"column":43}},"62":{"start":{"line":214,"column":19},"end":{"line":214,"column":42}},"63":{"start":{"line":220,"column":19},"end":{"line":227,"column":7}},"64":{"start":{"line":221,"column":8},"end":{"line":226,"column":9}},"65":{"start":{"line":222,"column":24},"end":{"line":222,"column":46}},"66":{"start":{"line":223,"column":10},"end":{"line":223,"column":26}},"67":{"start":{"line":225,"column":10},"end":{"line":225,"column":55}},"68":{"start":{"line":229,"column":6},"end":{"line":229,"column":13}},"69":{"start":{"line":230,"column":6},"end":{"line":230,"column":41}},"70":{"start":{"line":232,"column":6},"end":{"line":232,"column":43}},"71":{"start":{"line":232,"column":19},"end":{"line":232,"column":42}},"72":{"start":{"line":239,"column":18},"end":{"line":239,"column":67}},"73":{"start":{"line":240,"column":6},"end":{"line":240,"column":33}},"74":{"start":{"line":244,"column":6},"end":{"line":247,"column":9}},"75":{"start":{"line":251,"column":6},"end":{"line":253,"column":9}},"76":{"start":{"line":259,"column":6},"end":{"line":262,"column":9}},"77":{"start":{"line":266,"column":6},"end":{"line":266,"column":57}},"78":{"start":{"line":273,"column":6},"end":{"line":273,"column":44}},"79":{"start":{"line":280,"column":6},"end":{"line":280,"column":44}},"80":{"start":{"line":284,"column":6},"end":{"line":284,"column":44}},"81":{"start":{"line":288,"column":6},"end":{"line":291,"column":9}},"82":{"start":{"line":295,"column":6},"end":{"line":298,"column":9}},"83":{"start":{"line":302,"column":6},"end":{"line":305,"column":9}},"84":{"start":{"line":314,"column":6},"end":{"line":317,"column":9}}},"fnMap":{"0":{"name":"fetchAPI","decl":{"start":{"line":16,"column":15},"end":{"line":16,"column":23}},"loc":{"start":{"line":16,"column":67},"end":{"line":39,"column":1}}},"1":{"name":"(anonymous_1)","decl":{"start":{"line":34,"column":46},"end":{"line":34,"column":49}},"loc":{"start":{"line":34,"column":53},"end":{"line":34,"column":79}}},"2":{"name":"(anonymous_2)","decl":{"start":{"line":44,"column":11},"end":{"line":44,"column":16}},"loc":{"start":{"line":44,"column":68},"end":{"line":53,"column":5}}},"3":{"name":"(anonymous_3)","decl":{"start":{"line":55,"column":14},"end":{"line":55,"column":19}},"loc":{"start":{"line":55,"column":89},"end":{"line":66,"column":5}}},"4":{"name":"(anonymous_4)","decl":{"start":{"line":68,"column":17},"end":{"line":68,"column":22}},"loc":{"start":{"line":68,"column":43},"end":{"line":72,"column":5}}},"5":{"name":"(anonymous_5)","decl":{"start":{"line":74,"column":12},"end":{"line":74,"column":17}},"loc":{"start":{"line":74,"column":38},"end":{"line":77,"column":5}}},"6":{"name":"(anonymous_6)","decl":{"start":{"line":79,"column":17},"end":{"line":79,"column":22}},"loc":{"start":{"line":79,"column":50},"end":{"line":90,"column":5}}},"7":{"name":"(anonymous_7)","decl":{"start":{"line":95,"column":9},"end":{"line":95,"column":14}},"loc":{"start":{"line":95,"column":56},"end":{"line":101,"column":5}}},"8":{"name":"(anonymous_8)","decl":{"start":{"line":103,"column":12},"end":{"line":103,"column":17}},"loc":{"start":{"line":103,"column":87},"end":{"line":108,"column":5}}},"9":{"name":"(anonymous_9)","decl":{"start":{"line":110,"column":19},"end":{"line":110,"column":24}},"loc":{"start":{"line":110,"column":75},"end":{"line":117,"column":5}}},"10":{"name":"(anonymous_10)","decl":{"start":{"line":112,"column":36},"end":{"line":112,"column":37}},"loc":{"start":{"line":113,"column":8},"end":{"line":114,"column":83}}},"11":{"name":"(anonymous_11)","decl":{"start":{"line":122,"column":10},"end":{"line":122,"column":15}},"loc":{"start":{"line":122,"column":38},"end":{"line":124,"column":5}}},"12":{"name":"(anonymous_12)","decl":{"start":{"line":126,"column":9},"end":{"line":126,"column":14}},"loc":{"start":{"line":126,"column":56},"end":{"line":132,"column":5}}},"13":{"name":"(anonymous_13)","decl":{"start":{"line":134,"column":13},"end":{"line":134,"column":18}},"loc":{"start":{"line":134,"column":93},"end":{"line":144,"column":5}}},"14":{"name":"(anonymous_14)","decl":{"start":{"line":146,"column":15},"end":{"line":146,"column":20}},"loc":{"start":{"line":146,"column":88},"end":{"line":151,"column":5}}},"15":{"name":"(anonymous_15)","decl":{"start":{"line":156,"column":10},"end":{"line":156,"column":15}},"loc":{"start":{"line":156,"column":45},"end":{"line":158,"column":5}}},"16":{"name":"(anonymous_16)","decl":{"start":{"line":160,"column":9},"end":{"line":160,"column":14}},"loc":{"start":{"line":160,"column":65},"end":{"line":162,"column":5}}},"17":{"name":"(anonymous_17)","decl":{"start":{"line":164,"column":12},"end":{"line":164,"column":17}},"loc":{"start":{"line":164,"column":71},"end":{"line":169,"column":5}}},"18":{"name":"(anonymous_18)","decl":{"start":{"line":171,"column":10},"end":{"line":171,"column":15}},"loc":{"start":{"line":171,"column":85},"end":{"line":176,"column":5}}},"19":{"name":"(anonymous_19)","decl":{"start":{"line":178,"column":10},"end":{"line":178,"column":15}},"loc":{"start":{"line":178,"column":70},"end":{"line":183,"column":5}}},"20":{"name":"(anonymous_20)","decl":{"start":{"line":185,"column":12},"end":{"line":185,"column":17}},"loc":{"start":{"line":185,"column":62},"end":{"line":190,"column":5}}},"21":{"name":"(anonymous_21)","decl":{"start":{"line":192,"column":12},"end":{"line":192,"column":17}},"loc":{"start":{"line":192,"column":46},"end":{"line":196,"column":5}}},"22":{"name":"(anonymous_22)","decl":{"start":{"line":199,"column":18},"end":{"line":199,"column":19}},"loc":{"start":{"line":199,"column":68},"end":{"line":215,"column":5}}},"23":{"name":"(anonymous_23)","decl":{"start":{"line":202,"column":19},"end":{"line":202,"column":24}},"loc":{"start":{"line":202,"column":30},"end":{"line":209,"column":7}}},"24":{"name":"(anonymous_24)","decl":{"start":{"line":214,"column":13},"end":{"line":214,"column":16}},"loc":{"start":{"line":214,"column":19},"end":{"line":214,"column":42}}},"25":{"name":"(anonymous_25)","decl":{"start":{"line":217,"column":19},"end":{"line":217,"column":20}},"loc":{"start":{"line":217,"column":56},"end":{"line":233,"column":5}}},"26":{"name":"(anonymous_26)","decl":{"start":{"line":220,"column":19},"end":{"line":220,"column":24}},"loc":{"start":{"line":220,"column":30},"end":{"line":227,"column":7}}},"27":{"name":"(anonymous_27)","decl":{"start":{"line":232,"column":13},"end":{"line":232,"column":16}},"loc":{"start":{"line":232,"column":19},"end":{"line":232,"column":42}}},"28":{"name":"(anonymous_28)","decl":{"start":{"line":238,"column":10},"end":{"line":238,"column":15}},"loc":{"start":{"line":238,"column":64},"end":{"line":241,"column":5}}},"29":{"name":"(anonymous_29)","decl":{"start":{"line":243,"column":12},"end":{"line":243,"column":17}},"loc":{"start":{"line":243,"column":92},"end":{"line":248,"column":5}}},"30":{"name":"(anonymous_30)","decl":{"start":{"line":250,"column":12},"end":{"line":250,"column":17}},"loc":{"start":{"line":250,"column":63},"end":{"line":254,"column":5}}},"31":{"name":"(anonymous_31)","decl":{"start":{"line":258,"column":9},"end":{"line":258,"column":14}},"loc":{"start":{"line":258,"column":150},"end":{"line":263,"column":5}}},"32":{"name":"(anonymous_32)","decl":{"start":{"line":265,"column":15},"end":{"line":265,"column":20}},"loc":{"start":{"line":265,"column":65},"end":{"line":267,"column":5}}},"33":{"name":"(anonymous_33)","decl":{"start":{"line":272,"column":9},"end":{"line":272,"column":14}},"loc":{"start":{"line":272,"column":37},"end":{"line":274,"column":5}}},"34":{"name":"(anonymous_34)","decl":{"start":{"line":279,"column":14},"end":{"line":279,"column":19}},"loc":{"start":{"line":279,"column":42},"end":{"line":281,"column":5}}},"35":{"name":"(anonymous_35)","decl":{"start":{"line":283,"column":14},"end":{"line":283,"column":19}},"loc":{"start":{"line":283,"column":49},"end":{"line":285,"column":5}}},"36":{"name":"(anonymous_36)","decl":{"start":{"line":287,"column":20},"end":{"line":287,"column":25}},"loc":{"start":{"line":287,"column":107},"end":{"line":292,"column":5}}},"37":{"name":"(anonymous_37)","decl":{"start":{"line":294,"column":16},"end":{"line":294,"column":21}},"loc":{"start":{"line":294,"column":86},"end":{"line":299,"column":5}}},"38":{"name":"(anonymous_38)","decl":{"start":{"line":301,"column":16},"end":{"line":301,"column":21}},"loc":{"start":{"line":301,"column":61},"end":{"line":306,"column":5}}},"39":{"name":"(anonymous_39)","decl":{"start":{"line":313,"column":9},"end":{"line":313,"column":14}},"loc":{"start":{"line":313,"column":75},"end":{"line":318,"column":5}}}},"branchMap":{"0":{"loc":{"start":{"line":16,"column":42},"end":{"line":16,"column":67}},"type":"default-arg","locations":[{"start":{"line":16,"column":65},"end":{"line":16,"column":67}}]},"1":{"loc":{"start":{"line":24,"column":2},"end":{"line":26,"column":3}},"type":"if","locations":[{"start":{"line":24,"column":2},"end":{"line":26,"column":3}},{"start":{},"end":{}}]},"2":{"loc":{"start":{"line":33,"column":2},"end":{"line":36,"column":3}},"type":"if","locations":[{"start":{"line":33,"column":2},"end":{"line":36,"column":3}},{"start":{},"end":{}}]},"3":{"loc":{"start":{"line":35,"column":20},"end":{"line":35,"column":60}},"type":"binary-expr","locations":[{"start":{"line":35,"column":20},"end":{"line":35,"column":31}},{"start":{"line":35,"column":35},"end":{"line":35,"column":60}}]},"4":{"loc":{"start":{"line":49,"column":6},"end":{"line":51,"column":7}},"type":"if","locations":[{"start":{"line":49,"column":6},"end":{"line":51,"column":7}},{"start":{},"end":{}}]},"5":{"loc":{"start":{"line":52,"column":13},"end":{"line":52,"column":30}},"type":"binary-expr","locations":[{"start":{"line":52,"column":13},"end":{"line":52,"column":22}},{"start":{"line":52,"column":26},"end":{"line":52,"column":30}}]},"6":{"loc":{"start":{"line":61,"column":6},"end":{"line":64,"column":7}},"type":"if","locations":[{"start":{"line":61,"column":6},"end":{"line":64,"column":7}},{"start":{},"end":{}}]},"7":{"loc":{"start":{"line":81,"column":6},"end":{"line":81,"column":30}},"type":"if","locations":[{"start":{"line":81,"column":6},"end":{"line":81,"column":30}},{"start":{},"end":{}}]},"8":{"loc":{"start":{"line":113,"column":8},"end":{"line":114,"column":83}},"type":"binary-expr","locations":[{"start":{"line":113,"column":9},"end":{"line":113,"column":32}},{"start":{"line":113,"column":36},"end":{"line":113,"column":60}},{"start":{"line":114,"column":9},"end":{"line":114,"column":31}},{"start":{"line":114,"column":35},"end":{"line":114,"column":57}},{"start":{"line":114,"column":61},"end":{"line":114,"column":82}}]},"9":{"loc":{"start":{"line":116,"column":13},"end":{"line":116,"column":31}},"type":"binary-expr","locations":[{"start":{"line":116,"column":13},"end":{"line":116,"column":23}},{"start":{"line":116,"column":27},"end":{"line":116,"column":31}}]},"10":{"loc":{"start":{"line":239,"column":18},"end":{"line":239,"column":67}},"type":"cond-expr","locations":[{"start":{"line":239,"column":27},"end":{"line":239,"column":54}},{"start":{"line":239,"column":57},"end":{"line":239,"column":67}}]}},"s":{"0":1,"1":0,"2":0,"3":0,"4":0,"5":0,"6":0,"7":0,"8":0,"9":0,"10":0,"11":1,"12":0,"13":0,"14":0,"15":0,"16":0,"17":0,"18":0,"19":0,"20":0,"21":0,"22":0,"23":0,"24":0,"25":0,"26":0,"27":0,"28":0,"29":0,"30":0,"31":0,"32":0,"33":0,"34":0,"35":0,"36":0,"37":0,"38":0,"39":0,"40":0,"41":0,"42":0,"43":0,"44":0,"45":0,"46":0,"47":0,"48":0,"49":0,"50":0,"51":0,"52":0,"53":0,"54":0,"55":0,"56":0,"57":0,"58":0,"59":0,"60":0,"61":0,"62":0,"63":0,"64":0,"65":0,"66":0,"67":0,"68":0,"69":0,"70":0,"71":0,"72":0,"73":0,"74":0,"75":0,"76":0,"77":0,"78":0,"79":0,"80":0,"81":0,"82":0,"83":0,"84":0},"f":{"0":0,"1":0,"2":0,"3":0,"4":0,"5":0,"6":0,"7":0,"8":0,"9":0,"10":0,"11":0,"12":0,"13":0,"14":0,"15":0,"16":0,"17":0,"18":0,"19":0,"20":0,"21":0,"22":0,"23":0,"24":0,"25":0,"26":0,"27":0,"28":0,"29":0,"30":0,"31":0,"32":0,"33":0,"34":0,"35":0,"36":0,"37":0,"38":0,"39":0},"b":{"0":[0],"1":[0,0],"2":[0,0],"3":[0,0],"4":[0,0],"5":[0,0],"6":[0,0],"7":[0,0],"8":[0,0,0,0,0],"9":[0,0],"10":[0,0]}}
,"/home/emin/cafeduo-main/lib/socket.ts": {"path":"/home/emin/cafeduo-main/lib/socket.ts","statementMap":{"0":{"start":{"line":2,"column":0},"end":{"line":2,"column":46}},"1":{"start":{"line":4,"column":19},"end":{"line":4,"column":74}},"2":{"start":{"line":7,"column":12},"end":{"line":7,"column":41}},"3":{"start":{"line":10,"column":8},"end":{"line":10,"column":32}},"4":{"start":{"line":10,"column":25},"end":{"line":10,"column":32}},"5":{"start":{"line":12,"column":8},"end":{"line":16,"column":11}},"6":{"start":{"line":18,"column":8},"end":{"line":20,"column":11}},"7":{"start":{"line":19,"column":12},"end":{"line":19,"column":64}},"8":{"start":{"line":22,"column":8},"end":{"line":24,"column":11}},"9":{"start":{"line":23,"column":12},"end":{"line":23,"column":49}},"10":{"start":{"line":28,"column":8},"end":{"line":31,"column":9}},"11":{"start":{"line":29,"column":12},"end":{"line":29,"column":37}},"12":{"start":{"line":30,"column":12},"end":{"line":30,"column":31}},"13":{"start":{"line":35,"column":8},"end":{"line":37,"column":9}},"14":{"start":{"line":36,"column":12},"end":{"line":36,"column":27}},"15":{"start":{"line":38,"column":8},"end":{"line":38,"column":27}},"16":{"start":{"line":42,"column":8},"end":{"line":42,"column":47}},"17":{"start":{"line":46,"column":8},"end":{"line":46,"column":56}},"18":{"start":{"line":50,"column":13},"end":{"line":50,"column":49}}},"fnMap":{"0":{"name":"(anonymous_0)","decl":{"start":{"line":6,"column":0},"end":{"line":6,"column":6}},"loc":{"start":{"line":6,"column":0},"end":{"line":48,"column":1}}},"1":{"name":"(anonymous_1)","decl":{"start":{"line":9,"column":4},"end":{"line":9,"column":11}},"loc":{"start":{"line":9,"column":11},"end":{"line":25,"column":5}}},"2":{"name":"(anonymous_2)","decl":{"start":{"line":18,"column":34},"end":{"line":18,"column":37}},"loc":{"start":{"line":18,"column":39},"end":{"line":20,"column":9}}},"3":{"name":"(anonymous_3)","decl":{"start":{"line":22,"column":37},"end":{"line":22,"column":40}},"loc":{"start":{"line":22,"column":42},"end":{"line":24,"column":9}}},"4":{"name":"(anonymous_4)","decl":{"start":{"line":27,"column":4},"end":{"line":27,"column":14}},"loc":{"start":{"line":27,"column":14},"end":{"line":32,"column":5}}},"5":{"name":"(anonymous_5)","decl":{"start":{"line":34,"column":4},"end":{"line":34,"column":13}},"loc":{"start":{"line":34,"column":13},"end":{"line":39,"column":5}}},"6":{"name":"(anonymous_6)","decl":{"start":{"line":41,"column":4},"end":{"line":41,"column":12}},"loc":{"start":{"line":41,"column":27},"end":{"line":43,"column":5}}},"7":{"name":"(anonymous_7)","decl":{"start":{"line":45,"column":4},"end":{"line":45,"column":12}},"loc":{"start":{"line":45,"column":38},"end":{"line":47,"column":5}}}},"branchMap":{"0":{"loc":{"start":{"line":4,"column":19},"end":{"line":4,"column":74}},"type":"binary-expr","locations":[{"start":{"line":4,"column":19},"end":{"line":4,"column":47}},{"start":{"line":4,"column":51},"end":{"line":4,"column":74}}]},"1":{"loc":{"start":{"line":10,"column":8},"end":{"line":10,"column":32}},"type":"if","locations":[{"start":{"line":10,"column":8},"end":{"line":10,"column":32}},{"start":{},"end":{}}]},"2":{"loc":{"start":{"line":28,"column":8},"end":{"line":31,"column":9}},"type":"if","locations":[{"start":{"line":28,"column":8},"end":{"line":31,"column":9}},{"start":{},"end":{}}]},"3":{"loc":{"start":{"line":35,"column":8},"end":{"line":37,"column":9}},"type":"if","locations":[{"start":{"line":35,"column":8},"end":{"line":37,"column":9}},{"start":{},"end":{}}]}},"s":{"0":0,"1":0,"2":0,"3":0,"4":0,"5":0,"6":0,"7":0,"8":0,"9":0,"10":0,"11":0,"12":0,"13":0,"14":0,"15":0,"16":0,"17":0,"18":0},"f":{"0":0,"1":0,"2":0,"3":0,"4":0,"5":0,"6":0,"7":0},"b":{"0":[0,0],"1":[0,0],"2":[0,0],"3":[0,0]}}
}
