TN:
SF:components/ABTest.tsx
FN:9,(anonymous_0)
FN:12,(anonymous_1)
FNF:2
FNH:0
FNDA:0,(anonymous_0)
FNDA:0,(anonymous_1)
DA:1,0
DA:9,0
DA:10,0
DA:12,0
DA:14,0
DA:16,0
DA:17,0
DA:20,0
DA:21,0
DA:22,0
DA:25,0
DA:29,0
DA:31,0
LF:13
LH:0
BRDA:16,0,0,0
BRDA:16,0,1,0
BRDA:16,1,0,0
BRDA:16,1,1,0
BRDA:20,2,0,0
BRDA:20,2,1,0
BRDA:29,3,0,0
BRDA:29,3,1,0
BRDA:31,4,0,0
BRDA:31,4,1,0
BRF:10
BRH:0
end_of_record
TN:
SF:components/About.tsx
FN:4,(anonymous_0)
FNF:1
FNH:0
FNDA:0,(anonymous_0)
DA:1,0
DA:2,0
DA:4,0
DA:5,0
LF:4
LH:0
BRF:0
BRH:0
end_of_record
TN:
SF:components/Achievements.tsx
FN:18,(anonymous_0)
FN:22,(anonymous_1)
FN:23,(anonymous_2)
FN:37,(anonymous_3)
FN:52,(anonymous_4)
FNF:5
FNH:0
FNDA:0,(anonymous_0)
FNDA:0,(anonymous_1)
FNDA:0,(anonymous_2)
FNDA:0,(anonymous_3)
FNDA:0,(anonymous_4)
DA:1,0
DA:2,0
DA:18,0
DA:19,0
DA:20,0
DA:22,0
DA:23,0
DA:24,0
DA:25,0
DA:26,0
DA:27,0
DA:29,0
DA:31,0
DA:34,0
DA:37,0
DA:38,0
DA:39,0
DA:40,0
DA:41,0
DA:42,0
DA:43,0
DA:44,0
DA:48,0
DA:50,0
DA:53,0
LF:25
LH:0
BRDA:37,0,0,0
BRDA:38,1,0,0
BRDA:38,1,1,0
BRDA:38,1,2,0
BRDA:38,1,3,0
BRDA:38,1,4,0
BRDA:38,1,5,0
BRDA:48,2,0,0
BRDA:48,2,1,0
BRDA:55,3,0,0
BRDA:55,3,1,0
BRDA:60,4,0,0
BRDA:60,4,1,0
BRDA:61,5,0,0
BRDA:61,5,1,0
BRDA:66,6,0,0
BRDA:66,6,1,0
BRDA:75,7,0,0
BRDA:75,7,1,0
BRF:19
BRH:0
end_of_record
TN:
SF:components/AdminDashboard.tsx
FN:10,(anonymous_0)
FN:26,(anonymous_1)
FN:30,(anonymous_2)
FN:57,(anonymous_3)
FN:68,(anonymous_4)
FN:69,(anonymous_5)
FN:94,(anonymous_6)
FN:116,(anonymous_7)
FN:134,(anonymous_8)
FN:146,(anonymous_9)
FN:182,(anonymous_10)
FN:185,(anonymous_11)
FN:214,(anonymous_12)
FN:233,(anonymous_13)
FN:233,(anonymous_14)
FN:253,(anonymous_15)
FN:278,(anonymous_16)
FN:297,(anonymous_17)
FN:317,(anonymous_18)
FN:330,(anonymous_19)
FN:333,(anonymous_20)
FN:358,(anonymous_21)
FN:369,(anonymous_22)
FN:380,(anonymous_23)
FN:415,(anonymous_24)
FN:426,(anonymous_25)
FN:437,(anonymous_26)
FN:448,(anonymous_27)
FN:457,(anonymous_28)
FN:488,(anonymous_29)
FN:491,(anonymous_30)
FN:500,(anonymous_31)
FNF:32
FNH:0
FNDA:0,(anonymous_0)
FNDA:0,(anonymous_1)
FNDA:0,(anonymous_2)
FNDA:0,(anonymous_3)
FNDA:0,(anonymous_4)
FNDA:0,(anonymous_5)
FNDA:0,(anonymous_6)
FNDA:0,(anonymous_7)
FNDA:0,(anonymous_8)
FNDA:0,(anonymous_9)
FNDA:0,(anonymous_10)
FNDA:0,(anonymous_11)
FNDA:0,(anonymous_12)
FNDA:0,(anonymous_13)
FNDA:0,(anonymous_14)
FNDA:0,(anonymous_15)
FNDA:0,(anonymous_16)
FNDA:0,(anonymous_17)
FNDA:0,(anonymous_18)
FNDA:0,(anonymous_19)
FNDA:0,(anonymous_20)
FNDA:0,(anonymous_21)
FNDA:0,(anonymous_22)
FNDA:0,(anonymous_23)
FNDA:0,(anonymous_24)
FNDA:0,(anonymous_25)
FNDA:0,(anonymous_26)
FNDA:0,(anonymous_27)
FNDA:0,(anonymous_28)
FNDA:0,(anonymous_29)
FNDA:0,(anonymous_30)
FNDA:0,(anonymous_31)
DA:1,0
DA:2,0
DA:4,0
DA:10,0
DA:11,0
DA:12,0
DA:13,0
DA:14,0
DA:15,0
DA:16,0
DA:19,0
DA:20,0
DA:26,0
DA:27,0
DA:30,0
DA:31,0
DA:32,0
DA:33,0
DA:38,0
DA:39,0
DA:40,0
DA:42,0
DA:43,0
DA:44,0
DA:51,0
DA:53,0
DA:57,0
DA:58,0
DA:59,0
DA:60,0
DA:61,0
DA:62,0
DA:64,0
DA:68,0
DA:69,0
DA:70,0
DA:71,0
DA:72,0
DA:80,0
DA:81,0
DA:82,0
DA:83,0
DA:85,0
DA:94,0
DA:95,0
DA:97,0
DA:99,0
DA:100,0
DA:101,0
DA:102,0
DA:103,0
DA:105,0
DA:110,0
DA:111,0
DA:112,0
DA:116,0
DA:117,0
DA:118,0
DA:119,0
DA:122,0
DA:123,0
DA:124,0
DA:125,0
DA:126,0
DA:127,0
DA:128,0
DA:130,0
DA:134,0
DA:135,0
DA:136,0
DA:137,0
DA:138,0
DA:139,0
DA:141,0
DA:146,0
DA:147,0
DA:148,0
DA:149,0
DA:151,0
DA:152,0
DA:153,0
DA:154,0
DA:155,0
DA:156,0
DA:158,0
DA:162,0
DA:183,0
DA:185,0
DA:214,0
DA:233,0
DA:234,0
DA:253,0
DA:279,0
DA:297,0
DA:317,0
DA:330,0
DA:333,0
DA:358,0
DA:369,0
DA:380,0
DA:415,0
DA:426,0
DA:437,0
DA:448,0
DA:457,0
DA:488,0
DA:492,0
DA:501,0
DA:502,0
LF:109
LH:0
BRDA:42,0,0,0
BRDA:42,0,1,0
BRDA:42,1,0,0
BRDA:42,1,1,0
BRDA:45,2,0,0
BRDA:45,2,1,0
BRDA:46,3,0,0
BRDA:46,3,1,0
BRDA:47,4,0,0
BRDA:47,4,1,0
BRDA:58,5,0,0
BRDA:58,5,1,0
BRDA:70,6,0,0
BRDA:70,6,1,0
BRDA:73,7,0,0
BRDA:73,7,1,0
BRDA:74,8,0,0
BRDA:74,8,1,0
BRDA:75,9,0,0
BRDA:75,9,1,0
BRDA:97,10,0,0
BRDA:97,10,1,0
BRDA:99,11,0,0
BRDA:99,11,1,0
BRDA:111,12,0,0
BRDA:111,12,1,0
BRDA:117,13,0,0
BRDA:117,13,1,0
BRDA:117,14,0,0
BRDA:117,14,1,0
BRDA:135,15,0,0
BRDA:135,15,1,0
BRDA:147,16,0,0
BRDA:147,16,1,0
BRDA:186,17,0,0
BRDA:186,17,1,0
BRDA:202,18,0,0
BRDA:202,18,1,0
BRDA:237,19,0,0
BRDA:237,19,1,0
BRDA:240,20,0,0
BRDA:240,20,1,0
BRDA:241,21,0,0
BRDA:241,21,1,0
BRDA:244,22,0,0
BRDA:244,22,1,0
BRDA:244,23,0,0
BRDA:244,23,1,0
BRDA:248,24,0,0
BRDA:248,24,1,0
BRDA:251,25,0,0
BRDA:251,25,1,0
BRDA:254,26,0,0
BRDA:254,26,1,0
BRDA:259,27,0,0
BRDA:259,27,1,0
BRDA:272,28,0,0
BRDA:272,28,1,0
BRDA:281,29,0,0
BRDA:281,29,1,0
BRDA:283,30,0,0
BRDA:283,30,1,0
BRDA:286,31,0,0
BRDA:286,31,1,0
BRDA:287,32,0,0
BRDA:287,32,1,0
BRDA:291,33,0,0
BRDA:291,33,1,0
BRDA:293,34,0,0
BRDA:293,34,1,0
BRDA:310,35,0,0
BRDA:310,35,1,0
BRDA:331,36,0,0
BRDA:331,36,1,0
BRDA:338,37,0,0
BRDA:338,37,1,0
BRDA:404,38,0,0
BRDA:404,38,1,0
BRDA:475,39,0,0
BRDA:475,39,1,0
BRDA:475,39,2,0
BRF:81
BRH:0
end_of_record
TN:
SF:components/ArenaBattle.tsx
FN:43,(anonymous_0)
FN:75,(anonymous_1)
FN:81,(anonymous_2)
FN:123,(anonymous_3)
FN:129,(anonymous_4)
FN:133,(anonymous_5)
FN:134,(anonymous_6)
FN:144,(anonymous_7)
FN:148,(anonymous_8)
FN:151,(anonymous_9)
FN:166,(anonymous_10)
FN:169,(anonymous_11)
FN:170,(anonymous_12)
FN:173,(anonymous_13)
FN:178,(anonymous_14)
FN:257,(anonymous_15)
FN:280,(anonymous_16)
FN:292,(anonymous_17)
FN:463,(anonymous_18)
FN:474,(anonymous_19)
FN:484,(anonymous_20)
FN:494,(anonymous_21)
FN:504,(anonymous_22)
FNF:23
FNH:0
FNDA:0,(anonymous_0)
FNDA:0,(anonymous_1)
FNDA:0,(anonymous_2)
FNDA:0,(anonymous_3)
FNDA:0,(anonymous_4)
FNDA:0,(anonymous_5)
FNDA:0,(anonymous_6)
FNDA:0,(anonymous_7)
FNDA:0,(anonymous_8)
FNDA:0,(anonymous_9)
FNDA:0,(anonymous_10)
FNDA:0,(anonymous_11)
FNDA:0,(anonymous_12)
FNDA:0,(anonymous_13)
FNDA:0,(anonymous_14)
FNDA:0,(anonymous_15)
FNDA:0,(anonymous_16)
FNDA:0,(anonymous_17)
FNDA:0,(anonymous_18)
FNDA:0,(anonymous_19)
FNDA:0,(anonymous_20)
FNDA:0,(anonymous_21)
FNDA:0,(anonymous_22)
DA:1,0
DA:3,0
DA:4,0
DA:27,0
DA:35,0
DA:43,0
DA:53,0
DA:56,0
DA:59,0
DA:60,0
DA:61,0
DA:62,0
DA:65,0
DA:66,0
DA:67,0
DA:68,0
DA:71,0
DA:72,0
DA:75,0
DA:76,0
DA:77,0
DA:78,0
DA:81,0
DA:82,0
DA:83,0
DA:86,0
DA:87,0
DA:88,0
DA:92,0
DA:93,0
DA:94,0
DA:97,0
DA:98,0
DA:99,0
DA:100,0
DA:101,0
DA:103,0
DA:104,0
DA:105,0
DA:106,0
DA:110,0
DA:111,0
DA:112,0
DA:116,0
DA:120,0
DA:121,0
DA:123,0
DA:124,0
DA:129,0
DA:130,0
DA:132,0
DA:133,0
DA:134,0
DA:135,0
DA:136,0
DA:137,0
DA:138,0
DA:140,0
DA:144,0
DA:148,0
DA:149,0
DA:151,0
DA:153,0
DA:154,0
DA:155,0
DA:156,0
DA:157,0
DA:158,0
DA:159,0
DA:161,0
DA:163,0
DA:166,0
DA:169,0
DA:170,0
DA:173,0
DA:174,0
DA:175,0
DA:178,0
DA:179,0
DA:180,0
DA:181,0
DA:182,0
DA:183,0
DA:184,0
DA:185,0
DA:188,0
DA:189,0
DA:191,0
DA:194,0
DA:195,0
DA:196,0
DA:197,0
DA:199,0
DA:201,0
DA:202,0
DA:204,0
DA:205,0
DA:206,0
DA:207,0
DA:209,0
DA:210,0
DA:212,0
DA:215,0
DA:216,0
DA:218,0
DA:219,0
DA:220,0
DA:221,0
DA:222,0
DA:223,0
DA:225,0
DA:228,0
DA:229,0
DA:230,0
DA:231,0
DA:234,0
DA:235,0
DA:236,0
DA:237,0
DA:240,0
DA:241,0
DA:242,0
DA:245,0
DA:246,0
DA:247,0
DA:253,0
DA:257,0
DA:259,0
DA:260,0
DA:262,0
DA:263,0
DA:264,0
DA:265,0
DA:268,0
DA:269,0
DA:271,0
DA:275,0
DA:276,0
DA:280,0
DA:281,0
DA:282,0
DA:285,0
DA:288,0
DA:292,0
DA:293,0
DA:294,0
DA:295,0
DA:298,0
DA:301,0
DA:305,0
DA:306,0
DA:323,0
DA:464,0
DA:474,0
DA:484,0
DA:494,0
DA:504,0
LF:157
LH:0
BRDA:62,0,0,0
BRDA:62,0,1,0
BRDA:76,1,0,0
BRDA:76,1,1,0
BRDA:76,2,0,0
BRDA:76,2,1,0
BRDA:86,3,0,0
BRDA:86,3,1,0
BRDA:86,4,0,0
BRDA:86,4,1,0
BRDA:92,5,0,0
BRDA:92,5,1,0
BRDA:92,6,0,0
BRDA:92,6,1,0
BRDA:92,6,2,0
BRDA:97,7,0,0
BRDA:97,7,1,0
BRDA:98,8,0,0
BRDA:98,8,1,0
BRDA:99,9,0,0
BRDA:99,9,1,0
BRDA:100,10,0,0
BRDA:100,10,1,0
BRDA:100,11,0,0
BRDA:100,11,1,0
BRDA:101,12,0,0
BRDA:101,12,1,0
BRDA:101,13,0,0
BRDA:101,13,1,0
BRDA:103,14,0,0
BRDA:103,14,1,0
BRDA:104,15,0,0
BRDA:104,15,1,0
BRDA:105,16,0,0
BRDA:105,16,1,0
BRDA:105,17,0,0
BRDA:105,17,1,0
BRDA:106,18,0,0
BRDA:106,18,1,0
BRDA:106,19,0,0
BRDA:106,19,1,0
BRDA:110,20,0,0
BRDA:110,20,1,0
BRDA:110,21,0,0
BRDA:110,21,1,0
BRDA:124,22,0,0
BRDA:124,22,1,0
BRDA:130,23,0,0
BRDA:130,23,1,0
BRDA:130,24,0,0
BRDA:130,24,1,0
BRDA:130,24,2,0
BRDA:130,24,3,0
BRDA:135,25,0,0
BRDA:135,25,1,0
BRDA:149,26,0,0
BRDA:149,26,1,0
BRDA:149,27,0,0
BRDA:149,27,1,0
BRDA:149,27,2,0
BRDA:149,27,3,0
BRDA:154,28,0,0
BRDA:154,28,1,0
BRDA:154,29,0,0
BRDA:154,29,1,0
BRDA:156,30,0,0
BRDA:156,30,1,0
BRDA:157,31,0,0
BRDA:157,31,1,0
BRDA:158,32,0,0
BRDA:158,32,1,0
BRDA:161,33,0,0
BRDA:161,33,1,0
BRDA:174,34,0,0
BRDA:174,34,1,0
BRDA:174,35,0,0
BRDA:174,35,1,0
BRDA:174,35,2,0
BRDA:181,36,0,0
BRDA:181,36,1,0
BRDA:182,37,0,0
BRDA:182,37,1,0
BRDA:183,38,0,0
BRDA:183,38,1,0
BRDA:184,39,0,0
BRDA:184,39,1,0
BRDA:185,40,0,0
BRDA:185,40,1,0
BRDA:185,41,0,0
BRDA:185,41,1,0
BRDA:188,42,0,0
BRDA:188,42,1,0
BRDA:189,43,0,0
BRDA:189,43,1,0
BRDA:191,44,0,0
BRDA:191,44,1,0
BRDA:199,45,0,0
BRDA:199,45,1,0
BRDA:199,45,2,0
BRDA:199,45,3,0
BRDA:201,46,0,0
BRDA:201,46,1,0
BRDA:205,47,0,0
BRDA:205,47,1,0
BRDA:209,48,0,0
BRDA:209,48,1,0
BRDA:215,49,0,0
BRDA:215,49,1,0
BRDA:219,50,0,0
BRDA:219,50,1,0
BRDA:222,51,0,0
BRDA:222,51,1,0
BRDA:245,52,0,0
BRDA:245,52,1,0
BRDA:245,53,0,0
BRDA:245,53,1,0
BRDA:245,53,2,0
BRDA:248,54,0,0
BRDA:248,54,1,0
BRDA:249,55,0,0
BRDA:249,55,1,0
BRDA:250,56,0,0
BRDA:250,56,1,0
BRDA:262,57,0,0
BRDA:262,57,1,0
BRDA:263,58,0,0
BRDA:263,58,1,0
BRDA:263,59,0,0
BRDA:263,59,1,0
BRDA:268,60,0,0
BRDA:268,60,1,0
BRDA:275,61,0,0
BRDA:275,61,1,0
BRDA:275,62,0,0
BRDA:275,62,1,0
BRDA:281,63,0,0
BRDA:281,63,1,0
BRDA:282,64,0,0
BRDA:282,64,1,0
BRDA:285,65,0,0
BRDA:285,65,1,0
BRDA:294,66,0,0
BRDA:294,66,1,0
BRDA:305,67,0,0
BRDA:305,67,1,0
BRDA:341,68,0,0
BRDA:341,68,1,0
BRDA:341,68,2,0
BRDA:342,69,0,0
BRDA:342,69,1,0
BRDA:349,70,0,0
BRDA:349,70,1,0
BRDA:350,71,0,0
BRDA:350,71,1,0
BRDA:359,72,0,0
BRDA:359,72,1,0
BRDA:373,73,0,0
BRDA:373,73,1,0
BRDA:380,74,0,0
BRDA:380,74,1,0
BRDA:380,74,2,0
BRDA:419,75,0,0
BRDA:419,75,1,0
BRDA:426,76,0,0
BRDA:426,76,1,0
BRDA:426,76,2,0
BRDA:471,77,0,0
BRDA:471,77,1,0
BRDA:475,78,0,0
BRDA:475,78,1,0
BRDA:475,78,2,0
BRDA:485,79,0,0
BRDA:485,79,1,0
BRDA:485,79,2,0
BRDA:495,80,0,0
BRDA:495,80,1,0
BRDA:505,81,0,0
BRDA:505,81,1,0
BRDA:515,82,0,0
BRDA:515,82,1,0
BRDA:516,83,0,0
BRDA:516,83,1,0
BRDA:517,84,0,0
BRDA:517,84,1,0
BRDA:520,85,0,0
BRDA:520,85,1,0
BRDA:521,86,0,0
BRDA:521,86,1,0
BRDA:534,87,0,0
BRDA:534,87,1,0
BRDA:534,87,2,0
BRF:191
BRH:0
end_of_record
TN:
SF:components/AuthModal.tsx
FN:42,(anonymous_0)
FN:64,(anonymous_1)
FN:69,(anonymous_2)
FN:81,(anonymous_3)
FN:103,(anonymous_4)
FN:104,(anonymous_5)
FN:107,(anonymous_6)
FN:110,(anonymous_7)
FN:125,(anonymous_8)
FN:129,(anonymous_9)
FN:140,(anonymous_10)
FN:150,(anonymous_11)
FN:196,(anonymous_12)
FN:254,(anonymous_13)
FN:260,(anonymous_14)
FN:283,(anonymous_15)
FN:284,(anonymous_16)
FN:303,(anonymous_17)
FN:307,(anonymous_18)
FN:324,(anonymous_19)
FN:325,(anonymous_20)
FN:344,(anonymous_21)
FN:345,(anonymous_22)
FN:351,(anonymous_23)
FN:386,(anonymous_24)
FNF:25
FNH:13
FNDA:14,(anonymous_0)
FNDA:5,(anonymous_1)
FNDA:5,(anonymous_2)
FNDA:2,(anonymous_3)
FNDA:2,(anonymous_4)
FNDA:2,(anonymous_5)
FNDA:2,(anonymous_6)
FNDA:2,(anonymous_7)
FNDA:0,(anonymous_8)
FNDA:0,(anonymous_9)
FNDA:0,(anonymous_10)
FNDA:0,(anonymous_11)
FNDA:0,(anonymous_12)
FNDA:0,(anonymous_13)
FNDA:0,(anonymous_14)
FNDA:0,(anonymous_15)
FNDA:0,(anonymous_16)
FNDA:0,(anonymous_17)
FNDA:68,(anonymous_18)
FNDA:1,(anonymous_19)
FNDA:1,(anonymous_20)
FNDA:1,(anonymous_21)
FNDA:1,(anonymous_22)
FNDA:0,(anonymous_23)
FNDA:0,(anonymous_24)
DA:1,1
DA:2,1
DA:3,1
DA:4,1
DA:6,1
DA:7,1
DA:8,1
DA:18,1
DA:42,1
DA:48,14
DA:49,14
DA:50,14
DA:51,14
DA:52,14
DA:53,14
DA:56,14
DA:59,14
DA:60,14
DA:61,14
DA:62,14
DA:64,14
DA:65,5
DA:66,5
DA:69,14
DA:70,5
DA:71,5
DA:72,5
DA:73,5
DA:74,5
DA:75,5
DA:76,5
DA:77,5
DA:81,14
DA:82,2
DA:84,0
DA:85,0
DA:86,0
DA:87,0
DA:88,0
DA:89,0
DA:91,1
DA:92,1
DA:93,0
DA:95,1
DA:96,1
DA:97,0
DA:99,0
DA:103,14
DA:104,2
DA:105,2
DA:106,2
DA:107,2
DA:110,14
DA:111,2
DA:113,0
DA:114,0
DA:116,1
DA:117,1
DA:119,1
DA:120,1
DA:123,2
DA:124,0
DA:125,0
DA:129,14
DA:130,0
DA:132,0
DA:133,0
DA:135,0
DA:136,0
DA:139,0
DA:140,0
DA:141,0
DA:144,0
DA:145,0
DA:147,0
DA:150,14
DA:151,0
DA:152,0
DA:155,0
DA:156,0
DA:157,0
DA:160,0
DA:162,0
DA:163,0
DA:164,0
DA:165,0
DA:166,0
DA:168,0
DA:169,0
DA:170,0
DA:173,0
DA:174,0
DA:177,0
DA:178,0
DA:179,0
DA:180,0
DA:181,0
DA:182,0
DA:183,0
DA:184,0
DA:185,0
DA:186,0
DA:189,0
DA:190,0
DA:192,0
DA:196,14
DA:197,0
DA:198,0
DA:199,0
DA:200,0
DA:203,14
DA:205,12
DA:254,0
DA:260,0
DA:283,0
DA:284,0
DA:303,0
DA:308,68
DA:324,1
DA:325,1
DA:344,1
DA:345,1
DA:351,0
DA:386,0
LF:124
LH:60
BRDA:82,0,0,0
BRDA:82,0,1,1
BRDA:82,0,2,1
BRDA:82,0,3,0
BRDA:84,1,0,0
BRDA:84,1,1,0
BRDA:85,2,0,0
BRDA:85,2,1,0
BRDA:86,3,0,0
BRDA:86,3,1,0
BRDA:87,4,0,0
BRDA:87,4,1,0
BRDA:88,5,0,0
BRDA:88,5,1,0
BRDA:91,6,0,0
BRDA:91,6,1,1
BRDA:92,7,0,1
BRDA:92,7,1,0
BRDA:95,8,0,0
BRDA:95,8,1,1
BRDA:96,9,0,1
BRDA:96,9,1,0
BRDA:105,10,0,0
BRDA:105,10,1,2
BRDA:105,11,0,1
BRDA:105,11,1,1
BRDA:111,12,0,0
BRDA:111,12,1,1
BRDA:111,12,2,1
BRDA:123,13,0,0
BRDA:123,13,1,2
BRDA:132,14,0,0
BRDA:132,14,1,0
BRDA:141,15,0,0
BRDA:141,15,1,0
BRDA:155,16,0,0
BRDA:155,16,1,0
BRDA:163,17,0,0
BRDA:163,17,1,0
BRDA:177,18,0,0
BRDA:177,18,1,0
BRDA:177,19,0,0
BRDA:177,19,1,0
BRDA:179,20,0,0
BRDA:179,20,1,0
BRDA:181,21,0,0
BRDA:181,21,1,0
BRDA:183,22,0,0
BRDA:183,22,1,0
BRDA:185,23,0,0
BRDA:185,23,1,0
BRDA:203,24,0,2
BRDA:203,24,1,12
BRDA:238,25,0,10
BRDA:238,25,1,2
BRDA:255,26,0,10
BRDA:255,26,1,2
BRDA:261,27,0,2
BRDA:261,27,1,10
BRDA:267,28,0,12
BRDA:267,28,1,0
BRDA:276,29,0,12
BRDA:276,29,1,2
BRDA:286,30,0,0
BRDA:286,30,1,2
BRDA:286,31,0,2
BRDA:286,31,1,0
BRDA:288,32,0,2
BRDA:288,32,1,2
BRDA:288,32,2,0
BRDA:288,32,3,0
BRDA:292,33,0,2
BRDA:292,33,1,0
BRDA:292,33,2,0
BRDA:327,34,0,1
BRDA:327,34,1,11
BRDA:327,35,0,12
BRDA:327,35,1,1
BRDA:329,36,0,12
BRDA:329,36,1,11
BRDA:329,36,2,0
BRDA:329,36,3,0
BRDA:333,37,0,12
BRDA:333,37,1,1
BRDA:333,37,2,1
BRDA:342,38,0,0
BRDA:342,38,1,12
BRDA:347,39,0,1
BRDA:347,39,1,11
BRDA:347,40,0,12
BRDA:347,40,1,1
BRDA:354,41,0,0
BRDA:354,41,1,12
BRDA:357,42,0,12
BRDA:357,42,1,1
BRDA:357,42,2,1
BRDA:368,43,0,0
BRDA:368,43,1,12
BRDA:371,44,0,0
BRDA:371,44,1,0
BRDA:375,45,0,10
BRDA:375,45,1,2
BRDA:382,46,0,12
BRDA:382,46,1,10
BRF:104
BRH:51
end_of_record
TN:
SF:components/CafeDashboard.tsx
FN:11,(anonymous_0)
FN:31,(anonymous_1)
FN:40,(anonymous_2)
FN:44,(anonymous_3)
FN:53,(anonymous_4)
FN:62,(anonymous_5)
FN:80,(anonymous_6)
FN:95,(anonymous_7)
FN:106,(anonymous_8)
FN:131,(anonymous_9)
FN:152,(anonymous_10)
FN:162,(anonymous_11)
FN:172,(anonymous_12)
FN:200,(anonymous_13)
FN:272,(anonymous_14)
FN:282,(anonymous_15)
FN:291,(anonymous_16)
FN:300,(anonymous_17)
FN:325,(anonymous_18)
FN:343,(anonymous_19)
FN:384,(anonymous_20)
FNF:21
FNH:0
FNDA:0,(anonymous_0)
FNDA:0,(anonymous_1)
FNDA:0,(anonymous_2)
FNDA:0,(anonymous_3)
FNDA:0,(anonymous_4)
FNDA:0,(anonymous_5)
FNDA:0,(anonymous_6)
FNDA:0,(anonymous_7)
FNDA:0,(anonymous_8)
FNDA:0,(anonymous_9)
FNDA:0,(anonymous_10)
FNDA:0,(anonymous_11)
FNDA:0,(anonymous_12)
FNDA:0,(anonymous_13)
FNDA:0,(anonymous_14)
FNDA:0,(anonymous_15)
FNDA:0,(anonymous_16)
FNDA:0,(anonymous_17)
FNDA:0,(anonymous_18)
FNDA:0,(anonymous_19)
FNDA:0,(anonymous_20)
DA:1,0
DA:3,0
DA:4,0
DA:5,0
DA:11,0
DA:12,0
DA:15,0
DA:16,0
DA:17,0
DA:18,0
DA:21,0
DA:22,0
DA:25,0
DA:26,0
DA:27,0
DA:28,0
DA:29,0
DA:31,0
DA:32,0
DA:33,0
DA:35,0
DA:36,0
DA:40,0
DA:41,0
DA:42,0
DA:44,0
DA:45,0
DA:46,0
DA:49,0
DA:53,0
DA:54,0
DA:55,0
DA:56,0
DA:58,0
DA:62,0
DA:63,0
DA:64,0
DA:65,0
DA:66,0
DA:68,0
DA:69,0
DA:70,0
DA:71,0
DA:72,0
DA:73,0
DA:75,0
DA:76,0
DA:80,0
DA:81,0
DA:82,0
DA:83,0
DA:87,0
DA:88,0
DA:89,0
DA:91,0
DA:95,0
DA:96,0
DA:97,0
DA:98,0
DA:99,0
DA:101,0
DA:106,0
DA:107,0
DA:108,0
DA:109,0
DA:110,0
DA:111,0
DA:114,0
DA:115,0
DA:117,0
DA:118,0
DA:119,0
DA:120,0
DA:121,0
DA:122,0
DA:124,0
DA:125,0
DA:127,0
DA:131,0
DA:132,0
DA:133,0
DA:136,0
DA:152,0
DA:162,0
DA:172,0
DA:200,0
DA:272,0
DA:282,0
DA:291,0
DA:300,0
DA:326,0
DA:343,0
DA:384,0
LF:93
LH:0
BRDA:32,0,0,0
BRDA:32,0,1,0
BRDA:35,1,0,0
BRDA:35,1,1,0
BRDA:45,2,0,0
BRDA:45,2,1,0
BRDA:46,3,0,0
BRDA:46,3,1,0
BRDA:76,4,0,0
BRDA:76,4,1,0
BRDA:96,5,0,0
BRDA:96,5,1,0
BRDA:108,6,0,0
BRDA:108,6,1,0
BRDA:108,7,0,0
BRDA:108,7,1,0
BRDA:108,7,2,0
BRDA:153,8,0,0
BRDA:153,8,1,0
BRDA:163,9,0,0
BRDA:163,9,1,0
BRDA:173,10,0,0
BRDA:173,10,1,0
BRDA:183,11,0,0
BRDA:183,11,1,0
BRDA:212,12,0,0
BRDA:212,12,1,0
BRDA:213,13,0,0
BRDA:213,13,1,0
BRDA:217,14,0,0
BRDA:217,14,1,0
BRDA:229,15,0,0
BRDA:229,15,1,0
BRDA:258,16,0,0
BRDA:258,16,1,0
BRDA:318,17,0,0
BRDA:318,17,1,0
BRDA:329,18,0,0
BRDA:329,18,1,0
BRDA:330,19,0,0
BRDA:330,19,1,0
BRDA:331,20,0,0
BRDA:331,20,1,0
BRDA:332,21,0,0
BRDA:332,21,1,0
BRDA:367,22,0,0
BRDA:367,22,1,0
BRDA:402,23,0,0
BRDA:402,23,1,0
BRDA:403,24,0,0
BRDA:403,24,1,0
BRDA:403,25,0,0
BRDA:403,25,1,0
BRDA:408,26,0,0
BRDA:408,26,1,0
BRDA:423,27,0,0
BRDA:423,27,1,0
BRDA:424,28,0,0
BRDA:424,28,1,0
BRDA:428,29,0,0
BRDA:428,29,1,0
BRF:61
BRH:0
end_of_record
TN:
SF:components/CafeSelection.tsx
FN:11,(anonymous_0)
FN:19,(anonymous_1)
FN:27,(anonymous_2)
FN:42,(anonymous_3)
FN:79,(anonymous_4)
FN:83,(anonymous_5)
FN:88,(anonymous_6)
FN:141,(anonymous_7)
FN:148,(anonymous_8)
FN:165,(anonymous_9)
FN:182,(anonymous_10)
FN:193,(anonymous_11)
FNF:12
FNH:0
FNDA:0,(anonymous_0)
FNDA:0,(anonymous_1)
FNDA:0,(anonymous_2)
FNDA:0,(anonymous_3)
FNDA:0,(anonymous_4)
FNDA:0,(anonymous_5)
FNDA:0,(anonymous_6)
FNDA:0,(anonymous_7)
FNDA:0,(anonymous_8)
FNDA:0,(anonymous_9)
FNDA:0,(anonymous_10)
FNDA:0,(anonymous_11)
DA:1,0
DA:2,0
DA:3,0
DA:11,0
DA:12,0
DA:13,0
DA:14,0
DA:15,0
DA:16,0
DA:17,0
DA:19,0
DA:20,0
DA:21,0
DA:22,0
DA:23,0
DA:24,0
DA:27,0
DA:28,0
DA:29,0
DA:30,0
DA:31,0
DA:32,0
DA:33,0
DA:34,0
DA:37,0
DA:38,0
DA:42,0
DA:43,0
DA:44,0
DA:45,0
DA:48,0
DA:49,0
DA:50,0
DA:53,0
DA:54,0
DA:56,0
DA:57,0
DA:64,0
DA:65,0
DA:66,0
DA:68,0
DA:69,0
DA:70,0
DA:72,0
DA:73,0
DA:75,0
DA:79,0
DA:80,0
DA:83,0
DA:84,0
DA:85,0
DA:86,0
DA:88,0
DA:89,0
DA:90,0
DA:93,0
DA:106,0
DA:142,0
DA:143,0
DA:144,0
DA:149,0
DA:165,0
DA:183,0
DA:194,0
DA:195,0
DA:196,0
LF:66
LH:0
BRDA:23,0,0,0
BRDA:23,0,1,0
BRDA:24,1,0,0
BRDA:24,1,1,0
BRDA:33,2,0,0
BRDA:33,2,1,0
BRDA:33,3,0,0
BRDA:33,3,1,0
BRDA:38,4,0,0
BRDA:38,4,1,0
BRDA:43,5,0,0
BRDA:43,5,1,0
BRDA:43,6,0,0
BRDA:43,6,1,0
BRDA:48,7,0,0
BRDA:48,7,1,0
BRDA:48,8,0,0
BRDA:48,8,1,0
BRDA:68,9,0,0
BRDA:68,9,1,0
BRDA:69,10,0,0
BRDA:69,10,1,0
BRDA:69,11,0,0
BRDA:69,11,1,0
BRDA:90,12,0,0
BRDA:90,12,1,0
BRDA:97,13,0,0
BRDA:97,13,1,0
BRDA:98,14,0,0
BRDA:98,14,1,0
BRDA:101,15,0,0
BRDA:101,15,1,0
BRDA:121,16,0,0
BRDA:121,16,1,0
BRDA:140,17,0,0
BRDA:140,17,1,0
BRDA:163,18,0,0
BRDA:163,18,1,0
BRDA:167,19,0,0
BRDA:167,19,1,0
BRDA:196,20,0,0
BRDA:196,20,1,0
BRDA:206,21,0,0
BRDA:206,21,1,0
BRDA:228,22,0,0
BRDA:228,22,1,0
BRDA:228,22,2,0
BRDA:229,23,0,0
BRDA:229,23,1,0
BRDA:229,24,0,0
BRDA:229,24,1,0
BRDA:229,24,2,0
BRDA:234,25,0,0
BRDA:234,25,1,0
BRF:54
BRH:0
end_of_record
TN:
SF:components/CookieConsent.tsx
FN:4,(anonymous_0)
FN:7,(anonymous_1)
FN:14,(anonymous_2)
FN:40,(anonymous_3)
FNF:4
FNH:0
FNDA:0,(anonymous_0)
FNDA:0,(anonymous_1)
FNDA:0,(anonymous_2)
FNDA:0,(anonymous_3)
DA:1,0
DA:2,0
DA:4,0
DA:5,0
DA:7,0
DA:8,0
DA:9,0
DA:10,0
DA:14,0
DA:15,0
DA:16,0
DA:19,0
DA:21,0
DA:40,0
LF:14
LH:0
BRDA:9,0,0,0
BRDA:9,0,1,0
BRDA:19,1,0,0
BRDA:19,1,1,0
BRF:4
BRH:0
end_of_record
TN:
SF:components/CreateGameModal.tsx
FN:24,(anonymous_0)
FN:39,(anonymous_1)
FN:49,(anonymous_2)
FN:52,(anonymous_3)
FN:71,(anonymous_4)
FN:89,(anonymous_5)
FN:91,(anonymous_6)
FN:102,(anonymous_7)
FN:106,(anonymous_8)
FN:134,(anonymous_9)
FN:170,(anonymous_10)
FN:174,(anonymous_11)
FN:212,(anonymous_12)
FN:213,(anonymous_13)
FN:213,(anonymous_14)
FN:223,(anonymous_15)
FN:227,(anonymous_16)
FNF:17
FNH:16
FNDA:69,(anonymous_0)
FNDA:26,(anonymous_1)
FNDA:74,(anonymous_2)
FNDA:4,(anonymous_3)
FNDA:10,(anonymous_4)
FNDA:4,(anonymous_5)
FNDA:9,(anonymous_6)
FNDA:0,(anonymous_7)
FNDA:4,(anonymous_8)
FNDA:276,(anonymous_9)
FNDA:201,(anonymous_10)
FNDA:4,(anonymous_11)
FNDA:9,(anonymous_12)
FNDA:1,(anonymous_13)
FNDA:1,(anonymous_14)
FNDA:264,(anonymous_15)
FNDA:1,(anonymous_16)
DA:1,1
DA:2,1
DA:3,1
DA:4,1
DA:13,1
DA:24,1
DA:30,69
DA:31,69
DA:32,69
DA:33,69
DA:34,69
DA:36,69
DA:39,69
DA:40,26
DA:41,24
DA:42,24
DA:43,24
DA:44,24
DA:45,24
DA:49,74
DA:50,69
DA:52,69
DA:53,4
DA:55,4
DA:56,0
DA:59,4
DA:60,0
DA:63,4
DA:64,1
DA:67,4
DA:68,4
DA:71,69
DA:72,10
DA:73,10
DA:76,10
DA:77,0
DA:78,0
DA:79,0
DA:80,0
DA:81,0
DA:83,0
DA:85,0
DA:89,69
DA:90,4
DA:91,9
DA:92,4
DA:95,4
DA:96,4
DA:97,4
DA:101,4
DA:102,0
DA:106,69
DA:107,4
DA:109,4
DA:111,4
DA:112,1
DA:113,1
DA:116,3
DA:118,3
DA:119,3
DA:120,3
DA:121,3
DA:123,0
DA:125,3
DA:129,69
DA:134,276
DA:136,69
DA:138,67
DA:171,201
DA:174,4
DA:212,9
DA:213,1
DA:224,264
DA:227,1
LF:74
LH:63
BRDA:40,0,0,24
BRDA:40,0,1,2
BRDA:50,1,0,69
BRDA:50,1,1,65
BRDA:55,2,0,0
BRDA:55,2,1,4
BRDA:59,3,0,0
BRDA:59,3,1,4
BRDA:63,4,0,1
BRDA:63,4,1,3
BRDA:72,5,0,10
BRDA:72,5,1,0
BRDA:76,6,0,0
BRDA:76,6,1,10
BRDA:78,7,0,0
BRDA:78,7,1,0
BRDA:80,8,0,0
BRDA:80,8,1,0
BRDA:92,9,0,4
BRDA:92,9,1,0
BRDA:95,10,0,4
BRDA:95,10,1,0
BRDA:101,11,0,0
BRDA:101,11,1,4
BRDA:111,12,0,1
BRDA:111,12,1,3
BRDA:123,13,0,0
BRDA:123,13,1,0
BRDA:134,14,0,276
BRDA:134,14,1,276
BRDA:136,15,0,2
BRDA:136,15,1,67
BRDA:176,16,0,67
BRDA:176,16,1,134
BRDA:186,17,0,201
BRDA:186,17,1,134
BRDA:191,18,0,201
BRDA:191,18,1,67
BRDA:198,19,0,67
BRDA:198,19,1,0
BRDA:216,20,0,1
BRDA:216,20,1,66
BRDA:216,21,0,67
BRDA:216,21,1,1
BRDA:229,22,0,58
BRDA:229,22,1,206
BRDA:239,23,0,67
BRDA:239,23,1,1
BRDA:239,23,2,1
BRDA:258,24,0,4
BRDA:258,24,1,63
BRDA:269,25,0,0
BRDA:269,25,1,67
BRF:53
BRH:38
end_of_record
TN:
SF:components/Dashboard.tsx
FN:36,(anonymous_0)
FN:86,(anonymous_1)
FN:102,(anonymous_2)
FN:116,(anonymous_3)
FN:127,(anonymous_4)
FN:144,(anonymous_5)
FN:150,(anonymous_6)
FN:217,(anonymous_7)
FN:224,(anonymous_8)
FN:313,(anonymous_9)
FNF:10
FNH:6
FNDA:26,(anonymous_0)
FNDA:2,(anonymous_1)
FNDA:1,(anonymous_2)
FNDA:0,(anonymous_3)
FNDA:2,(anonymous_4)
FNDA:0,(anonymous_5)
FNDA:0,(anonymous_6)
FNDA:75,(anonymous_7)
FNDA:4,(anonymous_8)
FNDA:0,(anonymous_9)
DA:8,1
DA:10,1
DA:11,1
DA:12,1
DA:13,1
DA:14,1
DA:15,1
DA:16,1
DA:19,1
DA:20,1
DA:23,1
DA:24,1
DA:25,1
DA:28,1
DA:29,1
DA:36,1
DA:42,26
DA:45,26
DA:46,26
DA:49,26
DA:50,26
DA:51,26
DA:69,26
DA:79,26
DA:86,26
DA:87,2
DA:88,0
DA:89,0
DA:90,0
DA:93,2
DA:94,2
DA:95,1
DA:97,1
DA:102,26
DA:103,1
DA:104,0
DA:105,0
DA:108,1
DA:109,1
DA:111,0
DA:116,26
DA:117,0
DA:118,0
DA:127,26
DA:128,2
DA:129,2
DA:132,1
DA:137,1
DA:139,1
DA:144,26
DA:145,0
DA:146,0
DA:150,26
DA:151,0
DA:158,26
DA:159,1
DA:199,25
DA:218,75
DA:219,75
DA:221,75
DA:224,4
DA:313,0
DA:321,1
LF:63
LH:51
BRDA:45,0,0,26
BRDA:45,0,1,2
BRDA:87,1,0,0
BRDA:87,1,1,2
BRDA:103,2,0,0
BRDA:103,2,1,1
BRDA:117,3,0,0
BRDA:117,3,1,0
BRDA:139,4,0,1
BRDA:139,4,1,0
BRDA:158,5,0,1
BRDA:158,5,1,25
BRDA:170,6,0,1
BRDA:170,6,1,0
BRDA:177,7,0,0
BRDA:177,7,1,0
BRDA:226,8,0,25
BRDA:226,8,1,50
BRDA:227,9,0,22
BRDA:227,9,1,3
BRDA:227,10,0,2
BRDA:227,10,1,1
BRDA:232,11,0,75
BRDA:232,11,1,25
BRDA:236,12,0,22
BRDA:236,12,1,3
BRDA:237,13,0,2
BRDA:237,13,1,1
BRDA:263,14,0,25
BRDA:263,14,1,22
BRDA:300,15,0,25
BRDA:300,15,1,2
BRDA:304,16,0,25
BRDA:304,16,1,1
BRF:34
BRH:26
end_of_record
TN:
SF:components/DungeonClash.tsx
FN:33,(anonymous_0)
FN:45,(anonymous_1)
FN:70,(anonymous_2)
FN:76,(anonymous_3)
FN:105,(anonymous_4)
FN:110,(anonymous_5)
FN:111,(anonymous_6)
FN:114,(anonymous_7)
FN:125,(anonymous_8)
FN:141,(anonymous_9)
FN:169,(anonymous_10)
FN:179,(anonymous_11)
FN:185,(anonymous_12)
FN:188,(anonymous_13)
FN:196,(anonymous_14)
FN:322,(anonymous_15)
FN:331,(anonymous_16)
FN:334,(anonymous_17)
FNF:18
FNH:0
FNDA:0,(anonymous_0)
FNDA:0,(anonymous_1)
FNDA:0,(anonymous_2)
FNDA:0,(anonymous_3)
FNDA:0,(anonymous_4)
FNDA:0,(anonymous_5)
FNDA:0,(anonymous_6)
FNDA:0,(anonymous_7)
FNDA:0,(anonymous_8)
FNDA:0,(anonymous_9)
FNDA:0,(anonymous_10)
FNDA:0,(anonymous_11)
FNDA:0,(anonymous_12)
FNDA:0,(anonymous_13)
FNDA:0,(anonymous_14)
FNDA:0,(anonymous_15)
FNDA:0,(anonymous_16)
FNDA:0,(anonymous_17)
DA:1,0
DA:3,0
DA:4,0
DA:26,0
DA:33,0
DA:34,0
DA:35,0
DA:40,0
DA:42,0
DA:45,0
DA:54,0
DA:55,0
DA:56,0
DA:57,0
DA:58,0
DA:59,0
DA:60,0
DA:61,0
DA:62,0
DA:63,0
DA:64,0
DA:65,0
DA:67,0
DA:70,0
DA:71,0
DA:72,0
DA:73,0
DA:76,0
DA:77,0
DA:78,0
DA:81,0
DA:82,0
DA:83,0
DA:87,0
DA:88,0
DA:89,0
DA:91,0
DA:92,0
DA:93,0
DA:94,0
DA:98,0
DA:102,0
DA:103,0
DA:105,0
DA:106,0
DA:110,0
DA:111,0
DA:114,0
DA:115,0
DA:117,0
DA:119,0
DA:121,0
DA:122,0
DA:123,0
DA:125,0
DA:126,0
DA:128,0
DA:130,0
DA:131,0
DA:136,0
DA:137,0
DA:141,0
DA:142,0
DA:144,0
DA:145,0
DA:146,0
DA:147,0
DA:149,0
DA:150,0
DA:151,0
DA:152,0
DA:153,0
DA:154,0
DA:155,0
DA:156,0
DA:157,0
DA:158,0
DA:159,0
DA:160,0
DA:162,0
DA:163,0
DA:166,0
DA:169,0
DA:170,0
DA:171,0
DA:172,0
DA:173,0
DA:175,0
DA:176,0
DA:179,0
DA:180,0
DA:181,0
DA:185,0
DA:186,0
DA:187,0
DA:188,0
DA:189,0
DA:190,0
DA:196,0
DA:197,0
DA:198,0
DA:199,0
DA:202,0
DA:205,0
DA:209,0
DA:210,0
DA:227,0
DA:323,0
DA:332,0
DA:334,0
LF:110
LH:0
BRDA:34,0,0,0
BRDA:34,0,1,0
BRDA:35,1,0,0
BRDA:35,1,1,0
BRDA:36,2,0,0
BRDA:36,2,1,0
BRDA:36,2,2,0
BRDA:36,2,3,0
BRDA:36,2,4,0
BRDA:36,2,5,0
BRDA:63,3,0,0
BRDA:63,3,1,0
BRDA:71,4,0,0
BRDA:71,4,1,0
BRDA:71,5,0,0
BRDA:71,5,1,0
BRDA:81,6,0,0
BRDA:81,6,1,0
BRDA:81,7,0,0
BRDA:81,7,1,0
BRDA:87,8,0,0
BRDA:87,8,1,0
BRDA:87,9,0,0
BRDA:87,9,1,0
BRDA:89,10,0,0
BRDA:89,10,1,0
BRDA:91,11,0,0
BRDA:91,11,1,0
BRDA:106,12,0,0
BRDA:106,12,1,0
BRDA:115,13,0,0
BRDA:115,13,1,0
BRDA:115,14,0,0
BRDA:115,14,1,0
BRDA:119,15,0,0
BRDA:119,15,1,0
BRDA:128,16,0,0
BRDA:128,16,1,0
BRDA:132,17,0,0
BRDA:132,17,1,0
BRDA:133,18,0,0
BRDA:133,18,1,0
BRDA:149,19,0,0
BRDA:149,19,1,0
BRDA:155,20,0,0
BRDA:155,20,1,0
BRDA:170,21,0,0
BRDA:170,21,1,0
BRDA:170,22,0,0
BRDA:170,22,1,0
BRDA:172,23,0,0
BRDA:172,23,1,0
BRDA:172,24,0,0
BRDA:172,24,1,0
BRDA:175,25,0,0
BRDA:175,25,1,0
BRDA:175,26,0,0
BRDA:175,26,1,0
BRDA:180,27,0,0
BRDA:180,27,1,0
BRDA:181,28,0,0
BRDA:181,28,1,0
BRDA:198,29,0,0
BRDA:198,29,1,0
BRDA:209,30,0,0
BRDA:209,30,1,0
BRDA:251,31,0,0
BRDA:251,31,1,0
BRDA:261,32,0,0
BRDA:261,32,1,0
BRDA:293,33,0,0
BRDA:293,33,1,0
BRDA:293,34,0,0
BRDA:293,34,1,0
BRDA:293,35,0,0
BRDA:293,35,1,0
BRDA:294,36,0,0
BRDA:294,36,1,0
BRDA:308,37,0,0
BRDA:308,37,1,0
BRDA:308,38,0,0
BRDA:308,38,1,0
BRDA:308,39,0,0
BRDA:308,39,1,0
BRDA:309,40,0,0
BRDA:309,40,1,0
BRDA:309,41,0,0
BRDA:309,41,1,0
BRDA:328,42,0,0
BRDA:328,42,1,0
BRDA:329,43,0,0
BRDA:329,43,1,0
BRDA:329,44,0,0
BRDA:329,44,1,0
BRDA:343,45,0,0
BRDA:343,45,1,0
BRDA:350,46,0,0
BRDA:350,46,1,0
BRDA:351,47,0,0
BRDA:351,47,1,0
BRDA:352,48,0,0
BRDA:352,48,1,0
BRDA:355,49,0,0
BRDA:355,49,1,0
BRDA:356,50,0,0
BRDA:356,50,1,0
BRDA:369,51,0,0
BRDA:369,51,1,0
BRDA:369,51,2,0
BRF:109
BRH:0
end_of_record
TN:
SF:components/EmptyState.tsx
FN:21,(anonymous_0)
FNF:1
FNH:0
FNDA:0,(anonymous_0)
DA:1,0
DA:3,0
DA:21,0
DA:29,0
DA:30,0
DA:46,0
DA:92,0
LF:7
LH:0
BRDA:27,0,0,0
BRDA:29,1,0,0
BRDA:29,1,1,0
BRDA:37,2,0,0
BRDA:37,2,1,0
BRDA:68,3,0,0
BRDA:68,3,1,0
BRDA:74,4,0,0
BRDA:74,4,1,0
BRDA:79,5,0,0
BRDA:79,5,1,0
BRF:11
BRH:0
end_of_record
TN:
SF:components/ErrorBoundary.tsx
FN:14,(anonymous_0)
FN:21,(anonymous_1)
FN:25,(anonymous_2)
FN:30,(anonymous_3)
FN:53,(anonymous_4)
FNF:5
FNH:0
FNDA:0,(anonymous_0)
FNDA:0,(anonymous_1)
FNDA:0,(anonymous_2)
FNDA:0,(anonymous_3)
FNDA:0,(anonymous_4)
DA:1,0
DA:2,0
DA:14,0
DA:15,0
DA:22,0
DA:26,0
DA:27,0
DA:31,0
DA:32,0
DA:54,0
DA:55,0
DA:66,0
LF:12
LH:0
BRDA:31,0,0,0
BRDA:31,0,1,0
BRF:2
BRH:0
end_of_record
TN:
SF:components/Footer.tsx
FN:5,(anonymous_0)
FNF:1
FNH:0
FNDA:0,(anonymous_0)
DA:1,0
DA:2,0
DA:3,0
DA:5,0
DA:6,0
LF:5
LH:0
BRF:0
BRH:0
end_of_record
TN:
SF:components/GameLobby.tsx
FN:14,(anonymous_0)
FN:98,(anonymous_1)
FN:116,(anonymous_2)
FN:128,(anonymous_3)
FN:148,(anonymous_4)
FNF:5
FNH:4
FNDA:13,(anonymous_0)
FNDA:20,(anonymous_1)
FNDA:1,(anonymous_2)
FNDA:0,(anonymous_3)
FNDA:1,(anonymous_4)
DA:1,1
DA:2,1
DA:3,1
DA:14,1
DA:21,13
DA:99,20
DA:116,1
DA:128,0
DA:148,1
DA:169,1
LF:10
LH:9
BRDA:80,0,0,2
BRDA:80,0,1,11
BRDA:122,1,0,20
BRDA:122,1,1,1
BRDA:128,2,0,0
BRDA:128,2,1,0
BRDA:131,3,0,20
BRDA:131,3,1,1
BRDA:138,4,0,20
BRDA:138,4,1,11
BRDA:139,5,0,20
BRDA:139,5,1,0
BRDA:140,6,0,20
BRDA:140,6,1,9
BRDA:146,7,0,19
BRDA:146,7,1,1
BRF:16
BRH:13
end_of_record
TN:
SF:components/Games.tsx
FN:5,(anonymous_0)
FN:54,(anonymous_1)
FNF:2
FNH:0
FNDA:0,(anonymous_0)
FNDA:0,(anonymous_1)
DA:1,0
DA:3,0
DA:5,0
DA:6,0
DA:54,0
DA:55,0
LF:6
LH:0
BRDA:7,0,0,0
BRDA:7,0,1,0
BRDA:10,1,0,0
BRDA:10,1,1,0
BRDA:22,2,0,0
BRDA:22,2,1,0
BRDA:35,3,0,0
BRDA:35,3,1,0
BRDA:39,4,0,0
BRDA:39,4,1,0
BRDA:40,5,0,0
BRDA:40,5,1,0
BRDA:45,6,0,0
BRDA:45,6,1,0
BRDA:46,7,0,0
BRDA:46,7,1,0
BRF:16
BRH:0
end_of_record
TN:
SF:components/Hero.tsx
FN:15,(anonymous_0)
FN:18,(anonymous_1)
FNF:2
FNH:0
FNDA:0,(anonymous_0)
FNDA:0,(anonymous_1)
DA:1,0
DA:2,0
DA:3,0
DA:4,0
DA:5,0
DA:15,0
DA:16,0
DA:18,0
DA:19,0
DA:20,0
DA:21,0
DA:22,0
DA:24,0
DA:28,0
LF:14
LH:0
BRDA:19,0,0,0
BRDA:19,0,1,0
BRDA:21,1,0,0
BRDA:21,1,1,0
BRDA:57,2,0,0
BRDA:57,2,1,0
BRF:6
BRH:0
end_of_record
TN:
SF:components/HowItWorks.tsx
FN:4,(anonymous_0)
FN:46,(anonymous_1)
FNF:2
FNH:0
FNDA:0,(anonymous_0)
FNDA:0,(anonymous_1)
DA:1,0
DA:2,0
DA:4,0
DA:5,0
DA:26,0
DA:47,0
LF:6
LH:0
BRDA:50,0,0,0
BRDA:50,0,1,0
BRF:2
BRH:0
end_of_record
TN:
SF:components/Leaderboard.tsx
FN:15,(anonymous_0)
FN:21,(anonymous_1)
FN:25,(anonymous_2)
FN:38,(anonymous_3)
FN:56,(anonymous_4)
FN:62,(anonymous_5)
FN:72,(anonymous_6)
FN:75,(anonymous_7)
FN:108,(anonymous_8)
FNF:9
FNH:0
FNDA:0,(anonymous_0)
FNDA:0,(anonymous_1)
FNDA:0,(anonymous_2)
FNDA:0,(anonymous_3)
FNDA:0,(anonymous_4)
FNDA:0,(anonymous_5)
FNDA:0,(anonymous_6)
FNDA:0,(anonymous_7)
FNDA:0,(anonymous_8)
DA:1,0
DA:2,0
DA:3,0
DA:15,0
DA:16,0
DA:17,0
DA:18,0
DA:19,0
DA:21,0
DA:22,0
DA:25,0
DA:26,0
DA:27,0
DA:28,0
DA:29,0
DA:30,0
DA:32,0
DA:34,0
DA:38,0
DA:39,0
DA:40,0
DA:41,0
DA:42,0
DA:45,0
DA:56,0
DA:62,0
DA:72,0
DA:76,0
DA:109,0
LF:29
LH:0
BRDA:39,0,0,0
BRDA:39,0,1,0
BRDA:40,1,0,0
BRDA:40,1,1,0
BRDA:41,2,0,0
BRDA:41,2,1,0
BRDA:57,3,0,0
BRDA:57,3,1,0
BRDA:63,4,0,0
BRDA:63,4,1,0
BRDA:69,5,0,0
BRDA:69,5,1,0
BRDA:95,6,0,0
BRDA:95,6,1,0
BRDA:101,7,0,0
BRDA:101,7,1,0
BRDA:122,8,0,0
BRDA:122,8,1,0
BRF:18
BRH:0
end_of_record
TN:
SF:components/Navbar.tsx
FN:12,(anonymous_0)
FN:18,(anonymous_1)
FN:19,(anonymous_2)
FN:23,(anonymous_3)
FN:27,(anonymous_4)
FN:33,(anonymous_5)
FN:38,(anonymous_6)
FN:43,(anonymous_7)
FN:74,(anonymous_8)
FN:98,(anonymous_9)
FN:104,(anonymous_10)
FN:142,(anonymous_11)
FN:186,(anonymous_12)
FN:201,(anonymous_13)
FN:212,(anonymous_14)
FN:218,(anonymous_15)
FN:243,(anonymous_16)
FNF:17
FNH:0
FNDA:0,(anonymous_0)
FNDA:0,(anonymous_1)
FNDA:0,(anonymous_2)
FNDA:0,(anonymous_3)
FNDA:0,(anonymous_4)
FNDA:0,(anonymous_5)
FNDA:0,(anonymous_6)
FNDA:0,(anonymous_7)
FNDA:0,(anonymous_8)
FNDA:0,(anonymous_9)
FNDA:0,(anonymous_10)
FNDA:0,(anonymous_11)
FNDA:0,(anonymous_12)
FNDA:0,(anonymous_13)
FNDA:0,(anonymous_14)
FNDA:0,(anonymous_15)
FNDA:0,(anonymous_16)
DA:1,0
DA:2,0
DA:3,0
DA:4,0
DA:5,0
DA:12,0
DA:13,0
DA:14,0
DA:15,0
DA:16,0
DA:18,0
DA:19,0
DA:20,0
DA:22,0
DA:23,0
DA:27,0
DA:28,0
DA:29,0
DA:31,0
DA:33,0
DA:34,0
DA:38,0
DA:39,0
DA:40,0
DA:41,0
DA:42,0
DA:43,0
DA:44,0
DA:45,0
DA:46,0
DA:50,0
DA:51,0
DA:52,0
DA:58,0
DA:75,0
DA:76,0
DA:78,0
DA:99,0
DA:104,0
DA:142,0
DA:186,0
DA:201,0
DA:213,0
DA:218,0
DA:244,0
DA:245,0
DA:271,0
LF:47
LH:0
BRDA:12,0,0,0
BRDA:28,1,0,0
BRDA:28,1,1,0
BRDA:40,2,0,0
BRDA:40,2,1,0
BRDA:41,3,0,0
BRDA:41,3,1,0
BRDA:45,4,0,0
BRDA:45,4,1,0
BRDA:51,5,0,0
BRDA:51,5,1,0
BRDA:62,6,0,0
BRDA:62,6,1,0
BRDA:62,7,0,0
BRDA:62,7,1,0
BRDA:75,8,0,0
BRDA:75,8,1,0
BRDA:97,9,0,0
BRDA:97,9,1,0
BRDA:145,10,0,0
BRDA:145,10,1,0
BRDA:148,11,0,0
BRDA:148,11,1,0
BRDA:177,12,0,0
BRDA:177,12,1,0
BRDA:211,13,0,0
BRDA:211,13,1,0
BRDA:244,14,0,0
BRDA:244,14,1,0
BRF:29
BRH:0
end_of_record
TN:
SF:components/PrivacyPolicy.tsx
FN:4,(anonymous_0)
FNF:1
FNH:0
FNDA:0,(anonymous_0)
DA:1,0
DA:2,0
DA:4,0
DA:5,0
LF:4
LH:0
BRF:0
BRH:0
end_of_record
TN:
SF:components/RetroButton.tsx
FN:14,(anonymous_0)
FNF:1
FNH:1
FNDA:24,(anonymous_0)
DA:1,3
DA:2,3
DA:14,3
DA:24,24
DA:30,24
DA:36,24
DA:63,24
DA:67,24
DA:103,3
LF:9
LH:9
BRDA:17,0,0,20
BRDA:18,1,0,12
BRDA:19,2,0,11
BRDA:20,3,0,10
BRDA:21,4,0,21
BRDA:63,5,0,2
BRDA:63,5,1,22
BRDA:79,6,0,2
BRDA:79,6,1,22
BRDA:83,7,0,2
BRDA:83,7,1,22
BRF:11
BRH:11
end_of_record
TN:
SF:components/RockPaperScissors.tsx
FN:22,(anonymous_0)
FN:39,(anonymous_1)
FN:46,(anonymous_2)
FN:48,(anonymous_3)
FN:57,(anonymous_4)
FN:59,(anonymous_5)
FN:70,(anonymous_6)
FN:73,(anonymous_7)
FN:84,(anonymous_8)
FN:92,(anonymous_9)
FN:95,(anonymous_10)
FN:97,(anonymous_11)
FN:106,(anonymous_12)
FN:114,(anonymous_13)
FN:126,(anonymous_14)
FN:130,(anonymous_15)
FN:136,(anonymous_16)
FN:146,(anonymous_17)
FN:208,(anonymous_18)
FN:211,(anonymous_19)
FN:214,(anonymous_20)
FNF:21
FNH:0
FNDA:0,(anonymous_0)
FNDA:0,(anonymous_1)
FNDA:0,(anonymous_2)
FNDA:0,(anonymous_3)
FNDA:0,(anonymous_4)
FNDA:0,(anonymous_5)
FNDA:0,(anonymous_6)
FNDA:0,(anonymous_7)
FNDA:0,(anonymous_8)
FNDA:0,(anonymous_9)
FNDA:0,(anonymous_10)
FNDA:0,(anonymous_11)
FNDA:0,(anonymous_12)
FNDA:0,(anonymous_13)
FNDA:0,(anonymous_14)
FNDA:0,(anonymous_15)
FNDA:0,(anonymous_16)
FNDA:0,(anonymous_17)
FNDA:0,(anonymous_18)
FNDA:0,(anonymous_19)
FNDA:0,(anonymous_20)
DA:1,0
DA:3,0
DA:4,0
DA:16,0
DA:22,0
DA:23,0
DA:24,0
DA:25,0
DA:26,0
DA:27,0
DA:28,0
DA:29,0
DA:30,0
DA:31,0
DA:32,0
DA:33,0
DA:35,0
DA:36,0
DA:39,0
DA:40,0
DA:42,0
DA:43,0
DA:44,0
DA:46,0
DA:47,0
DA:48,0
DA:49,0
DA:50,0
DA:51,0
DA:52,0
DA:57,0
DA:59,0
DA:60,0
DA:61,0
DA:63,0
DA:64,0
DA:65,0
DA:66,0
DA:67,0
DA:68,0
DA:70,0
DA:73,0
DA:74,0
DA:75,0
DA:76,0
DA:79,0
DA:80,0
DA:81,0
DA:82,0
DA:84,0
DA:85,0
DA:86,0
DA:87,0
DA:88,0
DA:92,0
DA:93,0
DA:94,0
DA:95,0
DA:97,0
DA:98,0
DA:99,0
DA:100,0
DA:101,0
DA:102,0
DA:106,0
DA:107,0
DA:109,0
DA:110,0
DA:111,0
DA:114,0
DA:115,0
DA:116,0
DA:118,0
DA:119,0
DA:120,0
DA:125,0
DA:126,0
DA:127,0
DA:129,0
DA:130,0
DA:133,0
DA:134,0
DA:136,0
DA:140,0
DA:141,0
DA:142,0
DA:146,0
DA:147,0
DA:148,0
DA:149,0
DA:151,0
DA:165,0
DA:208,0
DA:211,0
DA:214,0
LF:95
LH:0
BRDA:31,0,0,0
BRDA:31,0,1,0
BRDA:32,1,0,0
BRDA:32,1,1,0
BRDA:40,2,0,0
BRDA:40,2,1,0
BRDA:40,3,0,0
BRDA:40,3,1,0
BRDA:47,4,0,0
BRDA:47,4,1,0
BRDA:49,5,0,0
BRDA:49,5,1,0
BRDA:52,6,0,0
BRDA:52,6,1,0
BRDA:60,7,0,0
BRDA:60,7,1,0
BRDA:61,8,0,0
BRDA:61,8,1,0
BRDA:68,9,0,0
BRDA:68,9,1,0
BRDA:68,10,0,0
BRDA:68,10,1,0
BRDA:93,11,0,0
BRDA:93,11,1,0
BRDA:93,12,0,0
BRDA:93,12,1,0
BRDA:93,12,2,0
BRDA:95,13,0,0
BRDA:95,13,1,0
BRDA:95,14,0,0
BRDA:95,14,1,0
BRDA:107,15,0,0
BRDA:107,15,1,0
BRDA:107,16,0,0
BRDA:107,16,1,0
BRDA:109,17,0,0
BRDA:109,17,1,0
BRDA:119,18,0,0
BRDA:119,18,1,0
BRDA:120,19,0,0
BRDA:120,19,1,0
BRDA:121,20,0,0
BRDA:121,20,1,0
BRDA:121,20,2,0
BRDA:121,20,3,0
BRDA:121,20,4,0
BRDA:121,20,5,0
BRDA:133,21,0,0
BRDA:133,21,1,0
BRDA:134,22,0,0
BRDA:134,22,1,0
BRDA:134,23,0,0
BRDA:134,23,1,0
BRDA:146,24,0,0
BRDA:146,25,0,0
BRDA:147,26,0,0
BRDA:147,26,1,0
BRDA:149,27,0,0
BRDA:149,27,1,0
BRDA:155,28,0,0
BRDA:155,28,1,0
BRDA:156,29,0,0
BRDA:156,29,1,0
BRDA:181,30,0,0
BRDA:181,30,1,0
BRDA:183,31,0,0
BRDA:183,31,1,0
BRDA:184,32,0,0
BRDA:184,32,1,0
BRDA:193,33,0,0
BRDA:193,33,1,0
BRDA:193,33,2,0
BRDA:201,34,0,0
BRDA:201,34,1,0
BRDA:201,34,2,0
BRDA:201,34,3,0
BRDA:220,35,0,0
BRDA:220,35,1,0
BRDA:220,35,2,0
BRDA:226,36,0,0
BRDA:226,36,1,0
BRDA:232,37,0,0
BRDA:232,37,1,0
BRDA:235,38,0,0
BRDA:235,38,1,0
BRDA:248,39,0,0
BRDA:248,39,1,0
BRDA:251,40,0,0
BRDA:251,40,1,0
BRDA:256,41,0,0
BRDA:256,41,1,0
BRF:91
BRH:0
end_of_record
TN:
SF:components/Skeleton.tsx
FN:16,(anonymous_0)
FN:39,(anonymous_1)
FN:45,(anonymous_2)
FN:56,(anonymous_3)
FN:78,(anonymous_4)
FN:90,(anonymous_5)
FN:105,(anonymous_6)
FN:113,(anonymous_7)
FN:125,(anonymous_8)
FN:138,(anonymous_9)
FN:186,(anonymous_10)
FN:212,(anonymous_11)
FN:215,(anonymous_12)
FNF:13
FNH:0
FNDA:0,(anonymous_0)
FNDA:0,(anonymous_1)
FNDA:0,(anonymous_2)
FNDA:0,(anonymous_3)
FNDA:0,(anonymous_4)
FNDA:0,(anonymous_5)
FNDA:0,(anonymous_6)
FNDA:0,(anonymous_7)
FNDA:0,(anonymous_8)
FNDA:0,(anonymous_9)
FNDA:0,(anonymous_10)
FNDA:0,(anonymous_11)
FNDA:0,(anonymous_12)
DA:8,0
DA:9,0
DA:16,0
DA:17,0
DA:39,0
DA:43,0
DA:46,0
DA:56,0
DA:57,0
DA:78,0
DA:82,0
DA:91,0
DA:105,0
DA:106,0
DA:114,0
DA:125,0
DA:126,0
DA:138,0
DA:143,0
DA:149,0
DA:155,0
DA:186,0
DA:191,0
DA:212,0
DA:213,0
DA:216,0
DA:234,0
LF:27
LH:0
BRDA:16,0,0,0
BRDA:40,1,0,0
BRDA:41,2,0,0
BRDA:48,3,0,0
BRDA:48,3,1,0
BRDA:79,4,0,0
BRDA:80,5,0,0
BRDA:85,6,0,0
BRDA:85,6,1,0
BRDA:86,7,0,0
BRDA:86,7,1,0
BRDA:125,8,0,0
BRDA:127,9,0,0
BRDA:127,9,1,0
BRDA:139,10,0,0
BRDA:141,11,0,0
BRDA:166,12,0,0
BRDA:166,12,1,0
BRDA:188,13,0,0
BRDA:196,14,0,0
BRDA:196,14,1,0
BRDA:212,15,0,0
BRF:22
BRH:0
end_of_record
TN:
SF:components/Toast.tsx
FN:15,(anonymous_0)
FN:22,(anonymous_1)
FN:25,(anonymous_2)
FN:28,(anonymous_3)
FN:31,(anonymous_4)
FN:40,(anonymous_5)
FN:49,(anonymous_6)
FNF:7
FNH:0
FNDA:0,(anonymous_0)
FNDA:0,(anonymous_1)
FNDA:0,(anonymous_2)
FNDA:0,(anonymous_3)
FNDA:0,(anonymous_4)
FNDA:0,(anonymous_5)
FNDA:0,(anonymous_6)
DA:1,0
DA:2,0
DA:3,0
DA:15,0
DA:22,0
DA:23,0
DA:25,0
DA:26,0
DA:28,0
DA:31,0
DA:32,0
DA:33,0
DA:34,0
DA:35,0
DA:36,0
DA:40,0
DA:41,0
DA:42,0
DA:43,0
DA:44,0
DA:45,0
DA:49,0
DA:50,0
DA:51,0
DA:52,0
DA:53,0
DA:54,0
DA:58,0
DA:81,0
LF:29
LH:0
BRDA:18,0,0,0
BRDA:20,1,0,0
BRDA:23,2,0,0
BRDA:23,2,1,0
BRDA:32,3,0,0
BRDA:32,3,1,0
BRDA:32,3,2,0
BRDA:32,3,3,0
BRDA:41,4,0,0
BRDA:41,4,1,0
BRDA:41,4,2,0
BRDA:41,4,3,0
BRDA:50,5,0,0
BRDA:50,5,1,0
BRDA:50,5,2,0
BRDA:50,5,3,0
BRF:16
BRH:0
end_of_record
TN:
SF:components/UserProfileModal.tsx
FN:13,(anonymous_0)
FN:31,(anonymous_1)
FN:71,(anonymous_2)
FN:75,(anonymous_3)
FN:84,(anonymous_4)
FN:136,(anonymous_5)
FNF:6
FNH:1
FNDA:25,(anonymous_0)
FNDA:0,(anonymous_1)
FNDA:0,(anonymous_2)
FNDA:0,(anonymous_3)
FNDA:0,(anonymous_4)
FNDA:0,(anonymous_5)
DA:1,1
DA:2,1
DA:4,1
DA:5,1
DA:13,1
DA:14,25
DA:15,25
DA:16,25
DA:18,25
DA:21,0
DA:22,0
DA:25,0
DA:31,0
DA:32,0
DA:33,0
DA:34,0
DA:35,0
DA:37,0
DA:39,0
DA:41,0
DA:45,0
DA:71,0
DA:76,0
DA:84,0
DA:137,0
LF:25
LH:9
BRDA:15,0,0,25
BRDA:15,0,1,25
BRDA:18,1,0,25
BRDA:18,1,1,0
BRDA:18,2,0,25
BRDA:18,2,1,0
BRDA:59,3,0,0
BRDA:59,3,1,0
BRDA:67,4,0,0
BRDA:67,4,1,0
BRDA:84,5,0,0
BRDA:84,5,1,0
BRDA:86,6,0,0
BRDA:86,6,1,0
BRDA:113,7,0,0
BRDA:113,7,1,0
BRDA:139,8,0,0
BRDA:139,8,1,0
BRDA:143,9,0,0
BRDA:143,9,1,0
BRF:20
BRH:4
end_of_record
TN:
SF:components/dashboard/GameSection.tsx
FN:41,(anonymous_0)
FN:96,(anonymous_1)
FN:116,(anonymous_2)
FN:125,(anonymous_3)
FN:133,(anonymous_4)
FNF:5
FNH:0
FNDA:0,(anonymous_0)
FNDA:0,(anonymous_1)
FNDA:0,(anonymous_2)
FNDA:0,(anonymous_3)
FNDA:0,(anonymous_4)
DA:7,0
DA:9,0
DA:10,0
DA:11,0
DA:12,0
DA:13,0
DA:14,0
DA:41,0
DA:57,0
DA:58,0
DA:78,0
DA:96,0
DA:116,0
DA:125,0
DA:133,0
DA:141,0
LF:16
LH:0
BRDA:57,0,0,0
BRDA:57,0,1,0
BRDA:57,1,0,0
BRDA:57,1,1,0
BRDA:88,2,0,0
BRDA:88,2,1,0
BRDA:107,3,0,0
BRDA:107,3,1,0
BRDA:109,4,0,0
BRDA:109,4,1,0
BRF:10
BRH:0
end_of_record
TN:
SF:components/dashboard/RewardSection.tsx
FN:36,(anonymous_0)
FN:47,(anonymous_1)
FN:57,(anonymous_2)
FN:65,(anonymous_3)
FN:75,(anonymous_4)
FN:101,(anonymous_5)
FN:146,(anonymous_6)
FN:180,(anonymous_7)
FN:255,(anonymous_8)
FNF:9
FNH:0
FNDA:0,(anonymous_0)
FNDA:0,(anonymous_1)
FNDA:0,(anonymous_2)
FNDA:0,(anonymous_3)
FNDA:0,(anonymous_4)
FNDA:0,(anonymous_5)
FNDA:0,(anonymous_6)
FNDA:0,(anonymous_7)
FNDA:0,(anonymous_8)
DA:7,0
DA:8,0
DA:10,0
DA:11,0
DA:12,0
DA:13,0
DA:36,0
DA:37,0
DA:38,0
DA:39,0
DA:40,0
DA:41,0
DA:42,0
DA:43,0
DA:47,0
DA:57,0
DA:59,0
DA:65,0
DA:75,0
DA:102,0
DA:104,0
DA:146,0
DA:181,0
DA:184,0
DA:185,0
DA:187,0
DA:255,0
DA:266,0
LF:28
LH:0
BRDA:38,0,0,0
BRDA:38,0,1,0
BRDA:38,0,2,0
BRDA:38,0,3,0
BRDA:38,0,4,0
BRDA:67,1,0,0
BRDA:67,1,1,0
BRDA:77,2,0,0
BRDA:77,2,1,0
BRDA:95,3,0,0
BRDA:95,3,1,0
BRDA:97,4,0,0
BRDA:97,4,1,0
BRDA:99,5,0,0
BRDA:99,5,1,0
BRDA:108,6,0,0
BRDA:108,6,1,0
BRDA:112,7,0,0
BRDA:112,7,1,0
BRDA:122,8,0,0
BRDA:122,8,1,0
BRDA:127,9,0,0
BRDA:127,9,1,0
BRDA:142,10,0,0
BRDA:142,10,1,0
BRDA:143,11,0,0
BRDA:143,11,1,0
BRDA:148,12,0,0
BRDA:148,12,1,0
BRDA:151,13,0,0
BRDA:151,13,1,0
BRDA:174,14,0,0
BRDA:174,14,1,0
BRDA:176,15,0,0
BRDA:176,15,1,0
BRDA:178,16,0,0
BRDA:178,16,1,0
BRDA:191,17,0,0
BRDA:191,17,1,0
BRDA:191,18,0,0
BRDA:191,18,1,0
BRDA:193,19,0,0
BRDA:193,19,1,0
BRDA:193,20,0,0
BRDA:193,20,1,0
BRDA:197,21,0,0
BRDA:197,21,1,0
BRDA:197,22,0,0
BRDA:197,22,1,0
BRDA:205,23,0,0
BRDA:205,23,1,0
BRDA:212,24,0,0
BRDA:212,24,1,0
BRDA:212,24,2,0
BRF:54
BRH:0
end_of_record
TN:
SF:components/dashboard/StatusBar.tsx
FN:17,(anonymous_0)
FNF:1
FNH:0
FNDA:0,(anonymous_0)
DA:7,0
DA:9,0
DA:17,0
DA:22,0
DA:89,0
LF:5
LH:0
BRDA:32,0,0,0
BRDA:32,0,1,0
BRDA:68,1,0,0
BRDA:68,1,1,0
BRF:4
BRH:0
end_of_record
TN:
SF:contexts/AuthContext.tsx
FN:28,(anonymous_0)
FN:35,(anonymous_1)
FN:36,(anonymous_2)
FN:66,(anonymous_3)
FN:75,(anonymous_4)
FN:90,(anonymous_5)
FN:91,(anonymous_6)
FN:102,(anonymous_7)
FN:136,(anonymous_8)
FNF:9
FNH:3
FNDA:40,(anonymous_0)
FNDA:20,(anonymous_1)
FNDA:20,(anonymous_2)
FNDA:0,(anonymous_3)
FNDA:0,(anonymous_4)
FNDA:0,(anonymous_5)
FNDA:0,(anonymous_6)
FNDA:0,(anonymous_7)
FNDA:0,(anonymous_8)
DA:8,1
DA:10,1
DA:22,1
DA:28,1
DA:29,40
DA:30,40
DA:35,40
DA:36,20
DA:37,20
DA:38,20
DA:40,20
DA:42,0
DA:43,0
DA:44,0
DA:47,0
DA:48,0
DA:52,0
DA:53,0
DA:54,0
DA:56,20
DA:60,20
DA:66,40
DA:67,0
DA:68,0
DA:69,0
DA:75,40
DA:76,0
DA:77,0
DA:79,0
DA:81,0
DA:82,0
DA:83,0
DA:90,40
DA:91,0
DA:92,0
DA:93,0
DA:94,0
DA:95,0
DA:102,40
DA:103,0
DA:105,0
DA:106,0
DA:107,0
DA:108,0
DA:109,0
DA:112,0
DA:116,40
DA:126,40
DA:136,1
DA:137,0
DA:138,0
DA:139,0
DA:141,0
DA:144,1
LF:54
LH:21
BRDA:40,0,0,0
BRDA:40,0,1,20
BRDA:43,1,0,0
BRDA:43,1,1,0
BRDA:92,2,0,0
BRDA:92,2,1,0
BRDA:103,3,0,0
BRDA:103,3,1,0
BRDA:107,4,0,0
BRDA:107,4,1,0
BRDA:138,5,0,0
BRDA:138,5,1,0
BRF:12
BRH:1
end_of_record
TN:
SF:contexts/ToastContext.tsx
FN:36,(anonymous_0)
FN:59,(anonymous_1)
FN:62,(anonymous_2)
FN:66,(anonymous_3)
FN:70,(anonymous_4)
FN:78,(anonymous_5)
FN:79,(anonymous_6)
FN:79,(anonymous_7)
FN:83,(anonymous_8)
FN:84,(anonymous_9)
FN:85,(anonymous_10)
FN:86,(anonymous_11)
FN:96,(anonymous_12)
FN:110,(anonymous_13)
FN:126,(anonymous_14)
FNF:15
FNH:15
FNDA:11,(anonymous_0)
FNDA:44,(anonymous_1)
FNDA:11,(anonymous_2)
FNDA:11,(anonymous_3)
FNDA:2,(anonymous_4)
FNDA:3,(anonymous_5)
FNDA:3,(anonymous_6)
FNDA:3,(anonymous_7)
FNDA:4,(anonymous_8)
FNDA:3,(anonymous_9)
FNDA:2,(anonymous_10)
FNDA:2,(anonymous_11)
FNDA:11,(anonymous_12)
FNDA:1,(anonymous_13)
FNDA:27,(anonymous_14)
DA:10,2
DA:11,2
DA:12,2
DA:33,2
DA:36,2
DA:37,11
DA:39,4
DA:41,3
DA:43,2
DA:45,2
DA:47,0
DA:52,2
DA:59,2
DA:60,44
DA:62,44
DA:63,11
DA:64,11
DA:66,11
DA:69,11
DA:70,9
DA:71,2
DA:75,11
DA:78,44
DA:79,3
DA:82,44
DA:83,4
DA:84,3
DA:85,2
DA:86,2
DA:90,44
DA:97,11
DA:110,1
DA:126,2
DA:127,27
DA:128,26
DA:129,4
DA:131,22
DA:134,2
LF:38
LH:37
BRDA:37,0,0,4
BRDA:37,0,1,3
BRDA:37,0,2,2
BRDA:37,0,3,2
BRDA:37,0,4,0
BRDA:62,1,0,0
BRDA:69,2,0,9
BRDA:69,2,1,2
BRDA:69,3,0,11
BRDA:69,3,1,9
BRDA:83,4,0,4
BRDA:84,5,0,3
BRDA:85,6,0,2
BRDA:86,7,0,2
BRDA:128,8,0,4
BRDA:128,8,1,22
BRF:16
BRH:14
end_of_record
TN:
SF:hooks/useGames.ts
FN:38,useGames
FN:57,(anonymous_1)
FN:63,(anonymous_2)
FN:80,(anonymous_3)
FN:95,(anonymous_4)
FN:103,(anonymous_5)
FN:113,(anonymous_6)
FN:129,(anonymous_7)
FN:134,(anonymous_8)
FN:150,(anonymous_9)
FN:161,(anonymous_10)
FN:176,(anonymous_11)
FN:182,(anonymous_12)
FN:188,(anonymous_13)
FNF:14
FNH:12
FNDA:32,useGames
FNDA:14,(anonymous_1)
FNDA:4,(anonymous_2)
FNDA:14,(anonymous_3)
FNDA:1,(anonymous_4)
FNDA:1,(anonymous_5)
FNDA:1,(anonymous_6)
FNDA:1,(anonymous_7)
FNDA:0,(anonymous_8)
FNDA:1,(anonymous_9)
FNDA:2,(anonymous_10)
FNDA:13,(anonymous_11)
FNDA:0,(anonymous_12)
FNDA:13,(anonymous_13)
DA:8,1
DA:10,1
DA:38,1
DA:40,32
DA:41,32
DA:42,32
DA:45,32
DA:46,32
DA:47,32
DA:48,32
DA:49,32
DA:52,32
DA:57,32
DA:58,14
DA:59,14
DA:60,14
DA:63,13
DA:64,4
DA:67,12
DA:68,12
DA:70,2
DA:71,2
DA:73,14
DA:80,32
DA:82,14
DA:84,11
DA:85,11
DA:86,11
DA:88,0
DA:95,32
DA:96,1
DA:97,1
DA:103,32
DA:104,1
DA:105,1
DA:113,1
DA:116,1
DA:117,1
DA:118,1
DA:119,1
DA:121,0
DA:122,0
DA:129,32
DA:130,1
DA:131,1
DA:134,1
DA:135,1
DA:136,0
DA:137,0
DA:138,0
DA:139,0
DA:142,0
DA:143,0
DA:150,32
DA:151,1
DA:152,1
DA:153,1
DA:154,1
DA:155,1
DA:161,32
DA:167,2
DA:168,2
DA:169,2
DA:170,2
DA:176,32
DA:178,13
DA:179,13
DA:182,13
DA:183,0
DA:184,0
DA:188,13
DA:189,13
DA:190,13
DA:195,32
LF:74
LH:63
BRDA:64,0,0,4
BRDA:64,0,1,4
BRDA:82,1,0,3
BRDA:82,1,1,11
BRDA:109,2,0,1
BRDA:109,2,1,0
BRDA:109,2,2,0
BRDA:135,3,0,0
BRDA:135,3,1,1
BRDA:163,4,0,0
BRDA:165,5,0,0
BRDA:189,6,0,13
BRDA:189,6,1,0
BRF:13
BRH:7
end_of_record
TN:
SF:hooks/useRewards.ts
FN:40,useRewards
FN:57,(anonymous_1)
FN:74,(anonymous_2)
FN:80,(anonymous_3)
FN:98,(anonymous_4)
FN:128,(anonymous_5)
FN:135,(anonymous_6)
FN:139,(anonymous_7)
FN:146,(anonymous_8)
FNF:9
FNH:9
FNDA:27,useRewards
FNDA:9,(anonymous_1)
FNDA:10,(anonymous_2)
FNDA:1,(anonymous_3)
FNDA:3,(anonymous_4)
FNDA:3,(anonymous_5)
FNDA:1,(anonymous_6)
FNDA:1,(anonymous_7)
FNDA:8,(anonymous_8)
DA:8,1
DA:10,1
DA:40,1
DA:42,27
DA:43,27
DA:44,27
DA:47,27
DA:48,27
DA:49,27
DA:52,27
DA:57,27
DA:58,9
DA:59,9
DA:60,9
DA:61,9
DA:62,9
DA:64,0
DA:65,0
DA:67,9
DA:74,27
DA:75,10
DA:76,10
DA:77,10
DA:80,10
DA:85,10
DA:86,10
DA:88,0
DA:89,0
DA:91,10
DA:98,27
DA:100,3
DA:101,1
DA:104,2
DA:105,2
DA:107,1
DA:108,0
DA:112,1
DA:114,1
DA:120,1
DA:121,1
DA:128,27
DA:129,3
DA:135,27
DA:136,1
DA:139,27
DA:140,1
DA:146,27
DA:147,8
DA:148,8
DA:151,27
LF:50
LH:45
BRDA:100,0,0,1
BRDA:100,0,1,2
BRDA:107,1,0,0
BRDA:107,1,1,1
BRDA:108,2,0,0
BRDA:108,2,1,0
BRDA:117,3,0,1
BRDA:117,3,1,0
BRF:8
BRH:4
end_of_record
TN:
SF:lib/api.ts
FN:16,fetchAPI
FN:34,(anonymous_1)
FN:44,(anonymous_2)
FN:55,(anonymous_3)
FN:68,(anonymous_4)
FN:74,(anonymous_5)
FN:79,(anonymous_6)
FN:95,(anonymous_7)
FN:103,(anonymous_8)
FN:110,(anonymous_9)
FN:112,(anonymous_10)
FN:122,(anonymous_11)
FN:126,(anonymous_12)
FN:134,(anonymous_13)
FN:146,(anonymous_14)
FN:156,(anonymous_15)
FN:160,(anonymous_16)
FN:164,(anonymous_17)
FN:171,(anonymous_18)
FN:178,(anonymous_19)
FN:185,(anonymous_20)
FN:192,(anonymous_21)
FN:199,(anonymous_22)
FN:202,(anonymous_23)
FN:214,(anonymous_24)
FN:217,(anonymous_25)
FN:220,(anonymous_26)
FN:232,(anonymous_27)
FN:238,(anonymous_28)
FN:243,(anonymous_29)
FN:250,(anonymous_30)
FN:258,(anonymous_31)
FN:265,(anonymous_32)
FN:272,(anonymous_33)
FN:279,(anonymous_34)
FN:283,(anonymous_35)
FN:287,(anonymous_36)
FN:294,(anonymous_37)
FN:301,(anonymous_38)
FN:313,(anonymous_39)
FNF:40
FNH:5
FNDA:10,fetchAPI
FNDA:0,(anonymous_1)
FNDA:5,(anonymous_2)
FNDA:3,(anonymous_3)
FNDA:0,(anonymous_4)
FNDA:1,(anonymous_5)
FNDA:2,(anonymous_6)
FNDA:0,(anonymous_7)
FNDA:0,(anonymous_8)
FNDA:0,(anonymous_9)
FNDA:0,(anonymous_10)
FNDA:0,(anonymous_11)
FNDA:0,(anonymous_12)
FNDA:0,(anonymous_13)
FNDA:0,(anonymous_14)
FNDA:0,(anonymous_15)
FNDA:0,(anonymous_16)
FNDA:0,(anonymous_17)
FNDA:0,(anonymous_18)
FNDA:0,(anonymous_19)
FNDA:0,(anonymous_20)
FNDA:0,(anonymous_21)
FNDA:0,(anonymous_22)
FNDA:0,(anonymous_23)
FNDA:0,(anonymous_24)
FNDA:0,(anonymous_25)
FNDA:0,(anonymous_26)
FNDA:0,(anonymous_27)
FNDA:0,(anonymous_28)
FNDA:0,(anonymous_29)
FNDA:0,(anonymous_30)
FNDA:0,(anonymous_31)
FNDA:0,(anonymous_32)
FNDA:0,(anonymous_33)
FNDA:0,(anonymous_34)
FNDA:0,(anonymous_35)
FNDA:0,(anonymous_36)
FNDA:0,(anonymous_37)
FNDA:0,(anonymous_38)
FNDA:0,(anonymous_39)
DA:7,2
DA:17,10
DA:19,10
DA:24,10
DA:25,2
DA:28,10
DA:33,10
DA:34,1
DA:35,1
DA:38,9
DA:41,2
DA:45,5
DA:49,4
DA:50,3
DA:52,4
DA:56,3
DA:61,3
DA:62,2
DA:63,2
DA:65,1
DA:70,0
DA:71,0
DA:75,1
DA:76,1
DA:80,2
DA:81,2
DA:83,2
DA:84,2
DA:85,2
DA:87,0
DA:88,0
DA:96,0
DA:97,0
DA:99,0
DA:104,0
DA:111,0
DA:112,0
DA:113,0
DA:116,0
DA:123,0
DA:127,0
DA:128,0
DA:130,0
DA:136,0
DA:147,0
DA:157,0
DA:161,0
DA:165,0
DA:172,0
DA:179,0
DA:186,0
DA:193,0
DA:202,0
DA:203,0
DA:204,0
DA:205,0
DA:207,0
DA:211,0
DA:212,0
DA:214,0
DA:220,0
DA:221,0
DA:222,0
DA:223,0
DA:225,0
DA:229,0
DA:230,0
DA:232,0
DA:239,0
DA:240,0
DA:244,0
DA:251,0
DA:259,0
DA:266,0
DA:273,0
DA:280,0
DA:284,0
DA:288,0
DA:295,0
DA:302,0
DA:314,0
LF:81
LH:27
BRDA:16,0,0,2
BRDA:24,1,0,2
BRDA:24,1,1,8
BRDA:33,2,0,1
BRDA:33,2,1,9
BRDA:35,3,0,1
BRDA:35,3,1,0
BRDA:49,4,0,3
BRDA:49,4,1,1
BRDA:52,5,0,4
BRDA:52,5,1,0
BRDA:61,6,0,2
BRDA:61,6,1,1
BRDA:81,7,0,0
BRDA:81,7,1,2
BRDA:113,8,0,0
BRDA:113,8,1,0
BRDA:113,8,2,0
BRDA:113,8,3,0
BRDA:113,8,4,0
BRDA:116,9,0,0
BRDA:116,9,1,0
BRDA:239,10,0,0
BRDA:239,10,1,0
BRF:24
BRH:12
end_of_record
TN:
SF:lib/socket.ts
FN:6,(anonymous_0)
FN:9,(anonymous_1)
FN:18,(anonymous_2)
FN:22,(anonymous_3)
FN:27,(anonymous_4)
FN:34,(anonymous_5)
FN:41,(anonymous_6)
FN:45,(anonymous_7)
FNF:8
FNH:0
FNDA:0,(anonymous_0)
FNDA:0,(anonymous_1)
FNDA:0,(anonymous_2)
FNDA:0,(anonymous_3)
FNDA:0,(anonymous_4)
FNDA:0,(anonymous_5)
FNDA:0,(anonymous_6)
FNDA:0,(anonymous_7)
DA:2,0
DA:4,0
DA:7,0
DA:10,0
DA:12,0
DA:18,0
DA:19,0
DA:22,0
DA:23,0
DA:28,0
DA:29,0
DA:30,0
DA:35,0
DA:36,0
DA:38,0
DA:42,0
DA:46,0
DA:50,0
LF:18
LH:0
BRDA:4,0,0,0
BRDA:4,0,1,0
BRDA:10,1,0,0
BRDA:10,1,1,0
BRDA:28,2,0,0
BRDA:28,2,1,0
BRDA:35,3,0,0
BRDA:35,3,1,0
BRF:8
BRH:0
end_of_record
